[2022-07-20 21:36:18.404 +07:00  INF]  User profile is available. Using 'C:\Users\quach\AppData\Local\ASP.NET\DataProtection-Keys' as key repository and Windows DPAPI to encrypt keys at rest.
[2022-07-20 21:36:18.726 +07:00  INF]  Now listening on: https://localhost:7019
[2022-07-20 21:36:18.726 +07:00  INF]  Now listening on: http://localhost:5019
[2022-07-20 21:36:18.729 +07:00  INF]  Application started. Press Ctrl+C to shut down.
[2022-07-20 21:36:18.729 +07:00  INF]  Hosting environment: Development
[2022-07-20 21:36:18.729 +07:00  INF]  Content root path: D:\DotNet_Study\projects\MaaS\API\
[2022-07-20 21:36:19.962 +07:00  INF]  Request starting HTTP/2 GET https://localhost:7019/swagger/index.html - -
[2022-07-20 21:36:20.342 +07:00  INF]  Request starting HTTP/2 GET https://localhost:7019/_framework/aspnetcore-browser-refresh.js - -
[2022-07-20 21:36:20.343 +07:00  INF]  Request finished HTTP/2 GET https://localhost:7019/swagger/index.html - - - 200 - text/html;charset=utf-8 385.2031ms
[2022-07-20 21:36:20.348 +07:00  INF]  Request finished HTTP/2 GET https://localhost:7019/_framework/aspnetcore-browser-refresh.js - - - 200 11964 application/javascript;+charset=utf-8 6.9507ms
[2022-07-20 21:36:20.636 +07:00  INF]  Request starting HTTP/2 GET https://localhost:7019/swagger/v1/swagger.json - -
[2022-07-20 21:36:20.774 +07:00  INF]  Request finished HTTP/2 GET https://localhost:7019/swagger/v1/swagger.json - - - 200 - application/json;charset=utf-8 138.6554ms
[2022-07-20 21:41:52.485 +07:00  INF]  Request starting HTTP/2 POST https://localhost:7019/api/drivers/login-by-email application/json 1195
[2022-07-20 21:41:52.497 +07:00  INF]  CORS policy execution successful.
[2022-07-20 21:41:52.577 +07:00  INF]  Executing endpoint 'API.Controllers.Admin.DriversController.LoginByEmail (API)'
[2022-07-20 21:41:52.602 +07:00  INF]  Route matched with {action = "LoginByEmail", controller = "Drivers"}. Executing controller action with signature System.Threading.Tasks.Task`1[Microsoft.AspNetCore.Mvc.IActionResult] LoginByEmail(API.Models.Requests.LoginByEmailRequest) on controller API.Controllers.Admin.DriversController (API).
[2022-07-20 21:41:55.049 +07:00  INF]  Entity Framework Core 6.0.6 initialized 'AppDbContext' using provider 'Npgsql.EntityFrameworkCore.PostgreSQL:6.0.5+9d79af6e2586d5d28da253ac075706a5575a1743' with options: MaxPoolSize=1024 
[2022-07-20 21:41:55.954 +07:00  INF]  Executed DbCommand (83ms) [Parameters=[@__roleName_1='?', @__email_0='?'], CommandType='"Text"', CommandTimeout='30']
SELECT a.id, a.created_at, a.created_by, a.deleted_at, a.registration, a.registration_type, a.role_id, a.updated_at, a.updated_by, a.user_id, a.verified, u.id, u.code, u.created_at, u.created_by, u.date_of_birth, u.deleted_at, u.gender, u.name, u.status, u.updated_at, u.updated_by, r0.id, r0.created_at, r0.created_by, r0.deleted_at, r0.description, r0.name, r0.updated_at, r0.updated_by
FROM accounts AS a
INNER JOIN (
    SELECT r.id
    FROM roles AS r
    WHERE r.name = @__roleName_1
) AS t ON a.role_id = t.id
INNER JOIN users AS u ON a.user_id = u.id
LEFT JOIN roles AS r0 ON a.role_id = r0.id
WHERE (a.registration = @__email_0) AND (a.registration_type = 0)
LIMIT 1
[2022-07-20 21:41:56.206 +07:00  INF]  Executed action API.Controllers.Admin.DriversController.LoginByEmail (API) in 3598.6868ms
[2022-07-20 21:41:56.208 +07:00  INF]  Executed endpoint 'API.Controllers.Admin.DriversController.LoginByEmail (API)'
[2022-07-20 21:41:56.211 +07:00  ERR]  An unhandled exception has occurred while executing the request.
System.ArgumentNullException: Value cannot be null. (Parameter 'value')
   at System.Security.Claims.Claim..ctor(String type, String value, String valueType, String issuer, String originalIssuer, ClaimsIdentity subject, String propertyKey, String propertyValue)
   at System.Security.Claims.Claim..ctor(String type, String value)
   at API.JwtFeatures.JwtHandler.GetClaims(UserViewModel user) in D:\DotNet_Study\projects\MaaS\API\JwtFeatures\JwtHandler.cs:line 28
   at API.JwtFeatures.JwtHandler.GenerateToken(UserViewModel user) in D:\DotNet_Study\projects\MaaS\API\JwtFeatures\JwtHandler.cs:line 57
   at API.Controllers.Admin.DriversController.LoginByEmail(LoginByEmailRequest request) in D:\DotNet_Study\projects\MaaS\API\Controllers\Admin\DriversController.cs:line 57
   at Microsoft.AspNetCore.Mvc.Infrastructure.ActionMethodExecutor.TaskOfIActionResultExecutor.Execute(IActionResultTypeMapper mapper, ObjectMethodExecutor executor, Object controller, Object[] arguments)
   at Microsoft.AspNetCore.Mvc.Infrastructure.ControllerActionInvoker.<InvokeActionMethodAsync>g__Awaited|12_0(ControllerActionInvoker invoker, ValueTask`1 actionResultValueTask)
   at Microsoft.AspNetCore.Mvc.Infrastructure.ControllerActionInvoker.<InvokeNextActionFilterAsync>g__Awaited|10_0(ControllerActionInvoker invoker, Task lastTask, State next, Scope scope, Object state, Boolean isCompleted)
   at Microsoft.AspNetCore.Mvc.Infrastructure.ControllerActionInvoker.Rethrow(ActionExecutedContextSealed context)
   at Microsoft.AspNetCore.Mvc.Infrastructure.ControllerActionInvoker.Next(State& next, Scope& scope, Object& state, Boolean& isCompleted)
   at Microsoft.AspNetCore.Mvc.Infrastructure.ControllerActionInvoker.<InvokeInnerFilterAsync>g__Awaited|13_0(ControllerActionInvoker invoker, Task lastTask, State next, Scope scope, Object state, Boolean isCompleted)
   at Microsoft.AspNetCore.Mvc.Infrastructure.ResourceInvoker.<InvokeFilterPipelineAsync>g__Awaited|20_0(ResourceInvoker invoker, Task lastTask, State next, Scope scope, Object state, Boolean isCompleted)
   at Microsoft.AspNetCore.Mvc.Infrastructure.ResourceInvoker.<InvokeAsync>g__Logged|17_1(ResourceInvoker invoker)
   at Microsoft.AspNetCore.Mvc.Infrastructure.ResourceInvoker.<InvokeAsync>g__Logged|17_1(ResourceInvoker invoker)
   at Microsoft.AspNetCore.Routing.EndpointMiddleware.<Invoke>g__AwaitRequestTask|6_0(Endpoint endpoint, Task requestTask, ILogger logger)
   at Microsoft.AspNetCore.Authorization.AuthorizationMiddleware.Invoke(HttpContext context)
   at Microsoft.AspNetCore.Authentication.AuthenticationMiddleware.Invoke(HttpContext context)
   at Swashbuckle.AspNetCore.SwaggerUI.SwaggerUIMiddleware.Invoke(HttpContext httpContext)
   at Swashbuckle.AspNetCore.Swagger.SwaggerMiddleware.Invoke(HttpContext httpContext, ISwaggerProvider swaggerProvider)
   at Microsoft.AspNetCore.Diagnostics.DeveloperExceptionPageMiddleware.Invoke(HttpContext context)
[2022-07-20 21:41:56.282 +07:00  INF]  Request finished HTTP/2 POST https://localhost:7019/api/drivers/login-by-email application/json 1195 - 500 - text/plain;+charset=utf-8 3797.2507ms
