[2022-08-14 21:41:03.086 +07:00  INF]  User profile is available. Using 'C:\Users\Win\AppData\Local\ASP.NET\DataProtection-Keys' as key repository and Windows DPAPI to encrypt keys at rest.
[2022-08-14 21:41:03.745 +07:00  INF]  Now listening on: https://localhost:7019
[2022-08-14 21:41:03.745 +07:00  INF]  Now listening on: http://localhost:5019
[2022-08-14 21:41:03.750 +07:00  INF]  Application started. Press Ctrl+C to shut down.
[2022-08-14 21:41:03.750 +07:00  INF]  Hosting environment: Development
[2022-08-14 21:41:03.750 +07:00  INF]  Content root path: G:\.NET Core\ViGoAPI\ViGoAPI\API\
[2022-08-14 21:41:05.029 +07:00  INF]  Request starting HTTP/2 GET https://localhost:7019/swagger/index.html - -
[2022-08-14 21:41:05.564 +07:00  INF]  Request starting HTTP/2 GET https://localhost:7019/_framework/aspnetcore-browser-refresh.js - -
[2022-08-14 21:41:05.574 +07:00  INF]  Request finished HTTP/2 GET https://localhost:7019/swagger/index.html - - - 200 - text/html;charset=utf-8 550.2120ms
[2022-08-14 21:41:05.574 +07:00  INF]  Request finished HTTP/2 GET https://localhost:7019/_framework/aspnetcore-browser-refresh.js - - - 200 11976 application/javascript;+charset=utf-8 8.2671ms
[2022-08-14 21:41:05.583 +07:00  INF]  Request starting HTTP/2 GET https://localhost:7019/_vs/browserLink - -
[2022-08-14 21:41:05.679 +07:00  INF]  Request finished HTTP/2 GET https://localhost:7019/_vs/browserLink - - - 200 - text/javascript;+charset=UTF-8 95.9022ms
[2022-08-14 21:41:05.787 +07:00  INF]  Request starting HTTP/2 GET https://localhost:7019/swagger/v1/swagger.json - -
[2022-08-14 21:41:05.961 +07:00  INF]  Request finished HTTP/2 GET https://localhost:7019/swagger/v1/swagger.json - - - 200 - application/json;charset=utf-8 173.2944ms
[2022-08-14 21:43:04.401 +07:00  INF]  User profile is available. Using 'C:\Users\Win\AppData\Local\ASP.NET\DataProtection-Keys' as key repository and Windows DPAPI to encrypt keys at rest.
[2022-08-14 21:43:04.656 +07:00  INF]  Initialized Scheduler Signaller of type: Quartz.Core.SchedulerSignalerImpl
[2022-08-14 21:43:04.656 +07:00  INF]  Quartz Scheduler created
[2022-08-14 21:43:04.657 +07:00  INF]  JobFactory set to: Quartz.Simpl.MicrosoftDependencyInjectionJobFactory
[2022-08-14 21:43:04.657 +07:00  INF]  RAMJobStore initialized.
[2022-08-14 21:43:04.661 +07:00  INF]  Scheduler meta-data: Quartz Scheduler (v3.4.0.0) 'QuartzScheduler' with instanceId 'NON_CLUSTERED'
  Scheduler class: 'Quartz.Core.QuartzScheduler' - running locally.
  NOT STARTED.
  Currently in standby mode.
  Number of jobs executed: 0
  Using thread pool 'Quartz.Simpl.DefaultThreadPool' - with 10 threads.
  Using job-store 'Quartz.Simpl.RAMJobStore' - which does not support persistence. and is not clustered.

[2022-08-14 21:43:04.661 +07:00  INF]  Quartz scheduler 'QuartzScheduler' initialized
[2022-08-14 21:43:04.661 +07:00  INF]  Quartz scheduler version: 3.4.0.0
[2022-08-14 21:43:04.907 +07:00  INF]  Now listening on: https://localhost:7019
[2022-08-14 21:43:04.907 +07:00  INF]  Now listening on: http://localhost:5019
[2022-08-14 21:43:04.908 +07:00  INF]  Application started. Press Ctrl+C to shut down.
[2022-08-14 21:43:04.908 +07:00  INF]  Hosting environment: Development
[2022-08-14 21:43:04.908 +07:00  INF]  Content root path: G:\.NET Core\ViGoAPI\ViGoAPI\API\
[2022-08-14 21:43:04.925 +07:00  INF]  Scheduler QuartzScheduler_$_NON_CLUSTERED started.
[2022-08-14 21:43:05.629 +07:00  INF]  Request starting HTTP/2 GET https://localhost:7019/swagger/index.html - -
[2022-08-14 21:43:06.014 +07:00  INF]  Request starting HTTP/2 GET https://localhost:7019/_framework/aspnetcore-browser-refresh.js - -
[2022-08-14 21:43:06.025 +07:00  INF]  Request finished HTTP/2 GET https://localhost:7019/_framework/aspnetcore-browser-refresh.js - - - 200 11976 application/javascript;+charset=utf-8 8.6503ms
[2022-08-14 21:43:06.025 +07:00  INF]  Request finished HTTP/2 GET https://localhost:7019/swagger/index.html - - - 200 - text/html;charset=utf-8 404.9065ms
[2022-08-14 21:43:06.038 +07:00  INF]  Request starting HTTP/2 GET https://localhost:7019/_vs/browserLink - -
[2022-08-14 21:43:06.066 +07:00  INF]  Request finished HTTP/2 GET https://localhost:7019/_vs/browserLink - - - 200 - text/javascript;+charset=UTF-8 28.0934ms
[2022-08-14 21:43:06.234 +07:00  INF]  Request starting HTTP/2 GET https://localhost:7019/swagger/v1/swagger.json - -
[2022-08-14 21:43:06.459 +07:00  INF]  Request finished HTTP/2 GET https://localhost:7019/swagger/v1/swagger.json - - - 200 - application/json;charset=utf-8 224.9997ms
[2022-08-14 22:40:18.847 +07:00  INF]  User profile is available. Using 'C:\Users\Win\AppData\Local\ASP.NET\DataProtection-Keys' as key repository and Windows DPAPI to encrypt keys at rest.
[2022-08-14 22:40:19.104 +07:00  INF]  Now listening on: https://localhost:7019
[2022-08-14 22:40:19.104 +07:00  INF]  Now listening on: http://localhost:5019
[2022-08-14 22:40:19.107 +07:00  INF]  Application started. Press Ctrl+C to shut down.
[2022-08-14 22:40:19.107 +07:00  INF]  Hosting environment: Development
[2022-08-14 22:40:19.107 +07:00  INF]  Content root path: G:\.NET Core\ViGoAPI\ViGoAPI\API\
[2022-08-14 22:40:19.729 +07:00  INF]  Request starting HTTP/2 GET https://localhost:7019/swagger/index.html - -
[2022-08-14 22:40:20.039 +07:00  INF]  Request starting HTTP/2 GET https://localhost:7019/_framework/aspnetcore-browser-refresh.js - -
[2022-08-14 22:40:20.047 +07:00  INF]  Request finished HTTP/2 GET https://localhost:7019/_framework/aspnetcore-browser-refresh.js - - - 200 11976 application/javascript;+charset=utf-8 6.3241ms
[2022-08-14 22:40:20.047 +07:00  INF]  Request finished HTTP/2 GET https://localhost:7019/swagger/index.html - - - 200 - text/html;charset=utf-8 323.2129ms
[2022-08-14 22:40:20.063 +07:00  INF]  Request starting HTTP/2 GET https://localhost:7019/_vs/browserLink - -
[2022-08-14 22:40:20.095 +07:00  INF]  Request finished HTTP/2 GET https://localhost:7019/_vs/browserLink - - - 200 - text/javascript;+charset=UTF-8 31.8047ms
[2022-08-14 22:40:20.192 +07:00  INF]  Request starting HTTP/2 GET https://localhost:7019/swagger/v1/swagger.json - -
[2022-08-14 22:40:20.355 +07:00  INF]  Request finished HTTP/2 GET https://localhost:7019/swagger/v1/swagger.json - - - 200 - application/json;charset=utf-8 163.1883ms
[2022-08-14 22:40:26.917 +07:00  INF]  Request starting HTTP/2 GET https://localhost:7019/api/job/start - -
[2022-08-14 22:40:27.639 +07:00  INF]  Executing endpoint 'API.Controllers.Common.CommonController.StartJob (API)'
[2022-08-14 22:40:27.664 +07:00  INF]  Route matched with {action = "StartJob", controller = "Common"}. Executing controller action with signature System.Threading.Tasks.Task`1[Microsoft.AspNetCore.Mvc.IActionResult] StartJob() on controller API.Controllers.Common.CommonController (API).
[2022-08-14 22:40:28.303 +07:00  INF]  Executing StatusCodeResult, setting HTTP status code 200
[2022-08-14 22:40:28.312 +07:00  INF]  Executed action API.Controllers.Common.CommonController.StartJob (API) in 640.5196ms
[2022-08-14 22:40:28.313 +07:00  INF]  Executed endpoint 'API.Controllers.Common.CommonController.StartJob (API)'
[2022-08-14 22:40:28.313 +07:00  INF]  Request finished HTTP/2 GET https://localhost:7019/api/job/start - - - 200 0 - 1396.2331ms
[2022-08-14 22:43:55.459 +07:00  INF]  User profile is available. Using 'C:\Users\Win\AppData\Local\ASP.NET\DataProtection-Keys' as key repository and Windows DPAPI to encrypt keys at rest.
[2022-08-14 22:43:55.807 +07:00  INF]  Now listening on: https://localhost:7019
[2022-08-14 22:43:55.807 +07:00  INF]  Now listening on: http://localhost:5019
[2022-08-14 22:43:55.810 +07:00  INF]  Application started. Press Ctrl+C to shut down.
[2022-08-14 22:43:55.810 +07:00  INF]  Hosting environment: Development
[2022-08-14 22:43:55.810 +07:00  INF]  Content root path: G:\.NET Core\ViGoAPI\ViGoAPI\API\
[2022-08-14 22:43:56.590 +07:00  INF]  Request starting HTTP/2 GET https://localhost:7019/swagger/index.html - -
[2022-08-14 22:43:56.902 +07:00  INF]  Request starting HTTP/2 GET https://localhost:7019/_framework/aspnetcore-browser-refresh.js - -
[2022-08-14 22:43:56.910 +07:00  INF]  Request finished HTTP/2 GET https://localhost:7019/swagger/index.html - - - 200 - text/html;charset=utf-8 324.5437ms
[2022-08-14 22:43:56.910 +07:00  INF]  Request finished HTTP/2 GET https://localhost:7019/_framework/aspnetcore-browser-refresh.js - - - 200 11976 application/javascript;+charset=utf-8 7.1310ms
[2022-08-14 22:43:56.925 +07:00  INF]  Request starting HTTP/2 GET https://localhost:7019/_vs/browserLink - -
[2022-08-14 22:43:56.950 +07:00  INF]  Request finished HTTP/2 GET https://localhost:7019/_vs/browserLink - - - 200 - text/javascript;+charset=UTF-8 25.1143ms
[2022-08-14 22:43:57.050 +07:00  INF]  Request starting HTTP/2 GET https://localhost:7019/swagger/v1/swagger.json - -
[2022-08-14 22:43:57.211 +07:00  INF]  Request finished HTTP/2 GET https://localhost:7019/swagger/v1/swagger.json - - - 200 - application/json;charset=utf-8 161.5949ms
[2022-08-14 22:44:02.302 +07:00  INF]  Request starting HTTP/2 GET https://localhost:7019/api/job/start - -
[2022-08-14 22:44:02.392 +07:00  INF]  Executing endpoint 'API.Controllers.Common.CommonController.StartJob (API)'
[2022-08-14 22:44:02.404 +07:00  INF]  Route matched with {action = "StartJob", controller = "Common"}. Executing controller action with signature System.Threading.Tasks.Task`1[Microsoft.AspNetCore.Mvc.IActionResult] StartJob() on controller API.Controllers.Common.CommonController (API).
[2022-08-14 22:44:02.843 +07:00  INF]  Executing StatusCodeResult, setting HTTP status code 200
[2022-08-14 22:44:02.850 +07:00  INF]  Executed action API.Controllers.Common.CommonController.StartJob (API) in 440.3362ms
[2022-08-14 22:44:02.852 +07:00  INF]  Executed endpoint 'API.Controllers.Common.CommonController.StartJob (API)'
[2022-08-14 22:44:02.852 +07:00  INF]  Request finished HTTP/2 GET https://localhost:7019/api/job/start - - - 200 0 - 550.0116ms
