[2022-07-06 00:51:42.441 +07:00  INF]  Entity Framework Core 6.0.6 initialized 'AppDbContext' using provider 'Npgsql.EntityFrameworkCore.PostgreSQL:6.0.5+9d79af6e2586d5d28da253ac075706a5575a1743' with options: MaxPoolSize=1024 
[2022-07-06 00:51:54.851 +07:00  INF]  Entity Framework Core 6.0.6 initialized 'AppDbContext' using provider 'Npgsql.EntityFrameworkCore.PostgreSQL:6.0.5+9d79af6e2586d5d28da253ac075706a5575a1743' with options: MaxPoolSize=1024 
[2022-07-06 00:51:55.204 +07:00  INF]  Executed DbCommand (60ms) [Parameters=[], CommandType='"Text"', CommandTimeout='30']
SELECT EXISTS (SELECT 1 FROM pg_catalog.pg_class c JOIN pg_catalog.pg_namespace n ON n.oid=c.relnamespace WHERE c.relname='__EFMigrationsHistory');
[2022-07-06 00:51:55.225 +07:00  INF]  Executed DbCommand (3ms) [Parameters=[], CommandType='"Text"', CommandTimeout='30']
SELECT EXISTS (SELECT 1 FROM pg_catalog.pg_class c JOIN pg_catalog.pg_namespace n ON n.oid=c.relnamespace WHERE c.relname='__EFMigrationsHistory');
[2022-07-06 00:51:55.239 +07:00  INF]  Executed DbCommand (5ms) [Parameters=[], CommandType='"Text"', CommandTimeout='30']
SELECT "MigrationId", "ProductVersion"
FROM "__EFMigrationsHistory"
ORDER BY "MigrationId";
[2022-07-06 00:51:55.255 +07:00  INF]  Applying migration '20220705175142_AddVerifiedCodeTable'.
[2022-07-06 00:51:55.336 +07:00  INF]  Executed DbCommand (42ms) [Parameters=[], CommandType='"Text"', CommandTimeout='30']
CREATE TABLE "VerifiedCodes" (
    "Id" integer GENERATED BY DEFAULT AS IDENTITY,
    "Receiver" text NULL,
    "Code" text NULL,
    "Type" integer NOT NULL,
    "Channel" integer NOT NULL,
    "Verified" boolean NOT NULL,
    "CreatedAt" timestamp with time zone NOT NULL,
    "UpdatedAt" timestamp with time zone NOT NULL,
    "CreatedBy" integer NOT NULL,
    "UpdatedBy" integer NOT NULL,
    "IsDeleted" boolean NOT NULL,
    CONSTRAINT "PK_VerifiedCodes" PRIMARY KEY ("Id")
);
[2022-07-06 00:51:55.338 +07:00  INF]  Executed DbCommand (2ms) [Parameters=[], CommandType='"Text"', CommandTimeout='30']
INSERT INTO "__EFMigrationsHistory" ("MigrationId", "ProductVersion")
VALUES ('20220705175142_AddVerifiedCodeTable', '6.0.6');
[2022-07-06 00:54:48.458 +07:00  INF]  Entity Framework Core 6.0.6 initialized 'AppDbContext' using provider 'Npgsql.EntityFrameworkCore.PostgreSQL:6.0.5+9d79af6e2586d5d28da253ac075706a5575a1743' with options: MaxPoolSize=1024 
[2022-07-06 00:54:58.834 +07:00  INF]  Entity Framework Core 6.0.6 initialized 'AppDbContext' using provider 'Npgsql.EntityFrameworkCore.PostgreSQL:6.0.5+9d79af6e2586d5d28da253ac075706a5575a1743' with options: MaxPoolSize=1024 
[2022-07-06 00:54:59.100 +07:00  INF]  Executed DbCommand (57ms) [Parameters=[], CommandType='"Text"', CommandTimeout='30']
SELECT EXISTS (SELECT 1 FROM pg_catalog.pg_class c JOIN pg_catalog.pg_namespace n ON n.oid=c.relnamespace WHERE c.relname='__EFMigrationsHistory');
[2022-07-06 00:54:59.118 +07:00  INF]  Executed DbCommand (1ms) [Parameters=[], CommandType='"Text"', CommandTimeout='30']
SELECT EXISTS (SELECT 1 FROM pg_catalog.pg_class c JOIN pg_catalog.pg_namespace n ON n.oid=c.relnamespace WHERE c.relname='__EFMigrationsHistory');
[2022-07-06 00:54:59.131 +07:00  INF]  Executed DbCommand (5ms) [Parameters=[], CommandType='"Text"', CommandTimeout='30']
SELECT "MigrationId", "ProductVersion"
FROM "__EFMigrationsHistory"
ORDER BY "MigrationId";
[2022-07-06 00:54:59.147 +07:00  INF]  Applying migration '20220705175448_ChangeNameVerifiedCodeTable'.
[2022-07-06 00:54:59.188 +07:00  INF]  Executed DbCommand (9ms) [Parameters=[], CommandType='"Text"', CommandTimeout='30']
ALTER TABLE "VerifiedCodes" DROP CONSTRAINT "PK_VerifiedCodes";
[2022-07-06 00:54:59.190 +07:00  INF]  Executed DbCommand (2ms) [Parameters=[], CommandType='"Text"', CommandTimeout='30']
ALTER TABLE "VerifiedCodes" RENAME TO verified_codes;
[2022-07-06 00:54:59.192 +07:00  INF]  Executed DbCommand (2ms) [Parameters=[], CommandType='"Text"', CommandTimeout='30']
ALTER TABLE verified_codes RENAME COLUMN "Verified" TO verified;
[2022-07-06 00:54:59.194 +07:00  INF]  Executed DbCommand (1ms) [Parameters=[], CommandType='"Text"', CommandTimeout='30']
ALTER TABLE verified_codes RENAME COLUMN "Type" TO type;
[2022-07-06 00:54:59.195 +07:00  INF]  Executed DbCommand (1ms) [Parameters=[], CommandType='"Text"', CommandTimeout='30']
ALTER TABLE verified_codes RENAME COLUMN "Receiver" TO receiver;
[2022-07-06 00:54:59.196 +07:00  INF]  Executed DbCommand (1ms) [Parameters=[], CommandType='"Text"', CommandTimeout='30']
ALTER TABLE verified_codes RENAME COLUMN "Code" TO code;
[2022-07-06 00:54:59.197 +07:00  INF]  Executed DbCommand (1ms) [Parameters=[], CommandType='"Text"', CommandTimeout='30']
ALTER TABLE verified_codes RENAME COLUMN "Channel" TO channel;
[2022-07-06 00:54:59.197 +07:00  INF]  Executed DbCommand (1ms) [Parameters=[], CommandType='"Text"', CommandTimeout='30']
ALTER TABLE verified_codes RENAME COLUMN "UpdatedBy" TO updated_by;
[2022-07-06 00:54:59.198 +07:00  INF]  Executed DbCommand (1ms) [Parameters=[], CommandType='"Text"', CommandTimeout='30']
ALTER TABLE verified_codes RENAME COLUMN "UpdatedAt" TO updated_at;
[2022-07-06 00:54:59.199 +07:00  INF]  Executed DbCommand (1ms) [Parameters=[], CommandType='"Text"', CommandTimeout='30']
ALTER TABLE verified_codes RENAME COLUMN "IsDeleted" TO is_deleted;
[2022-07-06 00:54:59.200 +07:00  INF]  Executed DbCommand (1ms) [Parameters=[], CommandType='"Text"', CommandTimeout='30']
ALTER TABLE verified_codes RENAME COLUMN "CreatedBy" TO created_by;
[2022-07-06 00:54:59.200 +07:00  INF]  Executed DbCommand (1ms) [Parameters=[], CommandType='"Text"', CommandTimeout='30']
ALTER TABLE verified_codes RENAME COLUMN "CreatedAt" TO created_at;
[2022-07-06 00:54:59.213 +07:00  INF]  Executed DbCommand (12ms) [Parameters=[], CommandType='"Text"', CommandTimeout='30']
ALTER TABLE verified_codes ALTER COLUMN receiver TYPE character varying(50);
ALTER TABLE verified_codes ALTER COLUMN receiver SET NOT NULL;
ALTER TABLE verified_codes ALTER COLUMN receiver SET DEFAULT '';
[2022-07-06 00:54:59.216 +07:00  INF]  Executed DbCommand (3ms) [Parameters=[], CommandType='"Text"', CommandTimeout='30']
ALTER TABLE verified_codes ALTER COLUMN code TYPE character varying(10);
ALTER TABLE verified_codes ALTER COLUMN code SET NOT NULL;
ALTER TABLE verified_codes ALTER COLUMN code SET DEFAULT '';
[2022-07-06 00:54:59.221 +07:00  INF]  Executed DbCommand (5ms) [Parameters=[], CommandType='"Text"', CommandTimeout='30']
ALTER TABLE verified_codes ADD CONSTRAINT "PK_verified_codes" PRIMARY KEY ("Id");
[2022-07-06 00:54:59.222 +07:00  INF]  Executed DbCommand (1ms) [Parameters=[], CommandType='"Text"', CommandTimeout='30']
INSERT INTO "__EFMigrationsHistory" ("MigrationId", "ProductVersion")
VALUES ('20220705175448_ChangeNameVerifiedCodeTable', '6.0.6');
