[2022-07-21 13:44:04.984 +07:00  INF]  User profile is available. Using 'C:\Users\quach\AppData\Local\ASP.NET\DataProtection-Keys' as key repository and Windows DPAPI to encrypt keys at rest.
[2022-07-21 13:44:05.308 +07:00  INF]  Now listening on: https://localhost:7019
[2022-07-21 13:44:05.308 +07:00  INF]  Now listening on: http://localhost:5019
[2022-07-21 13:44:05.311 +07:00  INF]  Application started. Press Ctrl+C to shut down.
[2022-07-21 13:44:05.311 +07:00  INF]  Hosting environment: Development
[2022-07-21 13:44:05.311 +07:00  INF]  Content root path: D:\DotNet_Study\projects\MaaS\API\
[2022-07-21 13:44:06.413 +07:00  INF]  Request starting HTTP/2 GET https://localhost:7019/swagger/index.html - -
[2022-07-21 13:44:06.785 +07:00  INF]  Request starting HTTP/2 GET https://localhost:7019/_framework/aspnetcore-browser-refresh.js - -
[2022-07-21 13:44:06.794 +07:00  INF]  Request finished HTTP/2 GET https://localhost:7019/_framework/aspnetcore-browser-refresh.js - - - 200 11964 application/javascript;+charset=utf-8 8.0966ms
[2022-07-21 13:44:06.794 +07:00  INF]  Request finished HTTP/2 GET https://localhost:7019/swagger/index.html - - - 200 - text/html;charset=utf-8 385.4155ms
[2022-07-21 13:44:06.945 +07:00  INF]  Request starting HTTP/2 GET https://localhost:7019/swagger/v1/swagger.json - -
[2022-07-21 13:44:07.129 +07:00  INF]  Request finished HTTP/2 GET https://localhost:7019/swagger/v1/swagger.json - - - 200 - application/json;charset=utf-8 183.4869ms
[2022-07-21 13:44:58.711 +07:00  INF]  Request starting HTTP/2 POST https://localhost:7019/api/drivers/login-by-email application/json 1195
[2022-07-21 13:44:58.719 +07:00  INF]  CORS policy execution successful.
[2022-07-21 13:44:58.862 +07:00  INF]  Executing endpoint 'API.Controllers.Admin.DriversController.LoginByEmail (API)'
[2022-07-21 13:44:58.912 +07:00  INF]  Route matched with {action = "LoginByEmail", controller = "Drivers"}. Executing controller action with signature System.Threading.Tasks.Task`1[Microsoft.AspNetCore.Mvc.IActionResult] LoginByEmail(API.Models.Requests.LoginByEmailRequest) on controller API.Controllers.Admin.DriversController (API).
[2022-07-21 13:45:07.716 +07:00  INF]  Entity Framework Core 6.0.6 initialized 'AppDbContext' using provider 'Npgsql.EntityFrameworkCore.PostgreSQL:6.0.5+9d79af6e2586d5d28da253ac075706a5575a1743' with options: MaxPoolSize=1024 
[2022-07-21 13:45:08.780 +07:00  INF]  Executed DbCommand (127ms) [Parameters=[@__roleName_1='?', @__email_0='?'], CommandType='"Text"', CommandTimeout='30']
SELECT a.id, a.created_at, a.created_by, a.deleted_at, a.registration, a.registration_type, a.role_id, a.updated_at, a.updated_by, a.user_id, a.verified, u.id, u.code, u.created_at, u.created_by, u.date_of_birth, u.deleted_at, u.gender, u.name, u.status, u.updated_at, u.updated_by, r0.id, r0.created_at, r0.created_by, r0.deleted_at, r0.description, r0.name, r0.updated_at, r0.updated_by
FROM accounts AS a
INNER JOIN (
    SELECT r.id
    FROM roles AS r
    WHERE r.name = @__roleName_1
) AS t ON a.role_id = t.id
INNER JOIN users AS u ON a.user_id = u.id
LEFT JOIN roles AS r0 ON a.role_id = r0.id
WHERE (a.registration = @__email_0) AND (a.registration_type = 0)
LIMIT 1
[2022-07-21 13:45:48.124 +07:00  INF]  Executed action API.Controllers.Admin.DriversController.LoginByEmail (API) in 49207.4221ms
[2022-07-21 13:45:48.126 +07:00  INF]  Executed endpoint 'API.Controllers.Admin.DriversController.LoginByEmail (API)'
[2022-07-21 13:45:48.129 +07:00  ERR]  An unhandled exception has occurred while executing the request.
System.ArgumentNullException: Value cannot be null. (Parameter 'value')
   at System.Security.Claims.Claim..ctor(String type, String value, String valueType, String issuer, String originalIssuer, ClaimsIdentity subject, String propertyKey, String propertyValue)
   at System.Security.Claims.Claim..ctor(String type, String value)
   at API.JwtFeatures.JwtHandler.GetClaims(UserViewModel user) in D:\DotNet_Study\projects\MaaS\API\JwtFeatures\JwtHandler.cs:line 28
   at API.JwtFeatures.JwtHandler.GenerateToken(UserViewModel user) in D:\DotNet_Study\projects\MaaS\API\JwtFeatures\JwtHandler.cs:line 57
   at API.Controllers.Admin.DriversController.LoginByEmail(LoginByEmailRequest request) in D:\DotNet_Study\projects\MaaS\API\Controllers\Admin\DriversController.cs:line 57
   at Microsoft.AspNetCore.Mvc.Infrastructure.ActionMethodExecutor.TaskOfIActionResultExecutor.Execute(IActionResultTypeMapper mapper, ObjectMethodExecutor executor, Object controller, Object[] arguments)
   at Microsoft.AspNetCore.Mvc.Infrastructure.ControllerActionInvoker.<InvokeActionMethodAsync>g__Awaited|12_0(ControllerActionInvoker invoker, ValueTask`1 actionResultValueTask)
   at Microsoft.AspNetCore.Mvc.Infrastructure.ControllerActionInvoker.<InvokeNextActionFilterAsync>g__Awaited|10_0(ControllerActionInvoker invoker, Task lastTask, State next, Scope scope, Object state, Boolean isCompleted)
   at Microsoft.AspNetCore.Mvc.Infrastructure.ControllerActionInvoker.Rethrow(ActionExecutedContextSealed context)
   at Microsoft.AspNetCore.Mvc.Infrastructure.ControllerActionInvoker.Next(State& next, Scope& scope, Object& state, Boolean& isCompleted)
   at Microsoft.AspNetCore.Mvc.Infrastructure.ControllerActionInvoker.<InvokeInnerFilterAsync>g__Awaited|13_0(ControllerActionInvoker invoker, Task lastTask, State next, Scope scope, Object state, Boolean isCompleted)
   at Microsoft.AspNetCore.Mvc.Infrastructure.ResourceInvoker.<InvokeFilterPipelineAsync>g__Awaited|20_0(ResourceInvoker invoker, Task lastTask, State next, Scope scope, Object state, Boolean isCompleted)
   at Microsoft.AspNetCore.Mvc.Infrastructure.ResourceInvoker.<InvokeAsync>g__Logged|17_1(ResourceInvoker invoker)
   at Microsoft.AspNetCore.Mvc.Infrastructure.ResourceInvoker.<InvokeAsync>g__Logged|17_1(ResourceInvoker invoker)
   at Microsoft.AspNetCore.Routing.EndpointMiddleware.<Invoke>g__AwaitRequestTask|6_0(Endpoint endpoint, Task requestTask, ILogger logger)
   at Microsoft.AspNetCore.Authorization.AuthorizationMiddleware.Invoke(HttpContext context)
   at Microsoft.AspNetCore.Authentication.AuthenticationMiddleware.Invoke(HttpContext context)
   at Swashbuckle.AspNetCore.SwaggerUI.SwaggerUIMiddleware.Invoke(HttpContext httpContext)
   at Swashbuckle.AspNetCore.Swagger.SwaggerMiddleware.Invoke(HttpContext httpContext, ISwaggerProvider swaggerProvider)
   at Microsoft.AspNetCore.Diagnostics.DeveloperExceptionPageMiddleware.Invoke(HttpContext context)
[2022-07-21 13:45:48.195 +07:00  INF]  Request finished HTTP/2 POST https://localhost:7019/api/drivers/login-by-email application/json 1195 - 500 - text/plain;+charset=utf-8 49483.7635ms
[2022-07-21 13:46:31.155 +07:00  INF]  User profile is available. Using 'C:\Users\quach\AppData\Local\ASP.NET\DataProtection-Keys' as key repository and Windows DPAPI to encrypt keys at rest.
[2022-07-21 13:46:31.378 +07:00  INF]  Now listening on: https://localhost:7019
[2022-07-21 13:46:31.379 +07:00  INF]  Now listening on: http://localhost:5019
[2022-07-21 13:46:31.380 +07:00  INF]  Application started. Press Ctrl+C to shut down.
[2022-07-21 13:46:31.381 +07:00  INF]  Hosting environment: Development
[2022-07-21 13:46:31.381 +07:00  INF]  Content root path: D:\DotNet_Study\projects\MaaS\API\
[2022-07-21 13:46:31.938 +07:00  INF]  Request starting HTTP/2 GET https://localhost:7019/swagger/index.html - -
[2022-07-21 13:46:32.226 +07:00  INF]  Request finished HTTP/2 GET https://localhost:7019/swagger/index.html - - - 200 - text/html;charset=utf-8 290.8270ms
[2022-07-21 13:46:32.245 +07:00  INF]  Request starting HTTP/2 GET https://localhost:7019/_framework/aspnetcore-browser-refresh.js - -
[2022-07-21 13:46:32.252 +07:00  INF]  Request finished HTTP/2 GET https://localhost:7019/_framework/aspnetcore-browser-refresh.js - - - 200 11964 application/javascript;+charset=utf-8 7.3129ms
[2022-07-21 13:46:32.358 +07:00  INF]  Request starting HTTP/2 GET https://localhost:7019/swagger/v1/swagger.json - -
[2022-07-21 13:46:32.524 +07:00  INF]  Request finished HTTP/2 GET https://localhost:7019/swagger/v1/swagger.json - - - 200 - application/json;charset=utf-8 165.8467ms
[2022-07-21 13:46:42.180 +07:00  INF]  Request starting HTTP/2 POST https://localhost:7019/api/drivers/login-by-email application/json 1195
[2022-07-21 13:46:42.187 +07:00  INF]  CORS policy execution successful.
[2022-07-21 13:46:42.268 +07:00  INF]  Executing endpoint 'API.Controllers.Admin.DriversController.LoginByEmail (API)'
[2022-07-21 13:46:42.293 +07:00  INF]  Route matched with {action = "LoginByEmail", controller = "Drivers"}. Executing controller action with signature System.Threading.Tasks.Task`1[Microsoft.AspNetCore.Mvc.IActionResult] LoginByEmail(API.Models.Requests.LoginByEmailRequest) on controller API.Controllers.Admin.DriversController (API).
[2022-07-21 13:46:49.927 +07:00  INF]  Entity Framework Core 6.0.6 initialized 'AppDbContext' using provider 'Npgsql.EntityFrameworkCore.PostgreSQL:6.0.5+9d79af6e2586d5d28da253ac075706a5575a1743' with options: MaxPoolSize=1024 
[2022-07-21 13:46:50.869 +07:00  INF]  Executed DbCommand (83ms) [Parameters=[@__roleName_1='?', @__email_0='?'], CommandType='"Text"', CommandTimeout='30']
SELECT a.id, a.created_at, a.created_by, a.deleted_at, a.registration, a.registration_type, a.role_id, a.updated_at, a.updated_by, a.user_id, a.verified, u.id, u.code, u.created_at, u.created_by, u.date_of_birth, u.deleted_at, u.gender, u.name, u.status, u.updated_at, u.updated_by, r0.id, r0.created_at, r0.created_by, r0.deleted_at, r0.description, r0.name, r0.updated_at, r0.updated_by
FROM accounts AS a
INNER JOIN (
    SELECT r.id
    FROM roles AS r
    WHERE r.name = @__roleName_1
) AS t ON a.role_id = t.id
INNER JOIN users AS u ON a.user_id = u.id
LEFT JOIN roles AS r0 ON a.role_id = r0.id
WHERE (a.registration = @__email_0) AND (a.registration_type = 0)
LIMIT 1
[2022-07-21 13:46:51.224 +07:00  INF]  Executing JsonResult, writing value of type 'API.Models.Response.Response'.
[2022-07-21 13:46:51.244 +07:00  INF]  Executed action API.Controllers.Admin.DriversController.LoginByEmail (API) in 8944.6489ms
[2022-07-21 13:46:51.246 +07:00  INF]  Executed endpoint 'API.Controllers.Admin.DriversController.LoginByEmail (API)'
[2022-07-21 13:46:51.260 +07:00  INF]  Request finished HTTP/2 POST https://localhost:7019/api/drivers/login-by-email application/json 1195 - 200 - application/json;+charset=utf-8 9080.0794ms
[2022-07-21 13:49:35.314 +07:00  INF]  User profile is available. Using 'C:\Users\quach\AppData\Local\ASP.NET\DataProtection-Keys' as key repository and Windows DPAPI to encrypt keys at rest.
[2022-07-21 13:49:35.541 +07:00  INF]  Now listening on: https://localhost:7019
[2022-07-21 13:49:35.541 +07:00  INF]  Now listening on: http://localhost:5019
[2022-07-21 13:49:35.543 +07:00  INF]  Application started. Press Ctrl+C to shut down.
[2022-07-21 13:49:35.544 +07:00  INF]  Hosting environment: Development
[2022-07-21 13:49:35.544 +07:00  INF]  Content root path: D:\DotNet_Study\projects\MaaS\API\
[2022-07-21 13:49:36.100 +07:00  INF]  Request starting HTTP/2 GET https://localhost:7019/swagger/index.html - -
[2022-07-21 13:49:36.398 +07:00  INF]  Request starting HTTP/2 GET https://localhost:7019/_framework/aspnetcore-browser-refresh.js - -
[2022-07-21 13:49:36.406 +07:00  INF]  Request finished HTTP/2 GET https://localhost:7019/_framework/aspnetcore-browser-refresh.js - - - 200 11964 application/javascript;+charset=utf-8 5.0188ms
[2022-07-21 13:49:36.406 +07:00  INF]  Request finished HTTP/2 GET https://localhost:7019/swagger/index.html - - - 200 - text/html;charset=utf-8 310.1397ms
[2022-07-21 13:49:36.568 +07:00  INF]  Request starting HTTP/2 GET https://localhost:7019/swagger/v1/swagger.json - -
[2022-07-21 13:49:36.711 +07:00  INF]  Request finished HTTP/2 GET https://localhost:7019/swagger/v1/swagger.json - - - 200 - application/json;charset=utf-8 142.9706ms
[2022-07-21 13:49:57.571 +07:00  INF]  Request starting HTTP/2 POST https://localhost:7019/api/drivers/login-by-email application/json 1195
[2022-07-21 13:49:57.581 +07:00  INF]  CORS policy execution successful.
[2022-07-21 13:49:57.649 +07:00  INF]  Executing endpoint 'API.Controllers.Admin.DriversController.LoginByEmail (API)'
[2022-07-21 13:49:57.674 +07:00  INF]  Route matched with {action = "LoginByEmail", controller = "Drivers"}. Executing controller action with signature System.Threading.Tasks.Task`1[Microsoft.AspNetCore.Mvc.IActionResult] LoginByEmail(API.Models.Requests.LoginByEmailRequest) on controller API.Controllers.Admin.DriversController (API).
[2022-07-21 13:49:59.462 +07:00  INF]  Entity Framework Core 6.0.6 initialized 'AppDbContext' using provider 'Npgsql.EntityFrameworkCore.PostgreSQL:6.0.5+9d79af6e2586d5d28da253ac075706a5575a1743' with options: MaxPoolSize=1024 
[2022-07-21 13:50:00.358 +07:00  INF]  Executed DbCommand (86ms) [Parameters=[@__roleName_1='?', @__email_0='?'], CommandType='"Text"', CommandTimeout='30']
SELECT a.id, a.created_at, a.created_by, a.deleted_at, a.registration, a.registration_type, a.role_id, a.updated_at, a.updated_by, a.user_id, a.verified, u.id, u.code, u.created_at, u.created_by, u.date_of_birth, u.deleted_at, u.gender, u.name, u.status, u.updated_at, u.updated_by, r0.id, r0.created_at, r0.created_by, r0.deleted_at, r0.description, r0.name, r0.updated_at, r0.updated_by
FROM accounts AS a
INNER JOIN (
    SELECT r.id
    FROM roles AS r
    WHERE r.name = @__roleName_1
) AS t ON a.role_id = t.id
INNER JOIN users AS u ON a.user_id = u.id
LEFT JOIN roles AS r0 ON a.role_id = r0.id
WHERE (a.registration = @__email_0) AND (a.registration_type = 0)
LIMIT 1
[2022-07-21 13:50:00.613 +07:00  INF]  Executing JsonResult, writing value of type 'API.Models.Response.Response'.
[2022-07-21 13:50:00.630 +07:00  INF]  Executed action API.Controllers.Admin.DriversController.LoginByEmail (API) in 2949.9379ms
[2022-07-21 13:50:00.631 +07:00  INF]  Executed endpoint 'API.Controllers.Admin.DriversController.LoginByEmail (API)'
[2022-07-21 13:50:00.645 +07:00  INF]  Request finished HTTP/2 POST https://localhost:7019/api/drivers/login-by-email application/json 1195 - 200 - application/json;+charset=utf-8 3074.0661ms
[2022-07-21 22:26:26.493 +07:00  INF]  User profile is available. Using 'C:\Users\quach\AppData\Local\ASP.NET\DataProtection-Keys' as key repository and Windows DPAPI to encrypt keys at rest.
[2022-07-21 22:26:26.720 +07:00  INF]  Now listening on: https://localhost:7019
[2022-07-21 22:26:26.720 +07:00  INF]  Now listening on: http://localhost:5019
[2022-07-21 22:26:26.726 +07:00  INF]  Application started. Press Ctrl+C to shut down.
[2022-07-21 22:26:26.726 +07:00  INF]  Hosting environment: Development
[2022-07-21 22:26:26.726 +07:00  INF]  Content root path: D:\DotNet_Study\projects\MaaS\API\
[2022-07-21 22:26:27.380 +07:00  INF]  Request starting HTTP/2 GET https://localhost:7019/swagger/index.html - -
[2022-07-21 22:26:27.688 +07:00  INF]  Request starting HTTP/2 GET https://localhost:7019/_framework/aspnetcore-browser-refresh.js - -
[2022-07-21 22:26:27.707 +07:00  INF]  Request finished HTTP/2 GET https://localhost:7019/swagger/index.html - - - 200 - text/html;charset=utf-8 328.6436ms
[2022-07-21 22:26:27.707 +07:00  INF]  Request finished HTTP/2 GET https://localhost:7019/_framework/aspnetcore-browser-refresh.js - - - 200 11964 application/javascript;+charset=utf-8 14.8924ms
[2022-07-21 22:26:27.819 +07:00  INF]  Request starting HTTP/2 GET https://localhost:7019/swagger/v1/swagger.json - -
[2022-07-21 22:26:27.836 +07:00  ERR]  An unhandled exception has occurred while executing the request.
Swashbuckle.AspNetCore.SwaggerGen.SwaggerGeneratorException: Ambiguous HTTP method for action - API.Controllers.Booker.BookersController.LoginByPhoneNumber (API). Actions require an explicit HttpMethod binding for Swagger/OpenAPI 3.0
   at Swashbuckle.AspNetCore.SwaggerGen.SwaggerGenerator.GenerateOperations(IEnumerable`1 apiDescriptions, SchemaRepository schemaRepository)
   at Swashbuckle.AspNetCore.SwaggerGen.SwaggerGenerator.GeneratePaths(IEnumerable`1 apiDescriptions, SchemaRepository schemaRepository)
   at Swashbuckle.AspNetCore.SwaggerGen.SwaggerGenerator.GetSwagger(String documentName, String host, String basePath)
   at Swashbuckle.AspNetCore.Swagger.SwaggerMiddleware.Invoke(HttpContext httpContext, ISwaggerProvider swaggerProvider)
   at Microsoft.AspNetCore.Diagnostics.DeveloperExceptionPageMiddleware.Invoke(HttpContext context)
[2022-07-21 22:26:27.897 +07:00  INF]  Request finished HTTP/2 GET https://localhost:7019/swagger/v1/swagger.json - - - 500 - text/plain;+charset=utf-8 77.4292ms
[2022-07-21 22:32:20.798 +07:00  INF]  User profile is available. Using 'C:\Users\quach\AppData\Local\ASP.NET\DataProtection-Keys' as key repository and Windows DPAPI to encrypt keys at rest.
[2022-07-21 22:32:21.109 +07:00  INF]  Now listening on: https://localhost:7019
[2022-07-21 22:32:21.109 +07:00  INF]  Now listening on: http://localhost:5019
[2022-07-21 22:32:21.111 +07:00  INF]  Application started. Press Ctrl+C to shut down.
[2022-07-21 22:32:21.112 +07:00  INF]  Hosting environment: Development
[2022-07-21 22:32:21.112 +07:00  INF]  Content root path: D:\DotNet_Study\projects\MaaS\API\
[2022-07-21 22:32:21.942 +07:00  INF]  Request starting HTTP/2 GET https://localhost:7019/swagger/index.html - -
[2022-07-21 22:32:22.267 +07:00  INF]  Request starting HTTP/2 GET https://localhost:7019/_framework/aspnetcore-browser-refresh.js - -
[2022-07-21 22:32:22.273 +07:00  INF]  Request finished HTTP/2 GET https://localhost:7019/swagger/index.html - - - 200 - text/html;charset=utf-8 334.1982ms
[2022-07-21 22:32:22.273 +07:00  INF]  Request finished HTTP/2 GET https://localhost:7019/_framework/aspnetcore-browser-refresh.js - - - 200 11964 application/javascript;+charset=utf-8 6.6678ms
[2022-07-21 22:32:22.437 +07:00  INF]  Request starting HTTP/2 GET https://localhost:7019/swagger/v1/swagger.json - -
[2022-07-21 22:32:22.463 +07:00  ERR]  An unhandled exception has occurred while executing the request.
Swashbuckle.AspNetCore.SwaggerGen.SwaggerGeneratorException: Ambiguous HTTP method for action - API.Controllers.Booker.BookersController.LoginByPhoneNumber (API). Actions require an explicit HttpMethod binding for Swagger/OpenAPI 3.0
   at Swashbuckle.AspNetCore.SwaggerGen.SwaggerGenerator.GenerateOperations(IEnumerable`1 apiDescriptions, SchemaRepository schemaRepository)
   at Swashbuckle.AspNetCore.SwaggerGen.SwaggerGenerator.GeneratePaths(IEnumerable`1 apiDescriptions, SchemaRepository schemaRepository)
   at Swashbuckle.AspNetCore.SwaggerGen.SwaggerGenerator.GetSwagger(String documentName, String host, String basePath)
   at Swashbuckle.AspNetCore.Swagger.SwaggerMiddleware.Invoke(HttpContext httpContext, ISwaggerProvider swaggerProvider)
   at Microsoft.AspNetCore.Diagnostics.DeveloperExceptionPageMiddleware.Invoke(HttpContext context)
[2022-07-21 22:32:22.523 +07:00  INF]  Request finished HTTP/2 GET https://localhost:7019/swagger/v1/swagger.json - - - 500 - text/plain;+charset=utf-8 86.4518ms
[2022-07-21 22:34:17.376 +07:00  INF]  User profile is available. Using 'C:\Users\quach\AppData\Local\ASP.NET\DataProtection-Keys' as key repository and Windows DPAPI to encrypt keys at rest.
[2022-07-21 22:34:17.577 +07:00  INF]  Now listening on: https://localhost:7019
[2022-07-21 22:34:17.577 +07:00  INF]  Now listening on: http://localhost:5019
[2022-07-21 22:34:17.580 +07:00  INF]  Application started. Press Ctrl+C to shut down.
[2022-07-21 22:34:17.580 +07:00  INF]  Hosting environment: Development
[2022-07-21 22:34:17.580 +07:00  INF]  Content root path: D:\DotNet_Study\projects\MaaS\API\
[2022-07-21 22:34:18.128 +07:00  INF]  Request starting HTTP/2 GET https://localhost:7019/swagger/index.html - -
[2022-07-21 22:34:18.424 +07:00  INF]  Request starting HTTP/2 GET https://localhost:7019/_framework/aspnetcore-browser-refresh.js - -
[2022-07-21 22:34:18.432 +07:00  INF]  Request finished HTTP/2 GET https://localhost:7019/swagger/index.html - - - 200 - text/html;charset=utf-8 307.8294ms
[2022-07-21 22:34:18.432 +07:00  INF]  Request finished HTTP/2 GET https://localhost:7019/_framework/aspnetcore-browser-refresh.js - - - 200 11964 application/javascript;+charset=utf-8 6.9772ms
[2022-07-21 22:34:18.583 +07:00  INF]  Request starting HTTP/2 GET https://localhost:7019/swagger/v1/swagger.json - -
[2022-07-21 22:34:18.604 +07:00  ERR]  An unhandled exception has occurred while executing the request.
Swashbuckle.AspNetCore.SwaggerGen.SwaggerGeneratorException: Ambiguous HTTP method for action - API.Controllers.Booker.BookersController.LoginByPhoneNumber (API). Actions require an explicit HttpMethod binding for Swagger/OpenAPI 3.0
   at Swashbuckle.AspNetCore.SwaggerGen.SwaggerGenerator.GenerateOperations(IEnumerable`1 apiDescriptions, SchemaRepository schemaRepository)
   at Swashbuckle.AspNetCore.SwaggerGen.SwaggerGenerator.GeneratePaths(IEnumerable`1 apiDescriptions, SchemaRepository schemaRepository)
   at Swashbuckle.AspNetCore.SwaggerGen.SwaggerGenerator.GetSwagger(String documentName, String host, String basePath)
   at Swashbuckle.AspNetCore.Swagger.SwaggerMiddleware.Invoke(HttpContext httpContext, ISwaggerProvider swaggerProvider)
   at Microsoft.AspNetCore.Diagnostics.DeveloperExceptionPageMiddleware.Invoke(HttpContext context)
[2022-07-21 22:34:18.644 +07:00  INF]  Request finished HTTP/2 GET https://localhost:7019/swagger/v1/swagger.json - - - 500 - text/plain;+charset=utf-8 61.2079ms
[2022-07-21 22:35:15.695 +07:00  INF]  User profile is available. Using 'C:\Users\quach\AppData\Local\ASP.NET\DataProtection-Keys' as key repository and Windows DPAPI to encrypt keys at rest.
[2022-07-21 22:35:15.884 +07:00  INF]  Now listening on: https://localhost:7019
[2022-07-21 22:35:15.884 +07:00  INF]  Now listening on: http://localhost:5019
[2022-07-21 22:35:15.886 +07:00  INF]  Application started. Press Ctrl+C to shut down.
[2022-07-21 22:35:15.886 +07:00  INF]  Hosting environment: Development
[2022-07-21 22:35:15.886 +07:00  INF]  Content root path: D:\DotNet_Study\projects\MaaS\API\
[2022-07-21 22:35:16.582 +07:00  INF]  Request starting HTTP/2 GET https://localhost:7019/swagger/index.html - -
[2022-07-21 22:35:16.886 +07:00  INF]  Request starting HTTP/2 GET https://localhost:7019/_framework/aspnetcore-browser-refresh.js - -
[2022-07-21 22:35:16.895 +07:00  INF]  Request finished HTTP/2 GET https://localhost:7019/swagger/index.html - - - 200 - text/html;charset=utf-8 317.2840ms
[2022-07-21 22:35:16.895 +07:00  INF]  Request finished HTTP/2 GET https://localhost:7019/_framework/aspnetcore-browser-refresh.js - - - 200 11964 application/javascript;+charset=utf-8 7.5716ms
[2022-07-21 22:35:17.022 +07:00  INF]  Request starting HTTP/2 GET https://localhost:7019/swagger/v1/swagger.json - -
[2022-07-21 22:35:17.048 +07:00  ERR]  An unhandled exception has occurred while executing the request.
Swashbuckle.AspNetCore.SwaggerGen.SwaggerGeneratorException: Ambiguous HTTP method for action - API.Controllers.Booker.BookersController.LoginByPhoneNumber (API). Actions require an explicit HttpMethod binding for Swagger/OpenAPI 3.0
   at Swashbuckle.AspNetCore.SwaggerGen.SwaggerGenerator.GenerateOperations(IEnumerable`1 apiDescriptions, SchemaRepository schemaRepository)
   at Swashbuckle.AspNetCore.SwaggerGen.SwaggerGenerator.GeneratePaths(IEnumerable`1 apiDescriptions, SchemaRepository schemaRepository)
   at Swashbuckle.AspNetCore.SwaggerGen.SwaggerGenerator.GetSwagger(String documentName, String host, String basePath)
   at Swashbuckle.AspNetCore.Swagger.SwaggerMiddleware.Invoke(HttpContext httpContext, ISwaggerProvider swaggerProvider)
   at Microsoft.AspNetCore.Diagnostics.DeveloperExceptionPageMiddleware.Invoke(HttpContext context)
[2022-07-21 22:35:17.088 +07:00  INF]  Request finished HTTP/2 GET https://localhost:7019/swagger/v1/swagger.json - - - 500 - text/plain;+charset=utf-8 65.8315ms
[2022-07-21 22:35:39.789 +07:00  INF]  User profile is available. Using 'C:\Users\quach\AppData\Local\ASP.NET\DataProtection-Keys' as key repository and Windows DPAPI to encrypt keys at rest.
[2022-07-21 22:35:39.979 +07:00  INF]  Now listening on: https://localhost:7019
[2022-07-21 22:35:39.980 +07:00  INF]  Now listening on: http://localhost:5019
[2022-07-21 22:35:39.982 +07:00  INF]  Application started. Press Ctrl+C to shut down.
[2022-07-21 22:35:39.982 +07:00  INF]  Hosting environment: Development
[2022-07-21 22:35:39.982 +07:00  INF]  Content root path: D:\DotNet_Study\projects\MaaS\API\
[2022-07-21 22:35:40.473 +07:00  INF]  Request starting HTTP/2 GET https://localhost:7019/swagger/index.html - -
[2022-07-21 22:35:40.795 +07:00  INF]  Request starting HTTP/2 GET https://localhost:7019/_framework/aspnetcore-browser-refresh.js - -
[2022-07-21 22:35:40.800 +07:00  INF]  Request finished HTTP/2 GET https://localhost:7019/swagger/index.html - - - 200 - text/html;charset=utf-8 332.0750ms
[2022-07-21 22:35:40.800 +07:00  INF]  Request finished HTTP/2 GET https://localhost:7019/_framework/aspnetcore-browser-refresh.js - - - 200 11964 application/javascript;+charset=utf-8 5.3788ms
[2022-07-21 22:35:40.921 +07:00  INF]  Request starting HTTP/2 GET https://localhost:7019/swagger/v1/swagger.json - -
[2022-07-21 22:35:40.948 +07:00  ERR]  An unhandled exception has occurred while executing the request.
Swashbuckle.AspNetCore.SwaggerGen.SwaggerGeneratorException: Ambiguous HTTP method for action - API.Controllers.Booker.BookersController.LoginByPhoneNumber (API). Actions require an explicit HttpMethod binding for Swagger/OpenAPI 3.0
   at Swashbuckle.AspNetCore.SwaggerGen.SwaggerGenerator.GenerateOperations(IEnumerable`1 apiDescriptions, SchemaRepository schemaRepository)
   at Swashbuckle.AspNetCore.SwaggerGen.SwaggerGenerator.GeneratePaths(IEnumerable`1 apiDescriptions, SchemaRepository schemaRepository)
   at Swashbuckle.AspNetCore.SwaggerGen.SwaggerGenerator.GetSwagger(String documentName, String host, String basePath)
   at Swashbuckle.AspNetCore.Swagger.SwaggerMiddleware.Invoke(HttpContext httpContext, ISwaggerProvider swaggerProvider)
   at Microsoft.AspNetCore.Diagnostics.DeveloperExceptionPageMiddleware.Invoke(HttpContext context)
[2022-07-21 22:35:40.985 +07:00  INF]  Request finished HTTP/2 GET https://localhost:7019/swagger/v1/swagger.json - - - 500 - text/plain;+charset=utf-8 64.4265ms
[2022-07-21 22:35:52.593 +07:00  INF]  User profile is available. Using 'C:\Users\quach\AppData\Local\ASP.NET\DataProtection-Keys' as key repository and Windows DPAPI to encrypt keys at rest.
[2022-07-21 22:35:52.850 +07:00  INF]  Now listening on: https://localhost:7019
[2022-07-21 22:35:52.850 +07:00  INF]  Now listening on: http://localhost:5019
[2022-07-21 22:35:52.853 +07:00  INF]  Application started. Press Ctrl+C to shut down.
[2022-07-21 22:35:52.853 +07:00  INF]  Hosting environment: Development
[2022-07-21 22:35:52.854 +07:00  INF]  Content root path: D:\DotNet_Study\projects\MaaS\API\
[2022-07-21 22:35:53.373 +07:00  INF]  Request starting HTTP/2 GET https://localhost:7019/swagger/index.html - -
[2022-07-21 22:35:53.651 +07:00  INF]  Request starting HTTP/2 GET https://localhost:7019/_framework/aspnetcore-browser-refresh.js - -
[2022-07-21 22:35:53.657 +07:00  INF]  Request finished HTTP/2 GET https://localhost:7019/swagger/index.html - - - 200 - text/html;charset=utf-8 286.8889ms
[2022-07-21 22:35:53.673 +07:00  INF]  Request finished HTTP/2 GET https://localhost:7019/_framework/aspnetcore-browser-refresh.js - - - 200 11964 application/javascript;+charset=utf-8 22.2057ms
[2022-07-21 22:35:53.775 +07:00  INF]  Request starting HTTP/2 GET https://localhost:7019/swagger/v1/swagger.json - -
[2022-07-21 22:35:53.792 +07:00  ERR]  An unhandled exception has occurred while executing the request.
Swashbuckle.AspNetCore.SwaggerGen.SwaggerGeneratorException: Ambiguous HTTP method for action - API.Controllers.Booker.BookersController.LoginByPhoneNumber (API). Actions require an explicit HttpMethod binding for Swagger/OpenAPI 3.0
   at Swashbuckle.AspNetCore.SwaggerGen.SwaggerGenerator.GenerateOperations(IEnumerable`1 apiDescriptions, SchemaRepository schemaRepository)
   at Swashbuckle.AspNetCore.SwaggerGen.SwaggerGenerator.GeneratePaths(IEnumerable`1 apiDescriptions, SchemaRepository schemaRepository)
   at Swashbuckle.AspNetCore.SwaggerGen.SwaggerGenerator.GetSwagger(String documentName, String host, String basePath)
   at Swashbuckle.AspNetCore.Swagger.SwaggerMiddleware.Invoke(HttpContext httpContext, ISwaggerProvider swaggerProvider)
   at Microsoft.AspNetCore.Diagnostics.DeveloperExceptionPageMiddleware.Invoke(HttpContext context)
[2022-07-21 22:35:53.828 +07:00  INF]  Request finished HTTP/2 GET https://localhost:7019/swagger/v1/swagger.json - - - 500 - text/plain;+charset=utf-8 53.1761ms
[2022-07-21 22:37:40.517 +07:00  INF]  User profile is available. Using 'C:\Users\quach\AppData\Local\ASP.NET\DataProtection-Keys' as key repository and Windows DPAPI to encrypt keys at rest.
[2022-07-21 22:37:40.739 +07:00  INF]  Now listening on: https://localhost:7019
[2022-07-21 22:37:40.739 +07:00  INF]  Now listening on: http://localhost:5019
[2022-07-21 22:37:40.741 +07:00  INF]  Application started. Press Ctrl+C to shut down.
[2022-07-21 22:37:40.741 +07:00  INF]  Hosting environment: Development
[2022-07-21 22:37:40.741 +07:00  INF]  Content root path: D:\DotNet_Study\projects\MaaS\API\
[2022-07-21 22:37:41.220 +07:00  INF]  Request starting HTTP/2 GET https://localhost:7019/swagger/index.html - -
[2022-07-21 22:37:41.529 +07:00  INF]  Request starting HTTP/2 GET https://localhost:7019/_framework/aspnetcore-browser-refresh.js - -
[2022-07-21 22:37:41.537 +07:00  INF]  Request finished HTTP/2 GET https://localhost:7019/_framework/aspnetcore-browser-refresh.js - - - 200 11964 application/javascript;+charset=utf-8 7.2903ms
[2022-07-21 22:37:41.538 +07:00  INF]  Request finished HTTP/2 GET https://localhost:7019/swagger/index.html - - - 200 - text/html;charset=utf-8 321.0210ms
[2022-07-21 22:37:41.662 +07:00  INF]  Request starting HTTP/2 GET https://localhost:7019/swagger/v1/swagger.json - -
[2022-07-21 22:37:41.690 +07:00  ERR]  An unhandled exception has occurred while executing the request.
Swashbuckle.AspNetCore.SwaggerGen.SwaggerGeneratorException: Ambiguous HTTP method for action - API.Controllers.Booker.BookersController.LoginByPhoneNumber (API). Actions require an explicit HttpMethod binding for Swagger/OpenAPI 3.0
   at Swashbuckle.AspNetCore.SwaggerGen.SwaggerGenerator.GenerateOperations(IEnumerable`1 apiDescriptions, SchemaRepository schemaRepository)
   at Swashbuckle.AspNetCore.SwaggerGen.SwaggerGenerator.GeneratePaths(IEnumerable`1 apiDescriptions, SchemaRepository schemaRepository)
   at Swashbuckle.AspNetCore.SwaggerGen.SwaggerGenerator.GetSwagger(String documentName, String host, String basePath)
   at Swashbuckle.AspNetCore.Swagger.SwaggerMiddleware.Invoke(HttpContext httpContext, ISwaggerProvider swaggerProvider)
   at Microsoft.AspNetCore.Diagnostics.DeveloperExceptionPageMiddleware.Invoke(HttpContext context)
[2022-07-21 22:37:41.724 +07:00  INF]  Request finished HTTP/2 GET https://localhost:7019/swagger/v1/swagger.json - - - 500 - text/plain;+charset=utf-8 62.0489ms
[2022-07-21 22:38:12.854 +07:00  INF]  User profile is available. Using 'C:\Users\quach\AppData\Local\ASP.NET\DataProtection-Keys' as key repository and Windows DPAPI to encrypt keys at rest.
[2022-07-21 22:38:13.058 +07:00  INF]  Now listening on: https://localhost:7019
[2022-07-21 22:38:13.058 +07:00  INF]  Now listening on: http://localhost:5019
[2022-07-21 22:38:13.060 +07:00  INF]  Application started. Press Ctrl+C to shut down.
[2022-07-21 22:38:13.061 +07:00  INF]  Hosting environment: Development
[2022-07-21 22:38:13.061 +07:00  INF]  Content root path: D:\DotNet_Study\projects\MaaS\API\
[2022-07-21 22:38:13.547 +07:00  INF]  Request starting HTTP/2 GET https://localhost:7019/swagger/index.html - -
[2022-07-21 22:38:13.855 +07:00  INF]  Request starting HTTP/2 GET https://localhost:7019/_framework/aspnetcore-browser-refresh.js - -
[2022-07-21 22:38:13.862 +07:00  INF]  Request finished HTTP/2 GET https://localhost:7019/swagger/index.html - - - 200 - text/html;charset=utf-8 318.6787ms
[2022-07-21 22:38:13.862 +07:00  INF]  Request finished HTTP/2 GET https://localhost:7019/_framework/aspnetcore-browser-refresh.js - - - 200 11964 application/javascript;+charset=utf-8 7.2343ms
[2022-07-21 22:38:14.026 +07:00  INF]  Request starting HTTP/2 GET https://localhost:7019/swagger/v1/swagger.json - -
[2022-07-21 22:38:14.135 +07:00  INF]  Request finished HTTP/2 GET https://localhost:7019/swagger/v1/swagger.json - - - 200 - application/json;charset=utf-8 108.9333ms
[2022-07-21 22:41:32.288 +07:00  INF]  User profile is available. Using 'C:\Users\quach\AppData\Local\ASP.NET\DataProtection-Keys' as key repository and Windows DPAPI to encrypt keys at rest.
[2022-07-21 22:41:32.481 +07:00  INF]  Now listening on: https://localhost:7019
[2022-07-21 22:41:32.481 +07:00  INF]  Now listening on: http://localhost:5019
[2022-07-21 22:41:32.484 +07:00  INF]  Application started. Press Ctrl+C to shut down.
[2022-07-21 22:41:32.484 +07:00  INF]  Hosting environment: Development
[2022-07-21 22:41:32.484 +07:00  INF]  Content root path: D:\DotNet_Study\projects\MaaS\API\
[2022-07-21 22:41:33.246 +07:00  INF]  Request starting HTTP/2 GET https://localhost:7019/swagger/index.html - -
[2022-07-21 22:41:33.533 +07:00  INF]  Request starting HTTP/2 GET https://localhost:7019/_framework/aspnetcore-browser-refresh.js - -
[2022-07-21 22:41:33.542 +07:00  INF]  Request finished HTTP/2 GET https://localhost:7019/swagger/index.html - - - 200 - text/html;charset=utf-8 299.7359ms
[2022-07-21 22:41:33.542 +07:00  INF]  Request finished HTTP/2 GET https://localhost:7019/_framework/aspnetcore-browser-refresh.js - - - 200 11964 application/javascript;+charset=utf-8 6.5060ms
[2022-07-21 22:41:33.648 +07:00  INF]  Request starting HTTP/2 GET https://localhost:7019/swagger/v1/swagger.json - -
[2022-07-21 22:41:33.776 +07:00  INF]  Request finished HTTP/2 GET https://localhost:7019/swagger/v1/swagger.json - - - 200 - application/json;charset=utf-8 127.4379ms
[2022-07-21 22:46:29.068 +07:00  INF]  User profile is available. Using 'C:\Users\quach\AppData\Local\ASP.NET\DataProtection-Keys' as key repository and Windows DPAPI to encrypt keys at rest.
[2022-07-21 22:46:29.291 +07:00  INF]  Now listening on: https://localhost:7019
[2022-07-21 22:46:29.292 +07:00  INF]  Now listening on: http://localhost:5019
[2022-07-21 22:46:29.294 +07:00  INF]  Application started. Press Ctrl+C to shut down.
[2022-07-21 22:46:29.294 +07:00  INF]  Hosting environment: Development
[2022-07-21 22:46:29.294 +07:00  INF]  Content root path: D:\DotNet_Study\projects\MaaS\API\
[2022-07-21 22:46:29.800 +07:00  INF]  Request starting HTTP/2 GET https://localhost:7019/swagger/index.html - -
[2022-07-21 22:46:30.138 +07:00  INF]  Request starting HTTP/2 GET https://localhost:7019/_framework/aspnetcore-browser-refresh.js - -
[2022-07-21 22:46:30.143 +07:00  INF]  Request finished HTTP/2 GET https://localhost:7019/swagger/index.html - - - 200 - text/html;charset=utf-8 346.3792ms
[2022-07-21 22:46:30.156 +07:00  INF]  Request finished HTTP/2 GET https://localhost:7019/_framework/aspnetcore-browser-refresh.js - - - 200 11964 application/javascript;+charset=utf-8 17.9943ms
[2022-07-21 22:46:30.256 +07:00  INF]  Request starting HTTP/2 GET https://localhost:7019/swagger/v1/swagger.json - -
[2022-07-21 22:46:30.387 +07:00  INF]  Request finished HTTP/2 GET https://localhost:7019/swagger/v1/swagger.json - - - 200 - application/json;charset=utf-8 130.6646ms
[2022-07-21 22:47:18.831 +07:00  INF]  Request starting HTTP/2 GET https://localhost:7019/api/bookers/phone/send-otp?PhoneNumber=%2B84837226239 - -
[2022-07-21 22:47:18.921 +07:00  INF]  Executing endpoint 'API.Controllers.Booker.BookersController.SendPhoneOtp (API)'
[2022-07-21 22:47:18.953 +07:00  INF]  Route matched with {action = "SendPhoneOtp", controller = "Bookers"}. Executing controller action with signature System.Threading.Tasks.Task`1[Microsoft.AspNetCore.Mvc.IActionResult] SendPhoneOtp(API.Models.Requests.SendPhoneOtpRequest) on controller API.Controllers.Booker.BookersController (API).
[2022-07-21 22:47:20.310 +07:00  INF]  Entity Framework Core 6.0.6 initialized 'AppDbContext' using provider 'Npgsql.EntityFrameworkCore.PostgreSQL:6.0.5+9d79af6e2586d5d28da253ac075706a5575a1743' with options: MaxPoolSize=1024 
[2022-07-21 22:47:21.274 +07:00  INF]  Executed DbCommand (96ms) [Parameters=[@__roleName_2='?', @__registration_0='?', @__registrationType_1='?' (DbType = Int32)], CommandType='"Text"', CommandTimeout='30']
SELECT a.id, a.created_at, a.created_by, a.deleted_at, a.registration, a.registration_type, a.role_id, a.updated_at, a.updated_by, a.user_id, a.verified, u.id, u.code, u.created_at, u.created_by, u.date_of_birth, u.deleted_at, u.gender, u.name, u.status, u.updated_at, u.updated_by, r0.id, r0.created_at, r0.created_by, r0.deleted_at, r0.description, r0.name, r0.updated_at, r0.updated_by
FROM accounts AS a
INNER JOIN (
    SELECT r.id
    FROM roles AS r
    WHERE r.name = @__roleName_2
) AS t ON a.role_id = t.id
INNER JOIN users AS u ON a.user_id = u.id
LEFT JOIN roles AS r0 ON a.role_id = r0.id
WHERE (a.registration = @__registration_0) AND (a.registration_type = @__registrationType_1)
LIMIT 1
[2022-07-21 23:10:20.547 +07:00  INF]  User profile is available. Using 'C:\Users\quach\AppData\Local\ASP.NET\DataProtection-Keys' as key repository and Windows DPAPI to encrypt keys at rest.
[2022-07-21 23:10:20.786 +07:00  INF]  Now listening on: https://localhost:7019
[2022-07-21 23:10:20.786 +07:00  INF]  Now listening on: http://localhost:5019
[2022-07-21 23:10:20.788 +07:00  INF]  Application started. Press Ctrl+C to shut down.
[2022-07-21 23:10:20.789 +07:00  INF]  Hosting environment: Development
[2022-07-21 23:10:20.789 +07:00  INF]  Content root path: D:\DotNet_Study\projects\MaaS\API\
[2022-07-21 23:10:21.818 +07:00  INF]  Request starting HTTP/2 GET https://localhost:7019/swagger/index.html - -
[2022-07-21 23:10:22.136 +07:00  INF]  Request starting HTTP/2 GET https://localhost:7019/_framework/aspnetcore-browser-refresh.js - -
[2022-07-21 23:10:22.143 +07:00  INF]  Request finished HTTP/2 GET https://localhost:7019/swagger/index.html - - - 200 - text/html;charset=utf-8 329.4384ms
[2022-07-21 23:10:22.145 +07:00  INF]  Request finished HTTP/2 GET https://localhost:7019/_framework/aspnetcore-browser-refresh.js - - - 200 11964 application/javascript;+charset=utf-8 8.3969ms
[2022-07-21 23:10:22.238 +07:00  INF]  Request starting HTTP/2 GET https://localhost:7019/swagger/v1/swagger.json - -
[2022-07-21 23:10:22.368 +07:00  INF]  Request finished HTTP/2 GET https://localhost:7019/swagger/v1/swagger.json - - - 200 - application/json;charset=utf-8 129.1216ms
[2022-07-21 23:10:27.450 +07:00  INF]  Request starting HTTP/2 GET https://localhost:7019/api/bookers/phone/send-otp?PhoneNumber=%2B84837226239 - -
[2022-07-21 23:10:27.533 +07:00  INF]  Executing endpoint 'API.Controllers.Booker.BookersController.SendPhoneOtp (API)'
[2022-07-21 23:10:27.566 +07:00  INF]  Route matched with {action = "SendPhoneOtp", controller = "Bookers"}. Executing controller action with signature System.Threading.Tasks.Task`1[Microsoft.AspNetCore.Mvc.IActionResult] SendPhoneOtp(API.Models.Requests.SendPhoneOtpRequest) on controller API.Controllers.Booker.BookersController (API).
[2022-07-21 23:10:28.915 +07:00  INF]  Entity Framework Core 6.0.6 initialized 'AppDbContext' using provider 'Npgsql.EntityFrameworkCore.PostgreSQL:6.0.5+9d79af6e2586d5d28da253ac075706a5575a1743' with options: MaxPoolSize=1024 
[2022-07-21 23:10:29.802 +07:00  INF]  Executed DbCommand (82ms) [Parameters=[@__roleName_2='?', @__registration_0='?', @__registrationType_1='?' (DbType = Int32)], CommandType='"Text"', CommandTimeout='30']
SELECT a.id, a.created_at, a.created_by, a.deleted_at, a.registration, a.registration_type, a.role_id, a.updated_at, a.updated_by, a.user_id, a.verified, u.id, u.code, u.created_at, u.created_by, u.date_of_birth, u.deleted_at, u.gender, u.name, u.status, u.updated_at, u.updated_by, r0.id, r0.created_at, r0.created_by, r0.deleted_at, r0.description, r0.name, r0.updated_at, r0.updated_by
FROM accounts AS a
INNER JOIN (
    SELECT r.id
    FROM roles AS r
    WHERE r.name = @__roleName_2
) AS t ON a.role_id = t.id
INNER JOIN users AS u ON a.user_id = u.id
LEFT JOIN roles AS r0 ON a.role_id = r0.id
WHERE (a.registration = @__registration_0) AND (a.registration_type = @__registrationType_1)
LIMIT 1
[2022-07-21 23:19:27.075 +07:00  INF]  User profile is available. Using 'C:\Users\quach\AppData\Local\ASP.NET\DataProtection-Keys' as key repository and Windows DPAPI to encrypt keys at rest.
[2022-07-21 23:19:27.341 +07:00  INF]  Now listening on: https://localhost:7019
[2022-07-21 23:19:27.341 +07:00  INF]  Now listening on: http://localhost:5019
[2022-07-21 23:19:27.347 +07:00  INF]  Application started. Press Ctrl+C to shut down.
[2022-07-21 23:19:27.347 +07:00  INF]  Hosting environment: Development
[2022-07-21 23:19:27.347 +07:00  INF]  Content root path: D:\DotNet_Study\projects\MaaS\API\
[2022-07-21 23:19:28.216 +07:00  INF]  Request starting HTTP/2 GET https://localhost:7019/swagger/index.html - -
[2022-07-21 23:19:28.528 +07:00  INF]  Request starting HTTP/2 GET https://localhost:7019/_framework/aspnetcore-browser-refresh.js - -
[2022-07-21 23:19:28.534 +07:00  INF]  Request finished HTTP/2 GET https://localhost:7019/_framework/aspnetcore-browser-refresh.js - - - 200 11964 application/javascript;+charset=utf-8 5.7391ms
[2022-07-21 23:19:28.534 +07:00  INF]  Request finished HTTP/2 GET https://localhost:7019/swagger/index.html - - - 200 - text/html;charset=utf-8 323.3235ms
[2022-07-21 23:19:28.646 +07:00  INF]  Request starting HTTP/2 GET https://localhost:7019/swagger/v1/swagger.json - -
[2022-07-21 23:19:28.791 +07:00  INF]  Request finished HTTP/2 GET https://localhost:7019/swagger/v1/swagger.json - - - 200 - application/json;charset=utf-8 145.2455ms
[2022-07-21 23:20:36.879 +07:00  INF]  Request starting HTTP/2 GET https://localhost:7019/api/bookers/phone/send-otp?PhoneNumber=%2B84837226239 - -
[2022-07-21 23:20:36.963 +07:00  INF]  Executing endpoint 'API.Controllers.Booker.BookersController.SendPhoneOtp (API)'
[2022-07-21 23:20:36.996 +07:00  INF]  Route matched with {action = "SendPhoneOtp", controller = "Bookers"}. Executing controller action with signature System.Threading.Tasks.Task`1[Microsoft.AspNetCore.Mvc.IActionResult] SendPhoneOtp(API.Models.Requests.SendPhoneOtpRequest) on controller API.Controllers.Booker.BookersController (API).
[2022-07-21 23:20:38.285 +07:00  INF]  Entity Framework Core 6.0.6 initialized 'AppDbContext' using provider 'Npgsql.EntityFrameworkCore.PostgreSQL:6.0.5+9d79af6e2586d5d28da253ac075706a5575a1743' with options: MaxPoolSize=1024 
[2022-07-21 23:20:39.154 +07:00  INF]  Executed DbCommand (83ms) [Parameters=[@__roleName_2='?', @__registration_0='?', @__registrationType_1='?' (DbType = Int32)], CommandType='"Text"', CommandTimeout='30']
SELECT a.id, a.created_at, a.created_by, a.deleted_at, a.registration, a.registration_type, a.role_id, a.updated_at, a.updated_by, a.user_id, a.verified, u.id, u.code, u.created_at, u.created_by, u.date_of_birth, u.deleted_at, u.gender, u.name, u.status, u.updated_at, u.updated_by, r0.id, r0.created_at, r0.created_by, r0.deleted_at, r0.description, r0.name, r0.updated_at, r0.updated_by
FROM accounts AS a
INNER JOIN (
    SELECT r.id
    FROM roles AS r
    WHERE r.name = @__roleName_2
) AS t ON a.role_id = t.id
INNER JOIN users AS u ON a.user_id = u.id
LEFT JOIN roles AS r0 ON a.role_id = r0.id
WHERE (a.registration = @__registration_0) AND (a.registration_type = @__registrationType_1)
LIMIT 1
[2022-07-21 23:34:26.115 +07:00  INF]  User profile is available. Using 'C:\Users\quach\AppData\Local\ASP.NET\DataProtection-Keys' as key repository and Windows DPAPI to encrypt keys at rest.
[2022-07-21 23:34:26.301 +07:00  INF]  Now listening on: https://localhost:7019
[2022-07-21 23:34:26.301 +07:00  INF]  Now listening on: http://localhost:5019
[2022-07-21 23:34:26.303 +07:00  INF]  Application started. Press Ctrl+C to shut down.
[2022-07-21 23:34:26.303 +07:00  INF]  Hosting environment: Development
[2022-07-21 23:34:26.303 +07:00  INF]  Content root path: D:\DotNet_Study\projects\MaaS\API\
[2022-07-21 23:34:27.136 +07:00  INF]  Request starting HTTP/2 GET https://localhost:7019/swagger/index.html - -
[2022-07-21 23:34:27.461 +07:00  INF]  Request starting HTTP/2 GET https://localhost:7019/_framework/aspnetcore-browser-refresh.js - -
[2022-07-21 23:34:27.469 +07:00  INF]  Request finished HTTP/2 GET https://localhost:7019/swagger/index.html - - - 200 - text/html;charset=utf-8 336.8968ms
[2022-07-21 23:34:27.469 +07:00  INF]  Request finished HTTP/2 GET https://localhost:7019/_framework/aspnetcore-browser-refresh.js - - - 200 11964 application/javascript;+charset=utf-8 6.9492ms
[2022-07-21 23:34:27.586 +07:00  INF]  Request starting HTTP/2 GET https://localhost:7019/swagger/v1/swagger.json - -
[2022-07-21 23:34:27.741 +07:00  INF]  Request finished HTTP/2 GET https://localhost:7019/swagger/v1/swagger.json - - - 200 - application/json;charset=utf-8 154.5553ms
[2022-07-21 23:34:33.074 +07:00  INF]  Request starting HTTP/2 GET https://localhost:7019/api/bookers/phone/send-otp?PhoneNumber=%2B84837226239 - -
[2022-07-21 23:34:33.153 +07:00  INF]  Executing endpoint 'API.Controllers.Booker.BookersController.SendPhoneOtp (API)'
[2022-07-21 23:34:33.180 +07:00  INF]  Route matched with {action = "SendPhoneOtp", controller = "Bookers"}. Executing controller action with signature System.Threading.Tasks.Task`1[Microsoft.AspNetCore.Mvc.IActionResult] SendPhoneOtp(API.Models.Requests.SendPhoneOtpRequest) on controller API.Controllers.Booker.BookersController (API).
[2022-07-21 23:34:34.572 +07:00  INF]  Entity Framework Core 6.0.6 initialized 'AppDbContext' using provider 'Npgsql.EntityFrameworkCore.PostgreSQL:6.0.5+9d79af6e2586d5d28da253ac075706a5575a1743' with options: MaxPoolSize=1024 
[2022-07-21 23:34:35.419 +07:00  INF]  Executed DbCommand (84ms) [Parameters=[@__roleName_2='?', @__registration_0='?', @__registrationType_1='?' (DbType = Int32)], CommandType='"Text"', CommandTimeout='30']
SELECT a.id, a.created_at, a.created_by, a.deleted_at, a.registration, a.registration_type, a.role_id, a.updated_at, a.updated_by, a.user_id, a.verified, u.id, u.code, u.created_at, u.created_by, u.date_of_birth, u.deleted_at, u.gender, u.name, u.status, u.updated_at, u.updated_by, r0.id, r0.created_at, r0.created_by, r0.deleted_at, r0.description, r0.name, r0.updated_at, r0.updated_by
FROM accounts AS a
INNER JOIN (
    SELECT r.id
    FROM roles AS r
    WHERE r.name = @__roleName_2
) AS t ON a.role_id = t.id
INNER JOIN users AS u ON a.user_id = u.id
LEFT JOIN roles AS r0 ON a.role_id = r0.id
WHERE (a.registration = @__registration_0) AND (a.registration_type = @__registrationType_1)
LIMIT 1
[2022-07-21 23:34:35.635 +07:00  INF]  Executed action API.Controllers.Booker.BookersController.SendPhoneOtp (API) in 2450.1431ms
[2022-07-21 23:34:35.637 +07:00  INF]  Executed endpoint 'API.Controllers.Booker.BookersController.SendPhoneOtp (API)'
[2022-07-21 23:34:35.643 +07:00  ERR]  An unhandled exception has occurred while executing the request.
Twilio.Exceptions.AuthenticationException: Username can not be null
   at Twilio.TwilioClient.SetUsername(String username)
   at Twilio.TwilioClient.Init(String username, String password)
   at API.Services.VerifiedCodeService.SendSMS(String sms, String toPhoneNumber) in D:\DotNet_Study\projects\MaaS\API\Services\VerifiedCodeService.cs:line 56
   at API.Services.VerifiedCodeService.SendPhoneOtp(String phoneNumber) in D:\DotNet_Study\projects\MaaS\API\Services\VerifiedCodeService.cs:line 39
   at API.Controllers.Booker.BookersController.SendPhoneOtp(SendPhoneOtpRequest request) in D:\DotNet_Study\projects\MaaS\API\Controllers\Booker\BookersController.cs:line 29
   at Microsoft.AspNetCore.Mvc.Infrastructure.ActionMethodExecutor.TaskOfIActionResultExecutor.Execute(IActionResultTypeMapper mapper, ObjectMethodExecutor executor, Object controller, Object[] arguments)
   at Microsoft.AspNetCore.Mvc.Infrastructure.ControllerActionInvoker.<InvokeActionMethodAsync>g__Awaited|12_0(ControllerActionInvoker invoker, ValueTask`1 actionResultValueTask)
   at Microsoft.AspNetCore.Mvc.Infrastructure.ControllerActionInvoker.<InvokeNextActionFilterAsync>g__Awaited|10_0(ControllerActionInvoker invoker, Task lastTask, State next, Scope scope, Object state, Boolean isCompleted)
   at Microsoft.AspNetCore.Mvc.Infrastructure.ControllerActionInvoker.Rethrow(ActionExecutedContextSealed context)
   at Microsoft.AspNetCore.Mvc.Infrastructure.ControllerActionInvoker.Next(State& next, Scope& scope, Object& state, Boolean& isCompleted)
   at Microsoft.AspNetCore.Mvc.Infrastructure.ControllerActionInvoker.<InvokeInnerFilterAsync>g__Awaited|13_0(ControllerActionInvoker invoker, Task lastTask, State next, Scope scope, Object state, Boolean isCompleted)
   at Microsoft.AspNetCore.Mvc.Infrastructure.ResourceInvoker.<InvokeFilterPipelineAsync>g__Awaited|20_0(ResourceInvoker invoker, Task lastTask, State next, Scope scope, Object state, Boolean isCompleted)
   at Microsoft.AspNetCore.Mvc.Infrastructure.ResourceInvoker.<InvokeAsync>g__Logged|17_1(ResourceInvoker invoker)
   at Microsoft.AspNetCore.Mvc.Infrastructure.ResourceInvoker.<InvokeAsync>g__Logged|17_1(ResourceInvoker invoker)
   at Microsoft.AspNetCore.Routing.EndpointMiddleware.<Invoke>g__AwaitRequestTask|6_0(Endpoint endpoint, Task requestTask, ILogger logger)
   at Microsoft.AspNetCore.Authorization.AuthorizationMiddleware.Invoke(HttpContext context)
   at Microsoft.AspNetCore.Authentication.AuthenticationMiddleware.Invoke(HttpContext context)
   at Swashbuckle.AspNetCore.SwaggerUI.SwaggerUIMiddleware.Invoke(HttpContext httpContext)
   at Swashbuckle.AspNetCore.Swagger.SwaggerMiddleware.Invoke(HttpContext httpContext, ISwaggerProvider swaggerProvider)
   at Microsoft.AspNetCore.Diagnostics.DeveloperExceptionPageMiddleware.Invoke(HttpContext context)
[2022-07-21 23:34:35.713 +07:00  INF]  Request finished HTTP/2 GET https://localhost:7019/api/bookers/phone/send-otp?PhoneNumber=%2B84837226239 - - - 500 - text/plain;+charset=utf-8 2639.1943ms
[2022-07-21 23:56:22.664 +07:00  INF]  User profile is available. Using 'C:\Users\quach\AppData\Local\ASP.NET\DataProtection-Keys' as key repository and Windows DPAPI to encrypt keys at rest.
[2022-07-21 23:56:22.905 +07:00  INF]  Now listening on: https://localhost:7019
[2022-07-21 23:56:22.905 +07:00  INF]  Now listening on: http://localhost:5019
[2022-07-21 23:56:22.907 +07:00  INF]  Application started. Press Ctrl+C to shut down.
[2022-07-21 23:56:22.907 +07:00  INF]  Hosting environment: Development
[2022-07-21 23:56:22.907 +07:00  INF]  Content root path: D:\DotNet_Study\projects\MaaS\API\
[2022-07-21 23:56:23.745 +07:00  INF]  Request starting HTTP/2 GET https://localhost:7019/swagger/index.html - -
[2022-07-21 23:56:24.052 +07:00  INF]  Request starting HTTP/2 GET https://localhost:7019/_framework/aspnetcore-browser-refresh.js - -
[2022-07-21 23:56:24.060 +07:00  INF]  Request finished HTTP/2 GET https://localhost:7019/swagger/index.html - - - 200 - text/html;charset=utf-8 321.6824ms
[2022-07-21 23:56:24.061 +07:00  INF]  Request finished HTTP/2 GET https://localhost:7019/_framework/aspnetcore-browser-refresh.js - - - 200 11964 application/javascript;+charset=utf-8 9.7445ms
[2022-07-21 23:56:24.186 +07:00  INF]  Request starting HTTP/2 GET https://localhost:7019/swagger/v1/swagger.json - -
[2022-07-21 23:56:24.338 +07:00  INF]  Request finished HTTP/2 GET https://localhost:7019/swagger/v1/swagger.json - - - 200 - application/json;charset=utf-8 151.6634ms
[2022-07-21 23:56:28.272 +07:00  INF]  Request starting HTTP/2 GET https://localhost:7019/api/bookers/phone/send-otp?PhoneNumber=%2B84837226239 - -
[2022-07-21 23:56:28.374 +07:00  INF]  Executing endpoint 'API.Controllers.Booker.BookersController.SendPhoneOtp (API)'
[2022-07-21 23:56:28.407 +07:00  INF]  Route matched with {action = "SendPhoneOtp", controller = "Bookers"}. Executing controller action with signature System.Threading.Tasks.Task`1[Microsoft.AspNetCore.Mvc.IActionResult] SendPhoneOtp(API.Models.Requests.SendPhoneOtpRequest) on controller API.Controllers.Booker.BookersController (API).
[2022-07-21 23:56:29.855 +07:00  INF]  Entity Framework Core 6.0.6 initialized 'AppDbContext' using provider 'Npgsql.EntityFrameworkCore.PostgreSQL:6.0.5+9d79af6e2586d5d28da253ac075706a5575a1743' with options: MaxPoolSize=1024 
[2022-07-21 23:56:30.759 +07:00  INF]  Executed DbCommand (86ms) [Parameters=[@__roleName_2='?', @__registration_0='?', @__registrationType_1='?' (DbType = Int32)], CommandType='"Text"', CommandTimeout='30']
SELECT a.id, a.created_at, a.created_by, a.deleted_at, a.registration, a.registration_type, a.role_id, a.updated_at, a.updated_by, a.user_id, a.verified, u.id, u.code, u.created_at, u.created_by, u.date_of_birth, u.deleted_at, u.gender, u.name, u.status, u.updated_at, u.updated_by, r0.id, r0.created_at, r0.created_by, r0.deleted_at, r0.description, r0.name, r0.updated_at, r0.updated_by
FROM accounts AS a
INNER JOIN (
    SELECT r.id
    FROM roles AS r
    WHERE r.name = @__roleName_2
) AS t ON a.role_id = t.id
INNER JOIN users AS u ON a.user_id = u.id
LEFT JOIN roles AS r0 ON a.role_id = r0.id
WHERE (a.registration = @__registration_0) AND (a.registration_type = @__registrationType_1)
LIMIT 1
[2022-07-21 23:56:32.584 +07:00  INF]  Executing OkObjectResult, writing value of type 'API.Models.Response.Response'.
[2022-07-21 23:56:32.596 +07:00  INF]  Executed action API.Controllers.Booker.BookersController.SendPhoneOtp (API) in 4183.4774ms
[2022-07-21 23:56:32.597 +07:00  INF]  Executed endpoint 'API.Controllers.Booker.BookersController.SendPhoneOtp (API)'
[2022-07-21 23:56:32.610 +07:00  INF]  Request finished HTTP/2 GET https://localhost:7019/api/bookers/phone/send-otp?PhoneNumber=%2B84837226239 - - - 200 - application/json;+charset=utf-8 4337.4697ms
