[2022-07-19 17:03:19.857 +07:00  INF]  User profile is available. Using 'C:\Users\quach\AppData\Local\ASP.NET\DataProtection-Keys' as key repository and Windows DPAPI to encrypt keys at rest.
[2022-07-19 17:03:20.211 +07:00  INF]  Now listening on: https://localhost:7019
[2022-07-19 17:03:20.211 +07:00  INF]  Now listening on: http://localhost:5019
[2022-07-19 17:03:20.217 +07:00  INF]  Application started. Press Ctrl+C to shut down.
[2022-07-19 17:03:20.217 +07:00  INF]  Hosting environment: Development
[2022-07-19 17:03:20.217 +07:00  INF]  Content root path: D:\DotNet_Study\projects\MaaS\API\
[2022-07-19 17:03:24.108 +07:00  INF]  Request starting HTTP/2 GET https://localhost:7019/swagger/index.html - -
[2022-07-19 17:03:24.627 +07:00  INF]  Request finished HTTP/2 GET https://localhost:7019/swagger/index.html - - - 200 - text/html;charset=utf-8 526.8325ms
[2022-07-19 17:03:24.815 +07:00  INF]  Request starting HTTP/2 GET https://localhost:7019/_framework/aspnetcore-browser-refresh.js - -
[2022-07-19 17:03:24.823 +07:00  INF]  Request finished HTTP/2 GET https://localhost:7019/_framework/aspnetcore-browser-refresh.js - - - 200 11964 application/javascript;+charset=utf-8 7.2327ms
[2022-07-19 17:03:25.108 +07:00  INF]  Request starting HTTP/2 GET https://localhost:7019/swagger/v1/swagger.json - -
[2022-07-19 17:03:25.278 +07:00  INF]  Request finished HTTP/2 GET https://localhost:7019/swagger/v1/swagger.json - - - 200 - application/json;charset=utf-8 169.5279ms
[2022-07-19 17:33:55.606 +07:00  INF]  Request starting HTTP/2 POST https://localhost:7019/api/drivers/login-by-email application/json 1195
[2022-07-19 17:33:55.611 +07:00  INF]  CORS policy execution successful.
[2022-07-19 17:33:55.720 +07:00  INF]  Executing endpoint 'API.Controllers.Admin.DriversController.LoginByEmail (API)'
[2022-07-19 17:33:55.753 +07:00  INF]  Route matched with {action = "LoginByEmail", controller = "Drivers"}. Executing controller action with signature System.Threading.Tasks.Task`1[Microsoft.AspNetCore.Mvc.IActionResult] LoginByEmail(API.Models.Requests.LoginByEmailRequest) on controller API.Controllers.Admin.DriversController (API).
[2022-07-19 17:33:57.700 +07:00  INF]  Entity Framework Core 6.0.6 initialized 'AppDbContext' using provider 'Npgsql.EntityFrameworkCore.PostgreSQL:6.0.5+9d79af6e2586d5d28da253ac075706a5575a1743' with options: MaxPoolSize=1024 
[2022-07-19 17:33:58.630 +07:00  INF]  Executed DbCommand (80ms) [Parameters=[@__roleName_1='?', @__email_0='?'], CommandType='"Text"', CommandTimeout='30']
SELECT a.id, a.created_at, a.created_by, a.deleted_at, a.registration, a.registration_type, a.role_id, a.updated_at, a.updated_by, a.user_id, a.verified, u.id, u.code, u.created_at, u.created_by, u.date_of_birth, u.deleted_at, u.gender, u.name, u.status, u.updated_at, u.updated_by, r0.id, r0.created_at, r0.created_by, r0.deleted_at, r0.description, r0.name, r0.updated_at, r0.updated_by
FROM accounts AS a
INNER JOIN (
    SELECT r.id
    FROM roles AS r
    WHERE r.name = @__roleName_1
) AS t ON a.role_id = t.id
INNER JOIN users AS u ON a.user_id = u.id
LEFT JOIN roles AS r0 ON a.role_id = r0.id
WHERE (a.registration = @__email_0) AND (a.registration_type = 0)
LIMIT 1
[2022-07-19 17:33:58.896 +07:00  INF]  Executing JsonResult, writing value of type 'API.Models.Response.Response'.
[2022-07-19 17:33:58.912 +07:00  INF]  Executed action API.Controllers.Admin.DriversController.LoginByEmail (API) in 3154.081ms
[2022-07-19 17:33:58.913 +07:00  INF]  Executed endpoint 'API.Controllers.Admin.DriversController.LoginByEmail (API)'
[2022-07-19 17:33:58.926 +07:00  INF]  Request finished HTTP/2 POST https://localhost:7019/api/drivers/login-by-email application/json 1195 - 200 - application/json;+charset=utf-8 3319.8612ms
[2022-07-19 17:34:58.982 +07:00  INF]  User profile is available. Using 'C:\Users\quach\AppData\Local\ASP.NET\DataProtection-Keys' as key repository and Windows DPAPI to encrypt keys at rest.
[2022-07-19 17:34:59.241 +07:00  INF]  Now listening on: https://localhost:7019
[2022-07-19 17:34:59.241 +07:00  INF]  Now listening on: http://localhost:5019
[2022-07-19 17:34:59.243 +07:00  INF]  Application started. Press Ctrl+C to shut down.
[2022-07-19 17:34:59.243 +07:00  INF]  Hosting environment: Development
[2022-07-19 17:34:59.243 +07:00  INF]  Content root path: D:\DotNet_Study\projects\MaaS\API\
[2022-07-19 17:35:00.117 +07:00  INF]  Request starting HTTP/2 GET https://localhost:7019/swagger/index.html - -
[2022-07-19 17:35:00.525 +07:00  INF]  Request starting HTTP/2 GET https://localhost:7019/_framework/aspnetcore-browser-refresh.js - -
[2022-07-19 17:35:00.530 +07:00  INF]  Request finished HTTP/2 GET https://localhost:7019/swagger/index.html - - - 200 - text/html;charset=utf-8 417.9144ms
[2022-07-19 17:35:00.530 +07:00  INF]  Request finished HTTP/2 GET https://localhost:7019/_framework/aspnetcore-browser-refresh.js - - - 200 11964 application/javascript;+charset=utf-8 5.5020ms
[2022-07-19 17:35:00.686 +07:00  INF]  Request starting HTTP/2 GET https://localhost:7019/swagger/v1/swagger.json - -
[2022-07-19 17:35:00.816 +07:00  INF]  Request finished HTTP/2 GET https://localhost:7019/swagger/v1/swagger.json - - - 200 - application/json;charset=utf-8 129.7041ms
[2022-07-19 17:35:06.098 +07:00  INF]  Request starting HTTP/2 POST https://localhost:7019/api/drivers/login-by-email application/json 1195
[2022-07-19 17:35:06.105 +07:00  INF]  CORS policy execution successful.
[2022-07-19 17:35:06.173 +07:00  INF]  Executing endpoint 'API.Controllers.Admin.DriversController.LoginByEmail (API)'
[2022-07-19 17:35:06.198 +07:00  INF]  Route matched with {action = "LoginByEmail", controller = "Drivers"}. Executing controller action with signature System.Threading.Tasks.Task`1[Microsoft.AspNetCore.Mvc.IActionResult] LoginByEmail(API.Models.Requests.LoginByEmailRequest) on controller API.Controllers.Admin.DriversController (API).
[2022-07-19 17:35:07.876 +07:00  INF]  Entity Framework Core 6.0.6 initialized 'AppDbContext' using provider 'Npgsql.EntityFrameworkCore.PostgreSQL:6.0.5+9d79af6e2586d5d28da253ac075706a5575a1743' with options: MaxPoolSize=1024 
[2022-07-19 17:35:08.735 +07:00  INF]  Executed DbCommand (83ms) [Parameters=[@__roleName_1='?', @__email_0='?'], CommandType='"Text"', CommandTimeout='30']
SELECT a.id, a.created_at, a.created_by, a.deleted_at, a.registration, a.registration_type, a.role_id, a.updated_at, a.updated_by, a.user_id, a.verified, u.id, u.code, u.created_at, u.created_by, u.date_of_birth, u.deleted_at, u.gender, u.name, u.status, u.updated_at, u.updated_by, r0.id, r0.created_at, r0.created_by, r0.deleted_at, r0.description, r0.name, r0.updated_at, r0.updated_by
FROM accounts AS a
INNER JOIN (
    SELECT r.id
    FROM roles AS r
    WHERE r.name = @__roleName_1
) AS t ON a.role_id = t.id
INNER JOIN users AS u ON a.user_id = u.id
LEFT JOIN roles AS r0 ON a.role_id = r0.id
WHERE (a.registration = @__email_0) AND (a.registration_type = 0)
LIMIT 1
[2022-07-19 17:35:08.996 +07:00  INF]  Executing JsonResult, writing value of type 'API.Models.Response.Response'.
[2022-07-19 17:35:09.011 +07:00  INF]  Executed action API.Controllers.Admin.DriversController.LoginByEmail (API) in 2807.4328ms
[2022-07-19 17:35:09.013 +07:00  INF]  Executed endpoint 'API.Controllers.Admin.DriversController.LoginByEmail (API)'
[2022-07-19 17:35:09.026 +07:00  INF]  Request finished HTTP/2 POST https://localhost:7019/api/drivers/login-by-email application/json 1195 - 200 - application/json;+charset=utf-8 2927.8878ms
[2022-07-19 21:00:02.577 +07:00  INF]  User profile is available. Using 'C:\Users\quach\AppData\Local\ASP.NET\DataProtection-Keys' as key repository and Windows DPAPI to encrypt keys at rest.
[2022-07-19 21:00:02.778 +07:00  INF]  Now listening on: https://localhost:7019
[2022-07-19 21:00:02.778 +07:00  INF]  Now listening on: http://localhost:5019
[2022-07-19 21:00:02.781 +07:00  INF]  Application started. Press Ctrl+C to shut down.
[2022-07-19 21:00:02.781 +07:00  INF]  Hosting environment: Development
[2022-07-19 21:00:02.781 +07:00  INF]  Content root path: D:\DotNet_Study\projects\MaaS\API\
[2022-07-19 21:00:03.412 +07:00  INF]  Request starting HTTP/2 GET https://localhost:7019/swagger/index.html - -
[2022-07-19 21:00:03.916 +07:00  INF]  Request finished HTTP/2 GET https://localhost:7019/swagger/index.html - - - 200 - text/html;charset=utf-8 507.5028ms
[2022-07-19 21:00:03.941 +07:00  INF]  Request starting HTTP/2 GET https://localhost:7019/_framework/aspnetcore-browser-refresh.js - -
[2022-07-19 21:00:03.949 +07:00  INF]  Request finished HTTP/2 GET https://localhost:7019/_framework/aspnetcore-browser-refresh.js - - - 200 11964 application/javascript;+charset=utf-8 8.1434ms
[2022-07-19 21:00:04.156 +07:00  INF]  Request starting HTTP/2 GET https://localhost:7019/swagger/v1/swagger.json - -
[2022-07-19 21:00:04.303 +07:00  INF]  Request finished HTTP/2 GET https://localhost:7019/swagger/v1/swagger.json - - - 200 - application/json;charset=utf-8 147.2215ms
[2022-07-19 21:00:47.359 +07:00  INF]  Request starting HTTP/2 POST https://localhost:7019/api/drivers/login-by-email application/json 1195
[2022-07-19 21:00:47.368 +07:00  INF]  CORS policy execution successful.
[2022-07-19 21:00:47.441 +07:00  INF]  Executing endpoint 'API.Controllers.Admin.DriversController.LoginByEmail (API)'
[2022-07-19 21:00:47.471 +07:00  INF]  Route matched with {action = "LoginByEmail", controller = "Drivers"}. Executing controller action with signature System.Threading.Tasks.Task`1[Microsoft.AspNetCore.Mvc.IActionResult] LoginByEmail(API.Models.Requests.LoginByEmailRequest) on controller API.Controllers.Admin.DriversController (API).
[2022-07-19 21:00:49.206 +07:00  INF]  Entity Framework Core 6.0.6 initialized 'AppDbContext' using provider 'Npgsql.EntityFrameworkCore.PostgreSQL:6.0.5+9d79af6e2586d5d28da253ac075706a5575a1743' with options: MaxPoolSize=1024 
[2022-07-19 21:00:50.109 +07:00  INF]  Executed DbCommand (82ms) [Parameters=[@__roleName_1='?', @__email_0='?'], CommandType='"Text"', CommandTimeout='30']
SELECT a.id, a.created_at, a.created_by, a.deleted_at, a.registration, a.registration_type, a.role_id, a.updated_at, a.updated_by, a.user_id, a.verified, u.id, u.code, u.created_at, u.created_by, u.date_of_birth, u.deleted_at, u.gender, u.name, u.status, u.updated_at, u.updated_by, r0.id, r0.created_at, r0.created_by, r0.deleted_at, r0.description, r0.name, r0.updated_at, r0.updated_by
FROM accounts AS a
INNER JOIN (
    SELECT r.id
    FROM roles AS r
    WHERE r.name = @__roleName_1
) AS t ON a.role_id = t.id
INNER JOIN users AS u ON a.user_id = u.id
LEFT JOIN roles AS r0 ON a.role_id = r0.id
WHERE (a.registration = @__email_0) AND (a.registration_type = 0)
LIMIT 1
[2022-07-19 21:00:50.368 +07:00  INF]  Executing JsonResult, writing value of type 'API.Models.Response.Response'.
[2022-07-19 21:00:50.383 +07:00  INF]  Executed action API.Controllers.Admin.DriversController.LoginByEmail (API) in 2906.0242ms
[2022-07-19 21:00:50.384 +07:00  INF]  Executed endpoint 'API.Controllers.Admin.DriversController.LoginByEmail (API)'
[2022-07-19 21:00:50.399 +07:00  INF]  Request finished HTTP/2 POST https://localhost:7019/api/drivers/login-by-email application/json 1195 - 200 - application/json;+charset=utf-8 3039.9140ms
[2022-07-19 21:03:35.591 +07:00  INF]  User profile is available. Using 'C:\Users\quach\AppData\Local\ASP.NET\DataProtection-Keys' as key repository and Windows DPAPI to encrypt keys at rest.
[2022-07-19 21:03:35.859 +07:00  INF]  Now listening on: https://localhost:7019
[2022-07-19 21:03:35.859 +07:00  INF]  Now listening on: http://localhost:5019
[2022-07-19 21:03:35.862 +07:00  INF]  Application started. Press Ctrl+C to shut down.
[2022-07-19 21:03:35.862 +07:00  INF]  Hosting environment: Development
[2022-07-19 21:03:35.862 +07:00  INF]  Content root path: D:\DotNet_Study\projects\MaaS\API\
[2022-07-19 21:03:36.619 +07:00  INF]  Request starting HTTP/2 GET https://localhost:7019/swagger/index.html - -
[2022-07-19 21:03:36.957 +07:00  INF]  Request starting HTTP/2 GET https://localhost:7019/_framework/aspnetcore-browser-refresh.js - -
[2022-07-19 21:03:36.958 +07:00  INF]  Request finished HTTP/2 GET https://localhost:7019/swagger/index.html - - - 200 - text/html;charset=utf-8 340.3824ms
[2022-07-19 21:03:37.029 +07:00  INF]  Request finished HTTP/2 GET https://localhost:7019/_framework/aspnetcore-browser-refresh.js - - - 200 11964 application/javascript;+charset=utf-8 71.8574ms
[2022-07-19 21:03:37.136 +07:00  INF]  Request starting HTTP/2 GET https://localhost:7019/swagger/v1/swagger.json - -
[2022-07-19 21:03:37.271 +07:00  INF]  Request finished HTTP/2 GET https://localhost:7019/swagger/v1/swagger.json - - - 200 - application/json;charset=utf-8 135.0850ms
[2022-07-19 21:03:52.022 +07:00  INF]  Request starting HTTP/2 POST https://localhost:7019/api/drivers/login-by-email application/json 1195
[2022-07-19 21:03:52.029 +07:00  INF]  CORS policy execution successful.
[2022-07-19 21:03:52.101 +07:00  INF]  Executing endpoint 'API.Controllers.Admin.DriversController.LoginByEmail (API)'
[2022-07-19 21:03:52.127 +07:00  INF]  Route matched with {action = "LoginByEmail", controller = "Drivers"}. Executing controller action with signature System.Threading.Tasks.Task`1[Microsoft.AspNetCore.Mvc.IActionResult] LoginByEmail(API.Models.Requests.LoginByEmailRequest) on controller API.Controllers.Admin.DriversController (API).
[2022-07-19 21:03:53.785 +07:00  INF]  Entity Framework Core 6.0.6 initialized 'AppDbContext' using provider 'Npgsql.EntityFrameworkCore.PostgreSQL:6.0.5+9d79af6e2586d5d28da253ac075706a5575a1743' with options: MaxPoolSize=1024 
[2022-07-19 21:03:54.657 +07:00  INF]  Executed DbCommand (81ms) [Parameters=[@__roleName_1='?', @__email_0='?'], CommandType='"Text"', CommandTimeout='30']
SELECT a.id, a.created_at, a.created_by, a.deleted_at, a.registration, a.registration_type, a.role_id, a.updated_at, a.updated_by, a.user_id, a.verified, u.id, u.code, u.created_at, u.created_by, u.date_of_birth, u.deleted_at, u.gender, u.name, u.status, u.updated_at, u.updated_by, r0.id, r0.created_at, r0.created_by, r0.deleted_at, r0.description, r0.name, r0.updated_at, r0.updated_by
FROM accounts AS a
INNER JOIN (
    SELECT r.id
    FROM roles AS r
    WHERE r.name = @__roleName_1
) AS t ON a.role_id = t.id
INNER JOIN users AS u ON a.user_id = u.id
LEFT JOIN roles AS r0 ON a.role_id = r0.id
WHERE (a.registration = @__email_0) AND (a.registration_type = 0)
LIMIT 1
[2022-07-19 21:03:54.914 +07:00  INF]  Executing JsonResult, writing value of type 'API.Models.Response.Response'.
[2022-07-19 21:03:54.932 +07:00  INF]  Executed action API.Controllers.Admin.DriversController.LoginByEmail (API) in 2800.1385ms
[2022-07-19 21:03:54.934 +07:00  INF]  Executed endpoint 'API.Controllers.Admin.DriversController.LoginByEmail (API)'
[2022-07-19 21:03:54.947 +07:00  INF]  Request finished HTTP/2 POST https://localhost:7019/api/drivers/login-by-email application/json 1195 - 200 - application/json;+charset=utf-8 2925.2649ms
[2022-07-19 21:12:00.753 +07:00  INF]  User profile is available. Using 'C:\Users\quach\AppData\Local\ASP.NET\DataProtection-Keys' as key repository and Windows DPAPI to encrypt keys at rest.
[2022-07-19 21:12:00.985 +07:00  INF]  Now listening on: https://localhost:7019
[2022-07-19 21:12:00.985 +07:00  INF]  Now listening on: http://localhost:5019
[2022-07-19 21:12:00.987 +07:00  INF]  Application started. Press Ctrl+C to shut down.
[2022-07-19 21:12:00.987 +07:00  INF]  Hosting environment: Development
[2022-07-19 21:12:00.987 +07:00  INF]  Content root path: D:\DotNet_Study\projects\MaaS\API\
[2022-07-19 21:12:01.755 +07:00  INF]  Request starting HTTP/2 GET https://localhost:7019/swagger/index.html - -
[2022-07-19 21:12:02.060 +07:00  INF]  Request starting HTTP/2 GET https://localhost:7019/_framework/aspnetcore-browser-refresh.js - -
[2022-07-19 21:12:02.071 +07:00  INF]  Request finished HTTP/2 GET https://localhost:7019/swagger/index.html - - - 200 - text/html;charset=utf-8 324.3786ms
[2022-07-19 21:12:02.071 +07:00  INF]  Request finished HTTP/2 GET https://localhost:7019/_framework/aspnetcore-browser-refresh.js - - - 200 11964 application/javascript;+charset=utf-8 7.9511ms
[2022-07-19 21:12:02.208 +07:00  INF]  Request starting HTTP/2 GET https://localhost:7019/swagger/v1/swagger.json - -
[2022-07-19 21:12:02.355 +07:00  INF]  Request finished HTTP/2 GET https://localhost:7019/swagger/v1/swagger.json - - - 200 - application/json;charset=utf-8 146.8287ms
[2022-07-19 21:12:17.120 +07:00  INF]  Request starting HTTP/2 POST https://localhost:7019/api/drivers/login-by-email application/json 1195
[2022-07-19 21:12:17.126 +07:00  INF]  CORS policy execution successful.
[2022-07-19 21:12:17.209 +07:00  INF]  Executing endpoint 'API.Controllers.Admin.DriversController.LoginByEmail (API)'
[2022-07-19 21:12:17.238 +07:00  INF]  Route matched with {action = "LoginByEmail", controller = "Drivers"}. Executing controller action with signature System.Threading.Tasks.Task`1[Microsoft.AspNetCore.Mvc.IActionResult] LoginByEmail(API.Models.Requests.LoginByEmailRequest) on controller API.Controllers.Admin.DriversController (API).
[2022-07-19 21:12:19.003 +07:00  INF]  Entity Framework Core 6.0.6 initialized 'AppDbContext' using provider 'Npgsql.EntityFrameworkCore.PostgreSQL:6.0.5+9d79af6e2586d5d28da253ac075706a5575a1743' with options: MaxPoolSize=1024 
[2022-07-19 21:12:19.869 +07:00  INF]  Executed DbCommand (82ms) [Parameters=[@__roleName_1='?', @__email_0='?'], CommandType='"Text"', CommandTimeout='30']
SELECT a.id, a.created_at, a.created_by, a.deleted_at, a.registration, a.registration_type, a.role_id, a.updated_at, a.updated_by, a.user_id, a.verified, u.id, u.code, u.created_at, u.created_by, u.date_of_birth, u.deleted_at, u.gender, u.name, u.status, u.updated_at, u.updated_by, r0.id, r0.created_at, r0.created_by, r0.deleted_at, r0.description, r0.name, r0.updated_at, r0.updated_by
FROM accounts AS a
INNER JOIN (
    SELECT r.id
    FROM roles AS r
    WHERE r.name = @__roleName_1
) AS t ON a.role_id = t.id
INNER JOIN users AS u ON a.user_id = u.id
LEFT JOIN roles AS r0 ON a.role_id = r0.id
WHERE (a.registration = @__email_0) AND (a.registration_type = 0)
LIMIT 1
[2022-07-19 21:12:20.123 +07:00  INF]  Executing JsonResult, writing value of type 'API.Models.Response.Response'.
[2022-07-19 21:12:20.140 +07:00  INF]  Executed action API.Controllers.Admin.DriversController.LoginByEmail (API) in 2896.0199ms
[2022-07-19 21:12:20.141 +07:00  INF]  Executed endpoint 'API.Controllers.Admin.DriversController.LoginByEmail (API)'
[2022-07-19 21:12:20.155 +07:00  INF]  Request finished HTTP/2 POST https://localhost:7019/api/drivers/login-by-email application/json 1195 - 200 - application/json;+charset=utf-8 3035.3814ms
[2022-07-19 21:14:02.569 +07:00  INF]  User profile is available. Using 'C:\Users\quach\AppData\Local\ASP.NET\DataProtection-Keys' as key repository and Windows DPAPI to encrypt keys at rest.
[2022-07-19 21:14:03.118 +07:00  INF]  Now listening on: https://localhost:7019
[2022-07-19 21:14:03.118 +07:00  INF]  Now listening on: http://localhost:5019
[2022-07-19 21:14:03.122 +07:00  INF]  Application started. Press Ctrl+C to shut down.
[2022-07-19 21:14:03.123 +07:00  INF]  Hosting environment: Development
[2022-07-19 21:14:03.123 +07:00  INF]  Content root path: D:\DotNet_Study\projects\MaaS\API\
[2022-07-19 21:14:03.648 +07:00  INF]  Request starting HTTP/2 GET https://localhost:7019/swagger/index.html - -
[2022-07-19 21:14:03.929 +07:00  INF]  Request starting HTTP/2 GET https://localhost:7019/_framework/aspnetcore-browser-refresh.js - -
[2022-07-19 21:14:03.936 +07:00  INF]  Request finished HTTP/2 GET https://localhost:7019/swagger/index.html - - - 200 - text/html;charset=utf-8 291.2808ms
[2022-07-19 21:14:03.936 +07:00  INF]  Request finished HTTP/2 GET https://localhost:7019/_framework/aspnetcore-browser-refresh.js - - - 200 11964 application/javascript;+charset=utf-8 5.4024ms
[2022-07-19 21:14:04.041 +07:00  INF]  Request starting HTTP/2 GET https://localhost:7019/swagger/v1/swagger.json - -
[2022-07-19 21:14:04.156 +07:00  INF]  Request finished HTTP/2 GET https://localhost:7019/swagger/v1/swagger.json - - - 200 - application/json;charset=utf-8 114.6911ms
[2022-07-19 21:14:11.051 +07:00  INF]  Request starting HTTP/2 POST https://localhost:7019/api/drivers/login-by-email application/json 1195
[2022-07-19 21:14:11.057 +07:00  INF]  CORS policy execution successful.
[2022-07-19 21:14:11.140 +07:00  INF]  Executing endpoint 'API.Controllers.Admin.DriversController.LoginByEmail (API)'
[2022-07-19 21:14:11.171 +07:00  INF]  Route matched with {action = "LoginByEmail", controller = "Drivers"}. Executing controller action with signature System.Threading.Tasks.Task`1[Microsoft.AspNetCore.Mvc.IActionResult] LoginByEmail(API.Models.Requests.LoginByEmailRequest) on controller API.Controllers.Admin.DriversController (API).
[2022-07-19 21:14:12.864 +07:00  INF]  Entity Framework Core 6.0.6 initialized 'AppDbContext' using provider 'Npgsql.EntityFrameworkCore.PostgreSQL:6.0.5+9d79af6e2586d5d28da253ac075706a5575a1743' with options: MaxPoolSize=1024 
[2022-07-19 21:14:13.707 +07:00  INF]  Executed DbCommand (79ms) [Parameters=[@__roleName_1='?', @__email_0='?'], CommandType='"Text"', CommandTimeout='30']
SELECT a.id, a.created_at, a.created_by, a.deleted_at, a.registration, a.registration_type, a.role_id, a.updated_at, a.updated_by, a.user_id, a.verified, u.id, u.code, u.created_at, u.created_by, u.date_of_birth, u.deleted_at, u.gender, u.name, u.status, u.updated_at, u.updated_by, r0.id, r0.created_at, r0.created_by, r0.deleted_at, r0.description, r0.name, r0.updated_at, r0.updated_by
FROM accounts AS a
INNER JOIN (
    SELECT r.id
    FROM roles AS r
    WHERE r.name = @__roleName_1
) AS t ON a.role_id = t.id
INNER JOIN users AS u ON a.user_id = u.id
LEFT JOIN roles AS r0 ON a.role_id = r0.id
WHERE (a.registration = @__email_0) AND (a.registration_type = 0)
LIMIT 1
[2022-07-19 21:37:24.556 +07:00  INF]  User profile is available. Using 'C:\Users\quach\AppData\Local\ASP.NET\DataProtection-Keys' as key repository and Windows DPAPI to encrypt keys at rest.
[2022-07-19 21:37:24.759 +07:00  INF]  Now listening on: https://localhost:7019
[2022-07-19 21:37:24.760 +07:00  INF]  Now listening on: http://localhost:5019
[2022-07-19 21:37:24.762 +07:00  INF]  Application started. Press Ctrl+C to shut down.
[2022-07-19 21:37:24.762 +07:00  INF]  Hosting environment: Development
[2022-07-19 21:37:24.762 +07:00  INF]  Content root path: D:\DotNet_Study\projects\MaaS\API\
[2022-07-19 21:37:25.809 +07:00  INF]  Request starting HTTP/2 GET https://localhost:7019/swagger/index.html - -
[2022-07-19 21:37:26.598 +07:00  INF]  Request starting HTTP/2 GET https://localhost:7019/_framework/aspnetcore-browser-refresh.js - -
[2022-07-19 21:37:26.601 +07:00  INF]  Request finished HTTP/2 GET https://localhost:7019/swagger/index.html - - - 200 - text/html;charset=utf-8 795.5348ms
[2022-07-19 21:37:26.610 +07:00  INF]  Request finished HTTP/2 GET https://localhost:7019/_framework/aspnetcore-browser-refresh.js - - - 200 11964 application/javascript;+charset=utf-8 12.3070ms
[2022-07-19 21:37:26.716 +07:00  INF]  Request starting HTTP/2 GET https://localhost:7019/swagger/v1/swagger.json - -
[2022-07-19 21:37:26.842 +07:00  INF]  Request finished HTTP/2 GET https://localhost:7019/swagger/v1/swagger.json - - - 200 - application/json;charset=utf-8 125.9685ms
[2022-07-19 21:37:31.292 +07:00  INF]  Request starting HTTP/2 POST https://localhost:7019/api/drivers/login-by-email application/json 1195
[2022-07-19 21:37:31.297 +07:00  INF]  CORS policy execution successful.
[2022-07-19 21:37:31.365 +07:00  INF]  Executing endpoint 'API.Controllers.Admin.DriversController.LoginByEmail (API)'
[2022-07-19 21:37:31.392 +07:00  INF]  Route matched with {action = "LoginByEmail", controller = "Drivers"}. Executing controller action with signature System.Threading.Tasks.Task`1[Microsoft.AspNetCore.Mvc.IActionResult] LoginByEmail(API.Models.Requests.LoginByEmailRequest) on controller API.Controllers.Admin.DriversController (API).
[2022-07-19 21:37:33.150 +07:00  INF]  Entity Framework Core 6.0.6 initialized 'AppDbContext' using provider 'Npgsql.EntityFrameworkCore.PostgreSQL:6.0.5+9d79af6e2586d5d28da253ac075706a5575a1743' with options: MaxPoolSize=1024 
[2022-07-19 21:37:33.983 +07:00  INF]  Executed DbCommand (78ms) [Parameters=[@__roleName_1='?', @__email_0='?'], CommandType='"Text"', CommandTimeout='30']
SELECT a.id, a.created_at, a.created_by, a.deleted_at, a.registration, a.registration_type, a.role_id, a.updated_at, a.updated_by, a.user_id, a.verified, u.id, u.code, u.created_at, u.created_by, u.date_of_birth, u.deleted_at, u.gender, u.name, u.status, u.updated_at, u.updated_by, r0.id, r0.created_at, r0.created_by, r0.deleted_at, r0.description, r0.name, r0.updated_at, r0.updated_by
FROM accounts AS a
INNER JOIN (
    SELECT r.id
    FROM roles AS r
    WHERE r.name = @__roleName_1
) AS t ON a.role_id = t.id
INNER JOIN users AS u ON a.user_id = u.id
LEFT JOIN roles AS r0 ON a.role_id = r0.id
WHERE (a.registration = @__email_0) AND (a.registration_type = 0)
LIMIT 1
[2022-07-19 21:37:34.237 +07:00  INF]  Executing JsonResult, writing value of type 'API.Models.Response.Response'.
[2022-07-19 21:37:34.253 +07:00  INF]  Executed action API.Controllers.Admin.DriversController.LoginByEmail (API) in 2855.4624ms
[2022-07-19 21:37:34.254 +07:00  INF]  Executed endpoint 'API.Controllers.Admin.DriversController.LoginByEmail (API)'
[2022-07-19 21:37:34.276 +07:00  INF]  Request finished HTTP/2 POST https://localhost:7019/api/drivers/login-by-email application/json 1195 - 200 - application/json;+charset=utf-8 2984.3157ms
