[2022-08-07 01:03:44.453 +07:00  INF]  User profile is available. Using 'C:\Users\Win\AppData\Local\ASP.NET\DataProtection-Keys' as key repository and Windows DPAPI to encrypt keys at rest.
[2022-08-07 01:03:44.718 +07:00  INF]  Now listening on: https://localhost:7019
[2022-08-07 01:03:44.718 +07:00  INF]  Now listening on: http://localhost:5019
[2022-08-07 01:03:44.721 +07:00  INF]  Application started. Press Ctrl+C to shut down.
[2022-08-07 01:03:44.721 +07:00  INF]  Hosting environment: Development
[2022-08-07 01:03:44.721 +07:00  INF]  Content root path: G:\.NET Core\ViGoAPI\ViGoAPI\API\
[2022-08-07 01:03:45.319 +07:00  INF]  Request starting HTTP/2 GET https://localhost:7019/swagger/index.html - -
[2022-08-07 01:03:45.985 +07:00  INF]  Request starting HTTP/2 GET https://localhost:7019/_framework/aspnetcore-browser-refresh.js - -
[2022-08-07 01:03:45.985 +07:00  INF]  Request starting HTTP/2 GET https://localhost:7019/_vs/browserLink - -
[2022-08-07 01:03:46.005 +07:00  INF]  Request finished HTTP/2 GET https://localhost:7019/swagger/index.html - - - 200 - text/html;charset=utf-8 695.7778ms
[2022-08-07 01:03:46.096 +07:00  INF]  Request finished HTTP/2 GET https://localhost:7019/_framework/aspnetcore-browser-refresh.js - - - 200 11976 application/javascript;+charset=utf-8 111.0787ms
[2022-08-07 01:03:46.189 +07:00  INF]  Request finished HTTP/2 GET https://localhost:7019/_vs/browserLink - - - 200 - text/javascript;+charset=UTF-8 204.6713ms
[2022-08-07 01:03:46.311 +07:00  INF]  Request starting HTTP/2 GET https://localhost:7019/swagger/v1/swagger.json - -
[2022-08-07 01:03:46.556 +07:00  INF]  Request finished HTTP/2 GET https://localhost:7019/swagger/v1/swagger.json - - - 200 - application/json;charset=utf-8 245.6072ms
[2022-08-07 01:03:50.465 +07:00  INF]  Request starting HTTP/2 POST https://localhost:7019/api/bookers/phone/loginfake - 0
[2022-08-07 01:03:50.471 +07:00  INF]  CORS policy execution successful.
[2022-08-07 01:03:50.558 +07:00  INF]  Executing endpoint 'API.Controllers.Booker.BookersController.LoginFake (API)'
[2022-08-07 01:03:50.575 +07:00  INF]  Route matched with {action = "LoginFake", controller = "Bookers"}. Executing controller action with signature System.Threading.Tasks.Task`1[Microsoft.AspNetCore.Mvc.IActionResult] LoginFake() on controller API.Controllers.Booker.BookersController (API).
[2022-08-07 01:04:54.665 +07:00  INF]  Executed action API.Controllers.Booker.BookersController.LoginFake (API) in 64083.7063ms
[2022-08-07 01:04:54.669 +07:00  INF]  Executed endpoint 'API.Controllers.Booker.BookersController.LoginFake (API)'
[2022-08-07 01:04:54.670 +07:00  ERR]  An unhandled exception has occurred while executing the request.
System.Reflection.TargetInvocationException: Exception has been thrown by the target of an invocation.
 ---> System.ArgumentOutOfRangeException: Domain.Entities.User is not derived from Domain.Entities.Role. (Parameter 'derivedType')
   at AutoMapper.Internal.TypeExtensions.CheckIsDerivedFrom(Type derivedType, Type baseType)
   at AutoMapper.Configuration.MappingExpressionBase.IncludeBaseCore(Type sourceBase, Type destinationBase)
   at AutoMapper.Configuration.MappingExpressionBase`3.IncludeBase(Type sourceBase, Type destinationBase)
   at API.Mapper.UserMappingProfile..ctor() in G:\.NET Core\ViGoAPI\ViGoAPI\API\Mapper\UserMappingProfile.cs:line 12
   at System.RuntimeType.CreateInstanceDefaultCtor(Boolean publicOnly, Boolean wrapExceptions)
   --- End of inner exception stack trace ---
   at System.RuntimeType.CreateInstanceDefaultCtor(Boolean publicOnly, Boolean wrapExceptions)
   at System.Activator.CreateInstance(Type type, Boolean nonPublic, Boolean wrapExceptions)
   at AutoMapper.MapperConfigurationExpression.AddProfile(Type profileType)
   at AutoMapper.MapperConfigurationExpression.AddMapsCore(IEnumerable`1 assembliesToScan)
   at Microsoft.Extensions.Options.ConfigureNamedOptions`1.Configure(String name, TOptions options)
   at Microsoft.Extensions.Options.OptionsFactory`1.Create(String name)
   at Microsoft.Extensions.Options.UnnamedOptionsManager`1.get_Value()
   at Microsoft.Extensions.DependencyInjection.ServiceCollectionExtensions.<>c.<AddAutoMapperClasses>b__12_2(IServiceProvider sp)
   at Microsoft.Extensions.DependencyInjection.ServiceLookup.CallSiteVisitor`2.VisitCallSiteMain(ServiceCallSite callSite, TArgument argument)
   at Microsoft.Extensions.DependencyInjection.ServiceLookup.CallSiteRuntimeResolver.VisitRootCache(ServiceCallSite callSite, RuntimeResolverContext context)
   at Microsoft.Extensions.DependencyInjection.ServiceLookup.CallSiteVisitor`2.VisitCallSite(ServiceCallSite callSite, TArgument argument)
   at Microsoft.Extensions.DependencyInjection.ServiceLookup.CallSiteRuntimeResolver.Resolve(ServiceCallSite callSite, ServiceProviderEngineScope scope)
   at Microsoft.Extensions.DependencyInjection.ServiceProvider.CreateServiceAccessor(Type serviceType)
   at System.Collections.Concurrent.ConcurrentDictionary`2.GetOrAdd(TKey key, Func`2 valueFactory)
   at Microsoft.Extensions.DependencyInjection.ServiceProvider.GetService(Type serviceType, ServiceProviderEngineScope serviceProviderEngineScope)
   at Microsoft.Extensions.DependencyInjection.ServiceLookup.ServiceProviderEngineScope.GetService(Type serviceType)
   at Microsoft.Extensions.DependencyInjection.ServiceProviderServiceExtensions.GetRequiredService(IServiceProvider provider, Type serviceType)
   at Microsoft.Extensions.DependencyInjection.ServiceProviderServiceExtensions.GetRequiredService[T](IServiceProvider provider)
   at Microsoft.Extensions.DependencyInjection.ServiceCollectionExtensions.<>c.<AddAutoMapperClasses>b__12_3(IServiceProvider sp)
   at Microsoft.Extensions.DependencyInjection.ServiceLookup.CallSiteVisitor`2.VisitCallSiteMain(ServiceCallSite callSite, TArgument argument)
   at Microsoft.Extensions.DependencyInjection.ServiceLookup.CallSiteVisitor`2.VisitCallSite(ServiceCallSite callSite, TArgument argument)
   at Microsoft.Extensions.DependencyInjection.ServiceLookup.CallSiteRuntimeResolver.Resolve(ServiceCallSite callSite, ServiceProviderEngineScope scope)
   at Microsoft.Extensions.DependencyInjection.ServiceLookup.DynamicServiceProviderEngine.<>c__DisplayClass2_0.<RealizeService>b__0(ServiceProviderEngineScope scope)
   at Microsoft.Extensions.DependencyInjection.ServiceProvider.GetService(Type serviceType, ServiceProviderEngineScope serviceProviderEngineScope)
   at Microsoft.Extensions.DependencyInjection.ServiceLookup.ServiceProviderEngineScope.GetService(Type serviceType)
   at Microsoft.Extensions.DependencyInjection.ActivatorUtilities.GetService(IServiceProvider sp, Type type, Type requiredBy, Boolean isDefaultParameterRequired)
   at lambda_method45(Closure , IServiceProvider , Object[] )
   at Microsoft.AspNetCore.Mvc.Controllers.ControllerActivatorProvider.<>c__DisplayClass7_0.<CreateActivator>b__0(ControllerContext controllerContext)
   at Microsoft.AspNetCore.Mvc.Controllers.ControllerFactoryProvider.<>c__DisplayClass6_0.<CreateControllerFactory>g__CreateController|0(ControllerContext controllerContext)
   at Microsoft.AspNetCore.Mvc.Infrastructure.ControllerActionInvoker.Next(State& next, Scope& scope, Object& state, Boolean& isCompleted)
   at Microsoft.AspNetCore.Mvc.Infrastructure.ControllerActionInvoker.InvokeInnerFilterAsync()
--- End of stack trace from previous location ---
   at Microsoft.AspNetCore.Mvc.Infrastructure.ResourceInvoker.<InvokeFilterPipelineAsync>g__Awaited|20_0(ResourceInvoker invoker, Task lastTask, State next, Scope scope, Object state, Boolean isCompleted)
   at Microsoft.AspNetCore.Mvc.Infrastructure.ResourceInvoker.<InvokeAsync>g__Logged|17_1(ResourceInvoker invoker)
   at Microsoft.AspNetCore.Mvc.Infrastructure.ResourceInvoker.<InvokeAsync>g__Logged|17_1(ResourceInvoker invoker)
   at Microsoft.AspNetCore.Routing.EndpointMiddleware.<Invoke>g__AwaitRequestTask|6_0(Endpoint endpoint, Task requestTask, ILogger logger)
   at Microsoft.AspNetCore.Authorization.AuthorizationMiddleware.Invoke(HttpContext context)
   at Microsoft.AspNetCore.Authentication.AuthenticationMiddleware.Invoke(HttpContext context)
   at Swashbuckle.AspNetCore.SwaggerUI.SwaggerUIMiddleware.Invoke(HttpContext httpContext)
   at Swashbuckle.AspNetCore.Swagger.SwaggerMiddleware.Invoke(HttpContext httpContext, ISwaggerProvider swaggerProvider)
   at Microsoft.AspNetCore.Diagnostics.DeveloperExceptionPageMiddleware.Invoke(HttpContext context)
[2022-08-07 01:04:54.715 +07:00  INF]  Request finished HTTP/2 POST https://localhost:7019/api/bookers/phone/loginfake - 0 - 500 - text/plain;+charset=utf-8 64249.3422ms
[2022-08-07 01:05:24.176 +07:00  INF]  User profile is available. Using 'C:\Users\Win\AppData\Local\ASP.NET\DataProtection-Keys' as key repository and Windows DPAPI to encrypt keys at rest.
[2022-08-07 01:05:24.415 +07:00  INF]  Now listening on: https://localhost:7019
[2022-08-07 01:05:24.416 +07:00  INF]  Now listening on: http://localhost:5019
[2022-08-07 01:05:24.418 +07:00  INF]  Application started. Press Ctrl+C to shut down.
[2022-08-07 01:05:24.419 +07:00  INF]  Hosting environment: Development
[2022-08-07 01:05:24.419 +07:00  INF]  Content root path: G:\.NET Core\ViGoAPI\ViGoAPI\API\
[2022-08-07 01:05:24.961 +07:00  INF]  Request starting HTTP/2 GET https://localhost:7019/swagger/index.html - -
[2022-08-07 01:05:25.323 +07:00  INF]  Request finished HTTP/2 GET https://localhost:7019/swagger/index.html - - - 200 - text/html;charset=utf-8 366.2214ms
[2022-08-07 01:05:25.353 +07:00  INF]  Request starting HTTP/2 GET https://localhost:7019/_framework/aspnetcore-browser-refresh.js - -
[2022-08-07 01:05:25.353 +07:00  INF]  Request starting HTTP/2 GET https://localhost:7019/_vs/browserLink - -
[2022-08-07 01:05:25.370 +07:00  INF]  Request finished HTTP/2 GET https://localhost:7019/_framework/aspnetcore-browser-refresh.js - - - 200 11976 application/javascript;+charset=utf-8 13.9104ms
[2022-08-07 01:05:25.390 +07:00  INF]  Request finished HTTP/2 GET https://localhost:7019/_vs/browserLink - - - 200 - text/javascript;+charset=UTF-8 37.1828ms
[2022-08-07 01:05:25.496 +07:00  INF]  Request starting HTTP/2 GET https://localhost:7019/swagger/v1/swagger.json - -
[2022-08-07 01:05:25.857 +07:00  INF]  Request finished HTTP/2 GET https://localhost:7019/swagger/v1/swagger.json - - - 200 - application/json;charset=utf-8 360.9696ms
[2022-08-07 01:05:29.251 +07:00  INF]  Request starting HTTP/2 POST https://localhost:7019/api/bookers/phone/loginfake - 0
[2022-08-07 01:05:29.259 +07:00  INF]  CORS policy execution successful.
[2022-08-07 01:05:29.353 +07:00  INF]  Executing endpoint 'API.Controllers.Booker.BookersController.LoginFake (API)'
[2022-08-07 01:05:29.370 +07:00  INF]  Route matched with {action = "LoginFake", controller = "Bookers"}. Executing controller action with signature System.Threading.Tasks.Task`1[Microsoft.AspNetCore.Mvc.IActionResult] LoginFake() on controller API.Controllers.Booker.BookersController (API).
[2022-08-07 01:05:29.552 +07:00  INF]  Executed action API.Controllers.Booker.BookersController.LoginFake (API) in 173.7892ms
[2022-08-07 01:05:29.555 +07:00  INF]  Executed endpoint 'API.Controllers.Booker.BookersController.LoginFake (API)'
[2022-08-07 01:05:29.556 +07:00  ERR]  An unhandled exception has occurred while executing the request.
System.InvalidOperationException: Missing map from System.Collections.Generic.List`1[Domain.Entities.Account] to API.Models.UserViewModel. Create using CreateMap<List`1, UserViewModel>.
   at AutoMapper.MapperConfiguration.GetIncludedTypeMap(TypePair pair)
   at AutoMapper.MapperConfiguration.AutoMapper.Internal.IGlobalConfiguration.GetIncludedTypeMap(Type sourceType, Type destinationType)
   at AutoMapper.ProfileMap.ApplyMemberMaps(TypeMap currentMap, IGlobalConfiguration configurationProvider)
   at AutoMapper.ProfileMap.ApplyMemberMaps(TypeMap currentMap, IGlobalConfiguration configurationProvider)
   at AutoMapper.ProfileMap.Configure(IGlobalConfiguration configurationProvider)
   at AutoMapper.MapperConfiguration.Seal()
   at AutoMapper.MapperConfiguration..ctor(MapperConfigurationExpression configurationExpression)
   at Microsoft.Extensions.DependencyInjection.ServiceCollectionExtensions.<>c.<AddAutoMapperClasses>b__12_2(IServiceProvider sp)
   at Microsoft.Extensions.DependencyInjection.ServiceLookup.CallSiteVisitor`2.VisitCallSiteMain(ServiceCallSite callSite, TArgument argument)
   at Microsoft.Extensions.DependencyInjection.ServiceLookup.CallSiteRuntimeResolver.VisitRootCache(ServiceCallSite callSite, RuntimeResolverContext context)
   at Microsoft.Extensions.DependencyInjection.ServiceLookup.CallSiteVisitor`2.VisitCallSite(ServiceCallSite callSite, TArgument argument)
   at Microsoft.Extensions.DependencyInjection.ServiceLookup.CallSiteRuntimeResolver.Resolve(ServiceCallSite callSite, ServiceProviderEngineScope scope)
   at Microsoft.Extensions.DependencyInjection.ServiceProvider.CreateServiceAccessor(Type serviceType)
   at System.Collections.Concurrent.ConcurrentDictionary`2.GetOrAdd(TKey key, Func`2 valueFactory)
   at Microsoft.Extensions.DependencyInjection.ServiceProvider.GetService(Type serviceType, ServiceProviderEngineScope serviceProviderEngineScope)
   at Microsoft.Extensions.DependencyInjection.ServiceLookup.ServiceProviderEngineScope.GetService(Type serviceType)
   at Microsoft.Extensions.DependencyInjection.ServiceProviderServiceExtensions.GetRequiredService(IServiceProvider provider, Type serviceType)
   at Microsoft.Extensions.DependencyInjection.ServiceProviderServiceExtensions.GetRequiredService[T](IServiceProvider provider)
   at Microsoft.Extensions.DependencyInjection.ServiceCollectionExtensions.<>c.<AddAutoMapperClasses>b__12_3(IServiceProvider sp)
   at Microsoft.Extensions.DependencyInjection.ServiceLookup.CallSiteVisitor`2.VisitCallSiteMain(ServiceCallSite callSite, TArgument argument)
   at Microsoft.Extensions.DependencyInjection.ServiceLookup.CallSiteVisitor`2.VisitCallSite(ServiceCallSite callSite, TArgument argument)
   at Microsoft.Extensions.DependencyInjection.ServiceLookup.CallSiteRuntimeResolver.Resolve(ServiceCallSite callSite, ServiceProviderEngineScope scope)
   at Microsoft.Extensions.DependencyInjection.ServiceLookup.DynamicServiceProviderEngine.<>c__DisplayClass2_0.<RealizeService>b__0(ServiceProviderEngineScope scope)
   at Microsoft.Extensions.DependencyInjection.ServiceProvider.GetService(Type serviceType, ServiceProviderEngineScope serviceProviderEngineScope)
   at Microsoft.Extensions.DependencyInjection.ServiceLookup.ServiceProviderEngineScope.GetService(Type serviceType)
   at Microsoft.Extensions.DependencyInjection.ActivatorUtilities.GetService(IServiceProvider sp, Type type, Type requiredBy, Boolean isDefaultParameterRequired)
   at lambda_method45(Closure , IServiceProvider , Object[] )
   at Microsoft.AspNetCore.Mvc.Controllers.ControllerActivatorProvider.<>c__DisplayClass7_0.<CreateActivator>b__0(ControllerContext controllerContext)
   at Microsoft.AspNetCore.Mvc.Controllers.ControllerFactoryProvider.<>c__DisplayClass6_0.<CreateControllerFactory>g__CreateController|0(ControllerContext controllerContext)
   at Microsoft.AspNetCore.Mvc.Infrastructure.ControllerActionInvoker.Next(State& next, Scope& scope, Object& state, Boolean& isCompleted)
   at Microsoft.AspNetCore.Mvc.Infrastructure.ControllerActionInvoker.InvokeInnerFilterAsync()
--- End of stack trace from previous location ---
   at Microsoft.AspNetCore.Mvc.Infrastructure.ResourceInvoker.<InvokeFilterPipelineAsync>g__Awaited|20_0(ResourceInvoker invoker, Task lastTask, State next, Scope scope, Object state, Boolean isCompleted)
   at Microsoft.AspNetCore.Mvc.Infrastructure.ResourceInvoker.<InvokeAsync>g__Logged|17_1(ResourceInvoker invoker)
   at Microsoft.AspNetCore.Mvc.Infrastructure.ResourceInvoker.<InvokeAsync>g__Logged|17_1(ResourceInvoker invoker)
   at Microsoft.AspNetCore.Routing.EndpointMiddleware.<Invoke>g__AwaitRequestTask|6_0(Endpoint endpoint, Task requestTask, ILogger logger)
   at Microsoft.AspNetCore.Authorization.AuthorizationMiddleware.Invoke(HttpContext context)
   at Microsoft.AspNetCore.Authentication.AuthenticationMiddleware.Invoke(HttpContext context)
   at Swashbuckle.AspNetCore.SwaggerUI.SwaggerUIMiddleware.Invoke(HttpContext httpContext)
   at Swashbuckle.AspNetCore.Swagger.SwaggerMiddleware.Invoke(HttpContext httpContext, ISwaggerProvider swaggerProvider)
   at Microsoft.AspNetCore.Diagnostics.DeveloperExceptionPageMiddleware.Invoke(HttpContext context)
[2022-08-07 01:05:29.600 +07:00  INF]  Request finished HTTP/2 POST https://localhost:7019/api/bookers/phone/loginfake - 0 - 500 - text/plain;+charset=utf-8 349.8668ms
[2022-08-07 21:03:00.652 +07:00  INF]  User profile is available. Using 'C:\Users\Win\AppData\Local\ASP.NET\DataProtection-Keys' as key repository and Windows DPAPI to encrypt keys at rest.
[2022-08-07 21:03:01.162 +07:00  INF]  Now listening on: https://localhost:7019
[2022-08-07 21:03:01.162 +07:00  INF]  Now listening on: http://localhost:5019
[2022-08-07 21:03:01.166 +07:00  INF]  Application started. Press Ctrl+C to shut down.
[2022-08-07 21:03:01.166 +07:00  INF]  Hosting environment: Development
[2022-08-07 21:03:01.166 +07:00  INF]  Content root path: G:\.NET Core\ViGoAPI\ViGoAPI\API\
[2022-08-07 21:03:01.769 +07:00  INF]  Request starting HTTP/2 GET https://localhost:7019/swagger/index.html - -
[2022-08-07 21:03:02.202 +07:00  INF]  Request finished HTTP/2 GET https://localhost:7019/swagger/index.html - - - 200 - text/html;charset=utf-8 436.0846ms
[2022-08-07 21:03:02.204 +07:00  INF]  Request starting HTTP/2 GET https://localhost:7019/_vs/browserLink - -
[2022-08-07 21:03:02.204 +07:00  INF]  Request starting HTTP/2 GET https://localhost:7019/_framework/aspnetcore-browser-refresh.js - -
[2022-08-07 21:03:02.212 +07:00  INF]  Request finished HTTP/2 GET https://localhost:7019/_framework/aspnetcore-browser-refresh.js - - - 200 11976 application/javascript;+charset=utf-8 7.1326ms
[2022-08-07 21:03:02.235 +07:00  INF]  Request finished HTTP/2 GET https://localhost:7019/_vs/browserLink - - - 200 - text/javascript;+charset=UTF-8 31.4705ms
[2022-08-07 21:03:02.354 +07:00  INF]  Request starting HTTP/2 GET https://localhost:7019/swagger/v1/swagger.json - -
[2022-08-07 21:03:02.500 +07:00  INF]  Request finished HTTP/2 GET https://localhost:7019/swagger/v1/swagger.json - - - 200 - application/json;charset=utf-8 146.0674ms
[2022-08-07 21:03:06.156 +07:00  INF]  Request starting HTTP/2 POST https://localhost:7019/api/bookers/phone/loginfake - 0
[2022-08-07 21:03:06.163 +07:00  INF]  CORS policy execution successful.
[2022-08-07 21:03:06.253 +07:00  INF]  Executing endpoint 'API.Controllers.Booker.BookersController.LoginFake (API)'
[2022-08-07 21:03:06.271 +07:00  INF]  Route matched with {action = "LoginFake", controller = "Bookers"}. Executing controller action with signature System.Threading.Tasks.Task`1[Microsoft.AspNetCore.Mvc.IActionResult] LoginFake() on controller API.Controllers.Booker.BookersController (API).
[2022-08-07 21:03:06.415 +07:00  INF]  Executed action API.Controllers.Booker.BookersController.LoginFake (API) in 137.6457ms
[2022-08-07 21:03:06.418 +07:00  INF]  Executed endpoint 'API.Controllers.Booker.BookersController.LoginFake (API)'
[2022-08-07 21:03:06.419 +07:00  ERR]  An unhandled exception has occurred while executing the request.
System.InvalidOperationException: Missing map from System.Collections.Generic.List`1[Domain.Entities.Account] to API.Models.UserViewModel. Create using CreateMap<List`1, UserViewModel>.
   at AutoMapper.MapperConfiguration.GetIncludedTypeMap(TypePair pair)
   at AutoMapper.MapperConfiguration.AutoMapper.Internal.IGlobalConfiguration.GetIncludedTypeMap(Type sourceType, Type destinationType)
   at AutoMapper.ProfileMap.ApplyMemberMaps(TypeMap currentMap, IGlobalConfiguration configurationProvider)
   at AutoMapper.ProfileMap.ApplyMemberMaps(TypeMap currentMap, IGlobalConfiguration configurationProvider)
   at AutoMapper.ProfileMap.Configure(IGlobalConfiguration configurationProvider)
   at AutoMapper.MapperConfiguration.Seal()
   at AutoMapper.MapperConfiguration..ctor(MapperConfigurationExpression configurationExpression)
   at Microsoft.Extensions.DependencyInjection.ServiceCollectionExtensions.<>c.<AddAutoMapperClasses>b__12_2(IServiceProvider sp)
   at Microsoft.Extensions.DependencyInjection.ServiceLookup.CallSiteVisitor`2.VisitCallSiteMain(ServiceCallSite callSite, TArgument argument)
   at Microsoft.Extensions.DependencyInjection.ServiceLookup.CallSiteRuntimeResolver.VisitRootCache(ServiceCallSite callSite, RuntimeResolverContext context)
   at Microsoft.Extensions.DependencyInjection.ServiceLookup.CallSiteVisitor`2.VisitCallSite(ServiceCallSite callSite, TArgument argument)
   at Microsoft.Extensions.DependencyInjection.ServiceLookup.CallSiteRuntimeResolver.Resolve(ServiceCallSite callSite, ServiceProviderEngineScope scope)
   at Microsoft.Extensions.DependencyInjection.ServiceProvider.CreateServiceAccessor(Type serviceType)
   at System.Collections.Concurrent.ConcurrentDictionary`2.GetOrAdd(TKey key, Func`2 valueFactory)
   at Microsoft.Extensions.DependencyInjection.ServiceProvider.GetService(Type serviceType, ServiceProviderEngineScope serviceProviderEngineScope)
   at Microsoft.Extensions.DependencyInjection.ServiceLookup.ServiceProviderEngineScope.GetService(Type serviceType)
   at Microsoft.Extensions.DependencyInjection.ServiceProviderServiceExtensions.GetRequiredService(IServiceProvider provider, Type serviceType)
   at Microsoft.Extensions.DependencyInjection.ServiceProviderServiceExtensions.GetRequiredService[T](IServiceProvider provider)
   at Microsoft.Extensions.DependencyInjection.ServiceCollectionExtensions.<>c.<AddAutoMapperClasses>b__12_3(IServiceProvider sp)
   at Microsoft.Extensions.DependencyInjection.ServiceLookup.CallSiteVisitor`2.VisitCallSiteMain(ServiceCallSite callSite, TArgument argument)
   at Microsoft.Extensions.DependencyInjection.ServiceLookup.CallSiteVisitor`2.VisitCallSite(ServiceCallSite callSite, TArgument argument)
   at Microsoft.Extensions.DependencyInjection.ServiceLookup.CallSiteRuntimeResolver.Resolve(ServiceCallSite callSite, ServiceProviderEngineScope scope)
   at Microsoft.Extensions.DependencyInjection.ServiceLookup.DynamicServiceProviderEngine.<>c__DisplayClass2_0.<RealizeService>b__0(ServiceProviderEngineScope scope)
   at Microsoft.Extensions.DependencyInjection.ServiceProvider.GetService(Type serviceType, ServiceProviderEngineScope serviceProviderEngineScope)
   at Microsoft.Extensions.DependencyInjection.ServiceLookup.ServiceProviderEngineScope.GetService(Type serviceType)
   at Microsoft.Extensions.DependencyInjection.ActivatorUtilities.GetService(IServiceProvider sp, Type type, Type requiredBy, Boolean isDefaultParameterRequired)
   at lambda_method45(Closure , IServiceProvider , Object[] )
   at Microsoft.AspNetCore.Mvc.Controllers.ControllerActivatorProvider.<>c__DisplayClass7_0.<CreateActivator>b__0(ControllerContext controllerContext)
   at Microsoft.AspNetCore.Mvc.Controllers.ControllerFactoryProvider.<>c__DisplayClass6_0.<CreateControllerFactory>g__CreateController|0(ControllerContext controllerContext)
   at Microsoft.AspNetCore.Mvc.Infrastructure.ControllerActionInvoker.Next(State& next, Scope& scope, Object& state, Boolean& isCompleted)
   at Microsoft.AspNetCore.Mvc.Infrastructure.ControllerActionInvoker.InvokeInnerFilterAsync()
--- End of stack trace from previous location ---
   at Microsoft.AspNetCore.Mvc.Infrastructure.ResourceInvoker.<InvokeFilterPipelineAsync>g__Awaited|20_0(ResourceInvoker invoker, Task lastTask, State next, Scope scope, Object state, Boolean isCompleted)
   at Microsoft.AspNetCore.Mvc.Infrastructure.ResourceInvoker.<InvokeAsync>g__Logged|17_1(ResourceInvoker invoker)
   at Microsoft.AspNetCore.Mvc.Infrastructure.ResourceInvoker.<InvokeAsync>g__Logged|17_1(ResourceInvoker invoker)
   at Microsoft.AspNetCore.Routing.EndpointMiddleware.<Invoke>g__AwaitRequestTask|6_0(Endpoint endpoint, Task requestTask, ILogger logger)
   at Microsoft.AspNetCore.Authorization.AuthorizationMiddleware.Invoke(HttpContext context)
   at Microsoft.AspNetCore.Authentication.AuthenticationMiddleware.Invoke(HttpContext context)
   at Swashbuckle.AspNetCore.SwaggerUI.SwaggerUIMiddleware.Invoke(HttpContext httpContext)
   at Swashbuckle.AspNetCore.Swagger.SwaggerMiddleware.Invoke(HttpContext httpContext, ISwaggerProvider swaggerProvider)
   at Microsoft.AspNetCore.Diagnostics.DeveloperExceptionPageMiddleware.Invoke(HttpContext context)
[2022-08-07 21:03:06.584 +07:00  INF]  Request finished HTTP/2 POST https://localhost:7019/api/bookers/phone/loginfake - 0 - 500 - text/plain;+charset=utf-8 428.8046ms
[2022-08-07 22:27:18.447 +07:00  INF]  User profile is available. Using 'C:\Users\Win\AppData\Local\ASP.NET\DataProtection-Keys' as key repository and Windows DPAPI to encrypt keys at rest.
[2022-08-07 22:27:18.934 +07:00  INF]  Now listening on: https://localhost:7019
[2022-08-07 22:27:18.934 +07:00  INF]  Now listening on: http://localhost:5019
[2022-08-07 22:27:18.938 +07:00  INF]  Application started. Press Ctrl+C to shut down.
[2022-08-07 22:27:18.938 +07:00  INF]  Hosting environment: Development
[2022-08-07 22:27:18.938 +07:00  INF]  Content root path: G:\.NET Core\ViGoAPI\ViGoAPI\API\
[2022-08-07 22:27:19.899 +07:00  INF]  Request starting HTTP/2 GET https://localhost:7019/swagger/index.html - -
[2022-08-07 22:27:20.592 +07:00  INF]  Request starting HTTP/2 GET https://localhost:7019/_framework/aspnetcore-browser-refresh.js - -
[2022-08-07 22:27:20.592 +07:00  INF]  Request starting HTTP/2 GET https://localhost:7019/_vs/browserLink - -
[2022-08-07 22:27:20.635 +07:00  INF]  Request finished HTTP/2 GET https://localhost:7019/_framework/aspnetcore-browser-refresh.js - - - 200 11976 application/javascript;+charset=utf-8 36.5072ms
[2022-08-07 22:27:20.635 +07:00  INF]  Request finished HTTP/2 GET https://localhost:7019/swagger/index.html - - - 200 - text/html;charset=utf-8 726.1478ms
[2022-08-07 22:27:20.748 +07:00  INF]  Request finished HTTP/2 GET https://localhost:7019/_vs/browserLink - - - 200 - text/javascript;+charset=UTF-8 155.7704ms
[2022-08-07 22:27:20.984 +07:00  INF]  Request starting HTTP/2 GET https://localhost:7019/swagger/v1/swagger.json - -
[2022-08-07 22:27:21.427 +07:00  INF]  Request finished HTTP/2 GET https://localhost:7019/swagger/v1/swagger.json - - - 200 - application/json;charset=utf-8 442.2567ms
[2022-08-07 22:27:26.087 +07:00  INF]  Request starting HTTP/2 POST https://localhost:7019/api/bookers/phone/loginfake - 0
[2022-08-07 22:27:26.109 +07:00  INF]  CORS policy execution successful.
[2022-08-07 22:27:26.359 +07:00  INF]  Executing endpoint 'API.Controllers.Booker.BookersController.LoginFake (API)'
[2022-08-07 22:27:26.395 +07:00  INF]  Route matched with {action = "LoginFake", controller = "Bookers"}. Executing controller action with signature System.Threading.Tasks.Task`1[Microsoft.AspNetCore.Mvc.IActionResult] LoginFake() on controller API.Controllers.Booker.BookersController (API).
[2022-08-07 22:27:34.815 +07:00  INF]  Entity Framework Core 6.0.6 initialized 'AppDbContext' using provider 'Npgsql.EntityFrameworkCore.PostgreSQL:6.0.5+9d79af6e2586d5d28da253ac075706a5575a1743' with options: MaxPoolSize=1024 
[2022-08-07 22:27:39.647 +07:00  INF]  Executed DbCommand (628ms) [Parameters=[@__role_0='?' (DbType = Int32)], CommandType='"Text"', CommandTimeout='30']
SELECT a.id, a.created_at, a.created_by, a.deleted_at, a.registration, a.registration_type, a.role_id, a.updated_at, a.updated_by, a.user_id, a.verified
FROM accounts AS a
WHERE a.role_id = @__role_0
LIMIT 1
[2022-08-07 22:27:40.224 +07:00  INF]  Executed DbCommand (48ms) [Parameters=[@__account_UserId_0='?' (DbType = Int32)], CommandType='"Text"', CommandTimeout='30']
SELECT u.id, u.code, u.created_at, u.created_by, u.date_of_birth, u.deleted_at, u.gender, u.name, u.status, u.updated_at, u.updated_by
FROM users AS u
WHERE u.id = @__account_UserId_0
LIMIT 1
[2022-08-07 22:28:19.740 +07:00  INF]  Executed action API.Controllers.Booker.BookersController.LoginFake (API) in 53330.7071ms
[2022-08-07 22:28:19.744 +07:00  INF]  Executed endpoint 'API.Controllers.Booker.BookersController.LoginFake (API)'
[2022-08-07 22:28:19.751 +07:00  ERR]  An unhandled exception has occurred while executing the request.
AutoMapper.AutoMapperMappingException: Error mapping types.

Mapping types:
User -> UserViewModel
Domain.Entities.User -> API.Models.UserViewModel

Type Map configuration:
User -> UserViewModel
Domain.Entities.User -> API.Models.UserViewModel

Destination Member:
RoleName

 ---> System.NullReferenceException: Object reference not set to an instance of an object.
   at API.Mapper.CustomResolver.RoleNameResolver.Resolve(User source, UserViewModel destination, String destMember, ResolutionContext context) in G:\.NET Core\ViGoAPI\ViGoAPI\API\Mapper\CustomResolver\UserViewModel\RoleNameResolver.cs:line 13
   at lambda_method220(Closure , Object , UserViewModel , ResolutionContext )
   --- End of inner exception stack trace ---
   at lambda_method220(Closure , Object , UserViewModel , ResolutionContext )
   at API.Services.AuthService.GetUserViewModelByRole(Roles role) in G:\.NET Core\ViGoAPI\ViGoAPI\API\Services\AuthService.cs:line 116
   at API.Controllers.Booker.BookersController.LoginFake() in G:\.NET Core\ViGoAPI\ViGoAPI\API\Controllers\Booker\BookersController.cs:line 348
   at Microsoft.AspNetCore.Mvc.Infrastructure.ActionMethodExecutor.TaskOfIActionResultExecutor.Execute(IActionResultTypeMapper mapper, ObjectMethodExecutor executor, Object controller, Object[] arguments)
   at Microsoft.AspNetCore.Mvc.Infrastructure.ControllerActionInvoker.<InvokeActionMethodAsync>g__Awaited|12_0(ControllerActionInvoker invoker, ValueTask`1 actionResultValueTask)
   at Microsoft.AspNetCore.Mvc.Infrastructure.ControllerActionInvoker.<InvokeNextActionFilterAsync>g__Awaited|10_0(ControllerActionInvoker invoker, Task lastTask, State next, Scope scope, Object state, Boolean isCompleted)
   at Microsoft.AspNetCore.Mvc.Infrastructure.ControllerActionInvoker.Rethrow(ActionExecutedContextSealed context)
   at Microsoft.AspNetCore.Mvc.Infrastructure.ControllerActionInvoker.Next(State& next, Scope& scope, Object& state, Boolean& isCompleted)
   at Microsoft.AspNetCore.Mvc.Infrastructure.ControllerActionInvoker.<InvokeInnerFilterAsync>g__Awaited|13_0(ControllerActionInvoker invoker, Task lastTask, State next, Scope scope, Object state, Boolean isCompleted)
   at Microsoft.AspNetCore.Mvc.Infrastructure.ResourceInvoker.<InvokeFilterPipelineAsync>g__Awaited|20_0(ResourceInvoker invoker, Task lastTask, State next, Scope scope, Object state, Boolean isCompleted)
   at Microsoft.AspNetCore.Mvc.Infrastructure.ResourceInvoker.<InvokeAsync>g__Logged|17_1(ResourceInvoker invoker)
   at Microsoft.AspNetCore.Mvc.Infrastructure.ResourceInvoker.<InvokeAsync>g__Logged|17_1(ResourceInvoker invoker)
   at Microsoft.AspNetCore.Routing.EndpointMiddleware.<Invoke>g__AwaitRequestTask|6_0(Endpoint endpoint, Task requestTask, ILogger logger)
   at Microsoft.AspNetCore.Authorization.AuthorizationMiddleware.Invoke(HttpContext context)
   at Microsoft.AspNetCore.Authentication.AuthenticationMiddleware.Invoke(HttpContext context)
   at Swashbuckle.AspNetCore.SwaggerUI.SwaggerUIMiddleware.Invoke(HttpContext httpContext)
   at Swashbuckle.AspNetCore.Swagger.SwaggerMiddleware.Invoke(HttpContext httpContext, ISwaggerProvider swaggerProvider)
   at Microsoft.AspNetCore.Diagnostics.DeveloperExceptionPageMiddleware.Invoke(HttpContext context)
[2022-08-07 22:28:20.148 +07:00  INF]  Request finished HTTP/2 POST https://localhost:7019/api/bookers/phone/loginfake - 0 - 500 - text/plain;+charset=utf-8 54060.8291ms
[2022-08-07 22:29:29.420 +07:00  INF]  User profile is available. Using 'C:\Users\Win\AppData\Local\ASP.NET\DataProtection-Keys' as key repository and Windows DPAPI to encrypt keys at rest.
[2022-08-07 22:29:29.863 +07:00  INF]  Now listening on: https://localhost:7019
[2022-08-07 22:29:29.863 +07:00  INF]  Now listening on: http://localhost:5019
[2022-08-07 22:29:29.870 +07:00  INF]  Application started. Press Ctrl+C to shut down.
[2022-08-07 22:29:29.871 +07:00  INF]  Hosting environment: Development
[2022-08-07 22:29:29.871 +07:00  INF]  Content root path: G:\.NET Core\ViGoAPI\ViGoAPI\API\
[2022-08-07 22:29:31.231 +07:00  INF]  Request starting HTTP/2 GET https://localhost:7019/swagger/index.html - -
[2022-08-07 22:29:32.633 +07:00  INF]  Request starting HTTP/2 GET https://localhost:7019/_framework/aspnetcore-browser-refresh.js - -
[2022-08-07 22:29:32.633 +07:00  INF]  Request starting HTTP/2 GET https://localhost:7019/_vs/browserLink - -
[2022-08-07 22:29:32.756 +07:00  INF]  Request finished HTTP/2 GET https://localhost:7019/_framework/aspnetcore-browser-refresh.js - - - 200 11976 application/javascript;+charset=utf-8 113.9781ms
[2022-08-07 22:29:32.757 +07:00  INF]  Request finished HTTP/2 GET https://localhost:7019/swagger/index.html - - - 200 - text/html;charset=utf-8 1540.8143ms
[2022-08-07 22:29:32.909 +07:00  INF]  Request finished HTTP/2 GET https://localhost:7019/_vs/browserLink - - - 200 - text/javascript;+charset=UTF-8 276.1331ms
[2022-08-07 22:29:33.438 +07:00  INF]  Request starting HTTP/2 GET https://localhost:7019/swagger/v1/swagger.json - -
[2022-08-07 22:29:34.546 +07:00  INF]  Request finished HTTP/2 GET https://localhost:7019/swagger/v1/swagger.json - - - 200 - application/json;charset=utf-8 1107.6281ms
[2022-08-07 22:29:41.973 +07:00  INF]  Request starting HTTP/2 POST https://localhost:7019/api/bookers/phone/loginfake - 0
[2022-08-07 22:29:42.003 +07:00  INF]  CORS policy execution successful.
[2022-08-07 22:29:43.742 +07:00  INF]  Executing endpoint 'API.Controllers.Booker.BookersController.LoginFake (API)'
[2022-08-07 22:29:43.817 +07:00  INF]  Route matched with {action = "LoginFake", controller = "Bookers"}. Executing controller action with signature System.Threading.Tasks.Task`1[Microsoft.AspNetCore.Mvc.IActionResult] LoginFake() on controller API.Controllers.Booker.BookersController (API).
[2022-08-07 22:29:53.761 +07:00  INF]  Entity Framework Core 6.0.6 initialized 'AppDbContext' using provider 'Npgsql.EntityFrameworkCore.PostgreSQL:6.0.5+9d79af6e2586d5d28da253ac075706a5575a1743' with options: MaxPoolSize=1024 
[2022-08-07 22:29:59.651 +07:00  INF]  Executed DbCommand (552ms) [Parameters=[@__role_0='?' (DbType = Int32)], CommandType='"Text"', CommandTimeout='30']
SELECT a.id, a.created_at, a.created_by, a.deleted_at, a.registration, a.registration_type, a.role_id, a.updated_at, a.updated_by, a.user_id, a.verified, r.id, r.created_at, r.created_by, r.deleted_at, r.description, r.name, r.updated_at, r.updated_by
FROM accounts AS a
LEFT JOIN roles AS r ON a.role_id = r.id
WHERE a.role_id = @__role_0
LIMIT 1
[2022-08-07 22:30:01.489 +07:00  INF]  Executed DbCommand (158ms) [Parameters=[@__account_UserId_0='?' (DbType = Int32)], CommandType='"Text"', CommandTimeout='30']
SELECT u.id, u.code, u.created_at, u.created_by, u.date_of_birth, u.deleted_at, u.gender, u.name, u.status, u.updated_at, u.updated_by
FROM users AS u
WHERE u.id = @__account_UserId_0
LIMIT 1
[2022-08-07 22:30:03.530 +07:00  INF]  Executing JsonResult, writing value of type 'API.Models.Response.Response'.
[2022-08-07 22:30:03.651 +07:00  INF]  Executed action API.Controllers.Booker.BookersController.LoginFake (API) in 19794.8862ms
[2022-08-07 22:30:03.657 +07:00  INF]  Executed endpoint 'API.Controllers.Booker.BookersController.LoginFake (API)'
[2022-08-07 22:30:03.743 +07:00  INF]  Request finished HTTP/2 POST https://localhost:7019/api/bookers/phone/loginfake - 0 - 200 - application/json;+charset=utf-8 21770.2361ms
[2022-08-07 22:31:49.201 +07:00  INF]  User profile is available. Using 'C:\Users\Win\AppData\Local\ASP.NET\DataProtection-Keys' as key repository and Windows DPAPI to encrypt keys at rest.
[2022-08-07 22:31:49.891 +07:00  INF]  Now listening on: https://localhost:7019
[2022-08-07 22:31:49.891 +07:00  INF]  Now listening on: http://localhost:5019
[2022-08-07 22:31:49.899 +07:00  INF]  Application started. Press Ctrl+C to shut down.
[2022-08-07 22:31:49.899 +07:00  INF]  Hosting environment: Development
[2022-08-07 22:31:49.899 +07:00  INF]  Content root path: G:\.NET Core\ViGoAPI\ViGoAPI\API\
[2022-08-07 22:31:51.227 +07:00  INF]  Request starting HTTP/2 GET https://localhost:7019/swagger/index.html - -
[2022-08-07 22:31:54.757 +07:00  INF]  Request starting HTTP/2 GET https://localhost:7019/_vs/browserLink - -
[2022-08-07 22:31:54.759 +07:00  INF]  Request starting HTTP/2 GET https://localhost:7019/_framework/aspnetcore-browser-refresh.js - -
[2022-08-07 22:31:54.959 +07:00  INF]  Request finished HTTP/2 GET https://localhost:7019/swagger/index.html - - - 200 - text/html;charset=utf-8 3745.6604ms
[2022-08-07 22:31:55.067 +07:00  INF]  Request finished HTTP/2 GET https://localhost:7019/_framework/aspnetcore-browser-refresh.js - - - 200 11976 application/javascript;+charset=utf-8 308.6431ms
[2022-08-07 22:31:55.769 +07:00  INF]  Request finished HTTP/2 GET https://localhost:7019/_vs/browserLink - - - 200 - text/javascript;+charset=UTF-8 1011.7877ms
[2022-08-07 22:31:57.281 +07:00  INF]  Request starting HTTP/2 GET https://localhost:7019/swagger/v1/swagger.json - -
[2022-08-07 22:31:59.377 +07:00  INF]  Request finished HTTP/2 GET https://localhost:7019/swagger/v1/swagger.json - - - 200 - application/json;charset=utf-8 2096.1955ms
[2022-08-07 22:32:12.160 +07:00  INF]  Request starting HTTP/2 POST https://localhost:7019/api/bookers/phone/loginfake - 0
[2022-08-07 22:32:12.192 +07:00  INF]  CORS policy execution successful.
[2022-08-07 22:32:12.678 +07:00  INF]  Executing endpoint 'API.Controllers.Booker.BookersController.LoginFake (API)'
[2022-08-07 22:32:12.719 +07:00  INF]  Route matched with {action = "LoginFake", controller = "Bookers"}. Executing controller action with signature System.Threading.Tasks.Task`1[Microsoft.AspNetCore.Mvc.IActionResult] LoginFake() on controller API.Controllers.Booker.BookersController (API).
[2022-08-07 22:32:23.355 +07:00  INF]  Entity Framework Core 6.0.6 initialized 'AppDbContext' using provider 'Npgsql.EntityFrameworkCore.PostgreSQL:6.0.5+9d79af6e2586d5d28da253ac075706a5575a1743' with options: MaxPoolSize=1024 
[2022-08-07 22:32:30.084 +07:00  INF]  Executed DbCommand (975ms) [Parameters=[@__role_0='?' (DbType = Int32)], CommandType='"Text"', CommandTimeout='30']
SELECT a.id, a.created_at, a.created_by, a.deleted_at, a.registration, a.registration_type, a.role_id, a.updated_at, a.updated_by, a.user_id, a.verified, r.id, r.created_at, r.created_by, r.deleted_at, r.description, r.name, r.updated_at, r.updated_by
FROM accounts AS a
LEFT JOIN roles AS r ON a.role_id = r.id
WHERE a.role_id = @__role_0
LIMIT 1
[2022-08-07 22:32:31.927 +07:00  INF]  Executed DbCommand (271ms) [Parameters=[@__account_UserId_0='?' (DbType = Int32)], CommandType='"Text"', CommandTimeout='30']
SELECT u.id, u.code, u.created_at, u.created_by, u.date_of_birth, u.deleted_at, u.gender, u.name, u.status, u.updated_at, u.updated_by
FROM users AS u
WHERE u.id = @__account_UserId_0
LIMIT 1
[2022-08-07 22:32:35.115 +07:00  INF]  Executing JsonResult, writing value of type 'API.Models.Response.Response'.
[2022-08-07 22:32:35.386 +07:00  INF]  Executed action API.Controllers.Booker.BookersController.LoginFake (API) in 22596.2126ms
[2022-08-07 22:32:35.416 +07:00  INF]  Executed endpoint 'API.Controllers.Booker.BookersController.LoginFake (API)'
[2022-08-07 22:32:35.618 +07:00  INF]  Request finished HTTP/2 POST https://localhost:7019/api/bookers/phone/loginfake - 0 - 200 - application/json;+charset=utf-8 23457.2653ms
[2022-08-07 22:34:25.119 +07:00  INF]  User profile is available. Using 'C:\Users\Win\AppData\Local\ASP.NET\DataProtection-Keys' as key repository and Windows DPAPI to encrypt keys at rest.
[2022-08-07 22:34:25.750 +07:00  INF]  Now listening on: https://localhost:7019
[2022-08-07 22:34:25.750 +07:00  INF]  Now listening on: http://localhost:5019
[2022-08-07 22:34:25.761 +07:00  INF]  Application started. Press Ctrl+C to shut down.
[2022-08-07 22:34:25.762 +07:00  INF]  Hosting environment: Development
[2022-08-07 22:34:25.762 +07:00  INF]  Content root path: G:\.NET Core\ViGoAPI\ViGoAPI\API\
[2022-08-07 22:34:27.425 +07:00  INF]  Request starting HTTP/2 GET https://localhost:7019/swagger/index.html - -
[2022-08-07 22:34:31.209 +07:00  INF]  Request starting HTTP/2 GET https://localhost:7019/_vs/browserLink - -
[2022-08-07 22:34:31.209 +07:00  INF]  Request starting HTTP/2 GET https://localhost:7019/_framework/aspnetcore-browser-refresh.js - -
[2022-08-07 22:34:31.358 +07:00  INF]  Request finished HTTP/2 GET https://localhost:7019/_framework/aspnetcore-browser-refresh.js - - - 200 11976 application/javascript;+charset=utf-8 113.1235ms
[2022-08-07 22:34:31.372 +07:00  INF]  Request finished HTTP/2 GET https://localhost:7019/swagger/index.html - - - 200 - text/html;charset=utf-8 3945.6427ms
[2022-08-07 22:34:32.104 +07:00  INF]  Request finished HTTP/2 GET https://localhost:7019/_vs/browserLink - - - 200 - text/javascript;+charset=UTF-8 821.6920ms
[2022-08-07 22:34:33.603 +07:00  INF]  Request starting HTTP/2 GET https://localhost:7019/swagger/v1/swagger.json - -
[2022-08-07 22:34:36.577 +07:00  INF]  Request finished HTTP/2 GET https://localhost:7019/swagger/v1/swagger.json - - - 200 - application/json;charset=utf-8 2973.9985ms
[2022-08-07 22:34:50.151 +07:00  INF]  Request starting HTTP/2 POST https://localhost:7019/api/bookers/phone/loginfake - 0
[2022-08-07 22:34:50.185 +07:00  INF]  CORS policy execution successful.
[2022-08-07 22:34:50.536 +07:00  INF]  Executing endpoint 'API.Controllers.Booker.BookersController.LoginFake (API)'
[2022-08-07 22:34:50.640 +07:00  INF]  Route matched with {action = "LoginFake", controller = "Bookers"}. Executing controller action with signature System.Threading.Tasks.Task`1[Microsoft.AspNetCore.Mvc.IActionResult] LoginFake() on controller API.Controllers.Booker.BookersController (API).
[2022-08-07 22:35:04.378 +07:00  INF]  Entity Framework Core 6.0.6 initialized 'AppDbContext' using provider 'Npgsql.EntityFrameworkCore.PostgreSQL:6.0.5+9d79af6e2586d5d28da253ac075706a5575a1743' with options: MaxPoolSize=1024 
[2022-08-07 22:35:12.641 +07:00  INF]  Executed DbCommand (676ms) [Parameters=[@__role_0='?' (DbType = Int32)], CommandType='"Text"', CommandTimeout='30']
SELECT a.id, a.created_at, a.created_by, a.deleted_at, a.registration, a.registration_type, a.role_id, a.updated_at, a.updated_by, a.user_id, a.verified, r.id, r.created_at, r.created_by, r.deleted_at, r.description, r.name, r.updated_at, r.updated_by
FROM accounts AS a
LEFT JOIN roles AS r ON a.role_id = r.id
WHERE a.role_id = @__role_0
LIMIT 1
[2022-08-07 22:35:14.364 +07:00  INF]  Executed DbCommand (45ms) [Parameters=[@__account_UserId_0='?' (DbType = Int32)], CommandType='"Text"', CommandTimeout='30']
SELECT u.id, u.code, u.created_at, u.created_by, u.date_of_birth, u.deleted_at, u.gender, u.name, u.status, u.updated_at, u.updated_by
FROM users AS u
WHERE u.id = @__account_UserId_0
LIMIT 1
[2022-08-07 22:35:16.534 +07:00  INF]  Executing JsonResult, writing value of type 'API.Models.Response.Response'.
[2022-08-07 22:35:16.805 +07:00  INF]  Executed action API.Controllers.Booker.BookersController.LoginFake (API) in 25984.8151ms
[2022-08-07 22:35:16.821 +07:00  INF]  Executed endpoint 'API.Controllers.Booker.BookersController.LoginFake (API)'
[2022-08-07 22:35:17.108 +07:00  INF]  Request finished HTTP/2 POST https://localhost:7019/api/bookers/phone/loginfake - 0 - 200 - application/json;+charset=utf-8 26957.2098ms
[2022-08-07 22:42:02.182 +07:00  INF]  User profile is available. Using 'C:\Users\Win\AppData\Local\ASP.NET\DataProtection-Keys' as key repository and Windows DPAPI to encrypt keys at rest.
[2022-08-07 22:42:02.659 +07:00  INF]  Now listening on: https://localhost:7019
[2022-08-07 22:42:02.659 +07:00  INF]  Now listening on: http://localhost:5019
[2022-08-07 22:42:02.670 +07:00  INF]  Application started. Press Ctrl+C to shut down.
[2022-08-07 22:42:02.670 +07:00  INF]  Hosting environment: Development
[2022-08-07 22:42:02.670 +07:00  INF]  Content root path: G:\.NET Core\ViGoAPI\ViGoAPI\API\
[2022-08-07 22:42:03.871 +07:00  INF]  Request starting HTTP/2 GET https://localhost:7019/swagger/index.html - -
[2022-08-07 22:42:06.723 +07:00  INF]  Request starting HTTP/2 GET https://localhost:7019/_framework/aspnetcore-browser-refresh.js - -
[2022-08-07 22:42:06.723 +07:00  INF]  Request starting HTTP/2 GET https://localhost:7019/_vs/browserLink - -
[2022-08-07 22:42:07.029 +07:00  INF]  Request finished HTTP/2 GET https://localhost:7019/_framework/aspnetcore-browser-refresh.js - - - 200 11976 application/javascript;+charset=utf-8 120.4764ms
[2022-08-07 22:42:07.279 +07:00  INF]  Request finished HTTP/2 GET https://localhost:7019/swagger/index.html - - - 200 - text/html;charset=utf-8 3428.9514ms
[2022-08-07 22:42:07.388 +07:00  INF]  Request finished HTTP/2 GET https://localhost:7019/_vs/browserLink - - - 200 - text/javascript;+charset=UTF-8 664.6451ms
[2022-08-07 22:42:08.816 +07:00  INF]  Request starting HTTP/2 GET https://localhost:7019/swagger/v1/swagger.json - -
[2022-08-07 22:42:09.876 +07:00  INF]  Request finished HTTP/2 GET https://localhost:7019/swagger/v1/swagger.json - - - 200 - application/json;charset=utf-8 1059.8686ms
[2022-08-07 22:42:20.608 +07:00  INF]  Request starting HTTP/2 POST https://localhost:7019/api/bookers/phone/loginfake - 0
[2022-08-07 22:42:20.640 +07:00  INF]  CORS policy execution successful.
[2022-08-07 22:42:20.998 +07:00  INF]  Executing endpoint 'API.Controllers.Booker.BookersController.LoginFake (API)'
[2022-08-07 22:42:21.034 +07:00  INF]  Route matched with {action = "LoginFake", controller = "Bookers"}. Executing controller action with signature System.Threading.Tasks.Task`1[Microsoft.AspNetCore.Mvc.IActionResult] LoginFake() on controller API.Controllers.Booker.BookersController (API).
[2022-08-07 22:42:36.968 +07:00  INF]  Entity Framework Core 6.0.6 initialized 'AppDbContext' using provider 'Npgsql.EntityFrameworkCore.PostgreSQL:6.0.5+9d79af6e2586d5d28da253ac075706a5575a1743' with options: MaxPoolSize=1024 
[2022-08-07 22:42:48.789 +07:00  INF]  Executed DbCommand (1,355ms) [Parameters=[@__role_0='?' (DbType = Int32)], CommandType='"Text"', CommandTimeout='30']
SELECT a.id, a.created_at, a.created_by, a.deleted_at, a.registration, a.registration_type, a.role_id, a.updated_at, a.updated_by, a.user_id, a.verified, r.id, r.created_at, r.created_by, r.deleted_at, r.description, r.name, r.updated_at, r.updated_by
FROM accounts AS a
LEFT JOIN roles AS r ON a.role_id = r.id
WHERE a.role_id = @__role_0
LIMIT 1
[2022-08-07 22:42:51.537 +07:00  INF]  Executed DbCommand (119ms) [Parameters=[@__FirstOrDefault_UserId_0='?' (DbType = Int32)], CommandType='"Text"', CommandTimeout='30']
SELECT u.id, u.code, u.created_at, u.created_by, u.date_of_birth, u.deleted_at, u.gender, u.name, u.status, u.updated_at, u.updated_by
FROM users AS u
WHERE u.id = @__FirstOrDefault_UserId_0
LIMIT 1
[2022-08-07 22:42:53.349 +07:00  INF]  Executing JsonResult, writing value of type 'API.Models.Response.Response'.
[2022-08-07 22:42:53.739 +07:00  INF]  Executed action API.Controllers.Booker.BookersController.LoginFake (API) in 32649.1006ms
[2022-08-07 22:42:53.753 +07:00  INF]  Executed endpoint 'API.Controllers.Booker.BookersController.LoginFake (API)'
[2022-08-07 22:42:53.849 +07:00  INF]  Request finished HTTP/2 POST https://localhost:7019/api/bookers/phone/loginfake - 0 - 200 - application/json;+charset=utf-8 33241.2528ms
[2022-08-07 22:49:29.522 +07:00  INF]  User profile is available. Using 'C:\Users\Win\AppData\Local\ASP.NET\DataProtection-Keys' as key repository and Windows DPAPI to encrypt keys at rest.
[2022-08-07 22:49:30.269 +07:00  INF]  Now listening on: https://localhost:7019
[2022-08-07 22:49:30.270 +07:00  INF]  Now listening on: http://localhost:5019
[2022-08-07 22:49:30.288 +07:00  INF]  Application started. Press Ctrl+C to shut down.
[2022-08-07 22:49:30.288 +07:00  INF]  Hosting environment: Development
[2022-08-07 22:49:30.289 +07:00  INF]  Content root path: G:\.NET Core\ViGoAPI\ViGoAPI\API\
[2022-08-07 22:49:32.308 +07:00  INF]  Request starting HTTP/2 GET https://localhost:7019/swagger/index.html - -
[2022-08-07 22:49:34.895 +07:00  INF]  Request starting HTTP/2 GET https://localhost:7019/_framework/aspnetcore-browser-refresh.js - -
[2022-08-07 22:49:34.896 +07:00  INF]  Request starting HTTP/2 GET https://localhost:7019/_vs/browserLink - -
[2022-08-07 22:49:35.088 +07:00  INF]  Request finished HTTP/2 GET https://localhost:7019/_framework/aspnetcore-browser-refresh.js - - - 200 11976 application/javascript;+charset=utf-8 178.5155ms
[2022-08-07 22:49:35.256 +07:00  INF]  Request finished HTTP/2 GET https://localhost:7019/swagger/index.html - - - 200 - text/html;charset=utf-8 3009.2501ms
[2022-08-07 22:49:35.353 +07:00  INF]  Request finished HTTP/2 GET https://localhost:7019/_vs/browserLink - - - 200 - text/javascript;+charset=UTF-8 456.3219ms
[2022-08-07 22:49:36.060 +07:00  INF]  Request starting HTTP/2 GET https://localhost:7019/swagger/v1/swagger.json - -
[2022-08-07 22:49:37.188 +07:00  INF]  Request finished HTTP/2 GET https://localhost:7019/swagger/v1/swagger.json - - - 200 - application/json;charset=utf-8 1128.4166ms
[2022-08-07 22:51:16.141 +07:00  INF]  Request starting HTTP/2 POST https://localhost:7019/api/bookers/phone/loginfake - 0
[2022-08-07 22:51:16.242 +07:00  INF]  CORS policy execution successful.
[2022-08-07 22:51:16.476 +07:00  INF]  Executing endpoint 'API.Controllers.Booker.BookersController.LoginFake (API)'
[2022-08-07 22:51:16.524 +07:00  INF]  Route matched with {action = "LoginFake", controller = "Bookers"}. Executing controller action with signature System.Threading.Tasks.Task`1[Microsoft.AspNetCore.Mvc.IActionResult] LoginFake() on controller API.Controllers.Booker.BookersController (API).
[2022-08-07 22:51:21.262 +07:00  INF]  Entity Framework Core 6.0.6 initialized 'AppDbContext' using provider 'Npgsql.EntityFrameworkCore.PostgreSQL:6.0.5+9d79af6e2586d5d28da253ac075706a5575a1743' with options: MaxPoolSize=1024 
[2022-08-07 22:51:23.894 +07:00  INF]  Executed DbCommand (232ms) [Parameters=[@__role_0='?' (DbType = Int32)], CommandType='"Text"', CommandTimeout='30']
SELECT u.id, u.code, u.created_at, u.created_by, u.date_of_birth, u.deleted_at, u.gender, u.name, u.status, u.updated_at, u.updated_by
FROM users AS u
WHERE EXISTS (
    SELECT 1
    FROM accounts AS a
    WHERE (a.role_id = @__role_0) AND (a.user_id = u.id))
LIMIT 1
[2022-08-07 22:51:25.148 +07:00  INF]  Executed action API.Controllers.Booker.BookersController.LoginFake (API) in 8609.0774ms
[2022-08-07 22:51:25.153 +07:00  INF]  Executed endpoint 'API.Controllers.Booker.BookersController.LoginFake (API)'
[2022-08-07 22:51:25.161 +07:00  ERR]  An unhandled exception has occurred while executing the request.
AutoMapper.AutoMapperMappingException: Error mapping types.

Mapping types:
User -> UserViewModel
Domain.Entities.User -> API.Models.UserViewModel

Type Map configuration:
User -> UserViewModel
Domain.Entities.User -> API.Models.UserViewModel

Destination Member:
RoleName

 ---> System.ArgumentNullException: Value cannot be null. (Parameter 'source')
   at System.Linq.ThrowHelper.ThrowArgumentNullException(ExceptionArgument argument)
   at System.Linq.Enumerable.TryGetFirst[TSource](IEnumerable`1 source, Boolean& found)
   at System.Linq.Enumerable.First[TSource](IEnumerable`1 source)
   at API.Mapper.CustomResolver.RoleNameResolver.Resolve(User source, UserViewModel destination, String destMember, ResolutionContext context) in G:\.NET Core\ViGoAPI\ViGoAPI\API\Mapper\CustomResolver\UserViewModel\RoleNameResolver.cs:line 13
   at lambda_method153(Closure , Object , UserViewModel , ResolutionContext )
   --- End of inner exception stack trace ---
   at lambda_method153(Closure , Object , UserViewModel , ResolutionContext )
   at API.Services.AuthService.GetUserViewModelByRole(Roles role) in G:\.NET Core\ViGoAPI\ViGoAPI\API\Services\AuthService.cs:line 116
   at API.Controllers.Booker.BookersController.LoginFake() in G:\.NET Core\ViGoAPI\ViGoAPI\API\Controllers\Booker\BookersController.cs:line 348
   at Microsoft.AspNetCore.Mvc.Infrastructure.ActionMethodExecutor.TaskOfIActionResultExecutor.Execute(IActionResultTypeMapper mapper, ObjectMethodExecutor executor, Object controller, Object[] arguments)
   at Microsoft.AspNetCore.Mvc.Infrastructure.ControllerActionInvoker.<InvokeActionMethodAsync>g__Awaited|12_0(ControllerActionInvoker invoker, ValueTask`1 actionResultValueTask)
   at Microsoft.AspNetCore.Mvc.Infrastructure.ControllerActionInvoker.<InvokeNextActionFilterAsync>g__Awaited|10_0(ControllerActionInvoker invoker, Task lastTask, State next, Scope scope, Object state, Boolean isCompleted)
   at Microsoft.AspNetCore.Mvc.Infrastructure.ControllerActionInvoker.Rethrow(ActionExecutedContextSealed context)
   at Microsoft.AspNetCore.Mvc.Infrastructure.ControllerActionInvoker.Next(State& next, Scope& scope, Object& state, Boolean& isCompleted)
   at Microsoft.AspNetCore.Mvc.Infrastructure.ControllerActionInvoker.<InvokeInnerFilterAsync>g__Awaited|13_0(ControllerActionInvoker invoker, Task lastTask, State next, Scope scope, Object state, Boolean isCompleted)
   at Microsoft.AspNetCore.Mvc.Infrastructure.ResourceInvoker.<InvokeFilterPipelineAsync>g__Awaited|20_0(ResourceInvoker invoker, Task lastTask, State next, Scope scope, Object state, Boolean isCompleted)
   at Microsoft.AspNetCore.Mvc.Infrastructure.ResourceInvoker.<InvokeAsync>g__Logged|17_1(ResourceInvoker invoker)
   at Microsoft.AspNetCore.Mvc.Infrastructure.ResourceInvoker.<InvokeAsync>g__Logged|17_1(ResourceInvoker invoker)
   at Microsoft.AspNetCore.Routing.EndpointMiddleware.<Invoke>g__AwaitRequestTask|6_0(Endpoint endpoint, Task requestTask, ILogger logger)
   at Microsoft.AspNetCore.Authorization.AuthorizationMiddleware.Invoke(HttpContext context)
   at Microsoft.AspNetCore.Authentication.AuthenticationMiddleware.Invoke(HttpContext context)
   at Swashbuckle.AspNetCore.SwaggerUI.SwaggerUIMiddleware.Invoke(HttpContext httpContext)
   at Swashbuckle.AspNetCore.Swagger.SwaggerMiddleware.Invoke(HttpContext httpContext, ISwaggerProvider swaggerProvider)
   at Microsoft.AspNetCore.Diagnostics.DeveloperExceptionPageMiddleware.Invoke(HttpContext context)
[2022-08-07 22:51:25.357 +07:00  INF]  Request finished HTTP/2 POST https://localhost:7019/api/bookers/phone/loginfake - 0 - 500 - text/plain;+charset=utf-8 9215.1587ms
[2022-08-07 22:52:05.689 +07:00  INF]  Request starting HTTP/2 POST https://localhost:7019/api/bookers/phone/loginfake - 0
[2022-08-07 22:52:05.706 +07:00  INF]  CORS policy execution successful.
[2022-08-07 22:52:05.709 +07:00  INF]  Executing endpoint 'API.Controllers.Booker.BookersController.LoginFake (API)'
[2022-08-07 22:52:05.710 +07:00  INF]  Route matched with {action = "LoginFake", controller = "Bookers"}. Executing controller action with signature System.Threading.Tasks.Task`1[Microsoft.AspNetCore.Mvc.IActionResult] LoginFake() on controller API.Controllers.Booker.BookersController (API).
[2022-08-07 22:52:05.815 +07:00  INF]  Executed DbCommand (54ms) [Parameters=[@__role_0='?' (DbType = Int32)], CommandType='"Text"', CommandTimeout='30']
SELECT u.id, u.code, u.created_at, u.created_by, u.date_of_birth, u.deleted_at, u.gender, u.name, u.status, u.updated_at, u.updated_by
FROM users AS u
WHERE EXISTS (
    SELECT 1
    FROM accounts AS a
    WHERE (a.role_id = @__role_0) AND (a.user_id = u.id))
LIMIT 1
[2022-08-07 22:52:25.262 +07:00  INF]  Executed DbCommand (7ms) [Parameters=[@__role_0='?' (DbType = Int32)], CommandType='"Text"', CommandTimeout='30']
SELECT a.id, a.created_at, a.created_by, a.deleted_at, a.registration, a.registration_type, a.role_id, a.updated_at, a.updated_by, a.user_id, a.verified, r.id, r.created_at, r.created_by, r.deleted_at, r.description, r.name, r.updated_at, r.updated_by
FROM accounts AS a
LEFT JOIN roles AS r ON a.role_id = r.id
WHERE a.role_id = @__role_0
[2022-08-07 22:59:13.632 +07:00  INF]  Executed DbCommand (1ms) [Parameters=[@__role_0='?' (DbType = Int32)], CommandType='"Text"', CommandTimeout='30']
SELECT a.id, a.created_at, a.created_by, a.deleted_at, a.registration, a.registration_type, a.role_id, a.updated_at, a.updated_by, a.user_id, a.verified, r.id, r.created_at, r.created_by, r.deleted_at, r.description, r.name, r.updated_at, r.updated_by
FROM accounts AS a
LEFT JOIN roles AS r ON a.role_id = r.id
WHERE a.role_id = @__role_0
[2022-08-07 23:00:37.617 +07:00  INF]  Executing JsonResult, writing value of type 'API.Models.Response.Response'.
[2022-08-07 23:00:37.633 +07:00  INF]  Executed action API.Controllers.Booker.BookersController.LoginFake (API) in 511922.8005ms
[2022-08-07 23:00:37.633 +07:00  INF]  Executed endpoint 'API.Controllers.Booker.BookersController.LoginFake (API)'
[2022-08-07 23:00:37.634 +07:00  INF]  Request finished HTTP/2 POST https://localhost:7019/api/bookers/phone/loginfake - 0 - 200 - application/json;+charset=utf-8 511945.0376ms
[2022-08-07 23:01:09.096 +07:00  INF]  Request starting HTTP/2 POST https://localhost:7019/api/bookers/phone/loginfake - 0
[2022-08-07 23:01:09.109 +07:00  INF]  CORS policy execution successful.
[2022-08-07 23:01:09.114 +07:00  INF]  Executing endpoint 'API.Controllers.Booker.BookersController.LoginFake (API)'
[2022-08-07 23:01:09.114 +07:00  INF]  Route matched with {action = "LoginFake", controller = "Bookers"}. Executing controller action with signature System.Threading.Tasks.Task`1[Microsoft.AspNetCore.Mvc.IActionResult] LoginFake() on controller API.Controllers.Booker.BookersController (API).
[2022-08-07 23:01:09.122 +07:00  INF]  Executed DbCommand (2ms) [Parameters=[@__role_0='?' (DbType = Int32)], CommandType='"Text"', CommandTimeout='30']
SELECT u.id, u.code, u.created_at, u.created_by, u.date_of_birth, u.deleted_at, u.gender, u.name, u.status, u.updated_at, u.updated_by
FROM users AS u
WHERE EXISTS (
    SELECT 1
    FROM accounts AS a
    WHERE (a.role_id = @__role_0) AND (a.user_id = u.id))
LIMIT 1
[2022-08-07 23:01:09.264 +07:00  INF]  Executed action API.Controllers.Booker.BookersController.LoginFake (API) in 149.4052ms
[2022-08-07 23:01:09.264 +07:00  INF]  Executed endpoint 'API.Controllers.Booker.BookersController.LoginFake (API)'
[2022-08-07 23:01:09.265 +07:00  ERR]  An unhandled exception has occurred while executing the request.
AutoMapper.AutoMapperMappingException: Error mapping types.

Mapping types:
User -> UserViewModel
Domain.Entities.User -> API.Models.UserViewModel

Type Map configuration:
User -> UserViewModel
Domain.Entities.User -> API.Models.UserViewModel

Destination Member:
RoleName

 ---> System.ArgumentNullException: Value cannot be null. (Parameter 'source')
   at System.Linq.ThrowHelper.ThrowArgumentNullException(ExceptionArgument argument)
   at System.Linq.Enumerable.TryGetFirst[TSource](IEnumerable`1 source, Boolean& found)
   at System.Linq.Enumerable.First[TSource](IEnumerable`1 source)
   at API.Mapper.CustomResolver.RoleNameResolver.Resolve(User source, UserViewModel destination, String destMember, ResolutionContext context) in G:\.NET Core\ViGoAPI\ViGoAPI\API\Mapper\CustomResolver\UserViewModel\RoleNameResolver.cs:line 13
   at lambda_method153(Closure , Object , UserViewModel , ResolutionContext )
   --- End of inner exception stack trace ---
   at lambda_method153(Closure , Object , UserViewModel , ResolutionContext )
   at API.Services.AuthService.GetUserViewModelByRole(Roles role) in G:\.NET Core\ViGoAPI\ViGoAPI\API\Services\AuthService.cs:line 116
   at API.Controllers.Booker.BookersController.LoginFake() in G:\.NET Core\ViGoAPI\ViGoAPI\API\Controllers\Booker\BookersController.cs:line 348
   at Microsoft.AspNetCore.Mvc.Infrastructure.ActionMethodExecutor.TaskOfIActionResultExecutor.Execute(IActionResultTypeMapper mapper, ObjectMethodExecutor executor, Object controller, Object[] arguments)
   at Microsoft.AspNetCore.Mvc.Infrastructure.ControllerActionInvoker.<InvokeActionMethodAsync>g__Awaited|12_0(ControllerActionInvoker invoker, ValueTask`1 actionResultValueTask)
   at Microsoft.AspNetCore.Mvc.Infrastructure.ControllerActionInvoker.<InvokeNextActionFilterAsync>g__Awaited|10_0(ControllerActionInvoker invoker, Task lastTask, State next, Scope scope, Object state, Boolean isCompleted)
   at Microsoft.AspNetCore.Mvc.Infrastructure.ControllerActionInvoker.Rethrow(ActionExecutedContextSealed context)
   at Microsoft.AspNetCore.Mvc.Infrastructure.ControllerActionInvoker.Next(State& next, Scope& scope, Object& state, Boolean& isCompleted)
   at Microsoft.AspNetCore.Mvc.Infrastructure.ControllerActionInvoker.<InvokeInnerFilterAsync>g__Awaited|13_0(ControllerActionInvoker invoker, Task lastTask, State next, Scope scope, Object state, Boolean isCompleted)
   at Microsoft.AspNetCore.Mvc.Infrastructure.ResourceInvoker.<InvokeFilterPipelineAsync>g__Awaited|20_0(ResourceInvoker invoker, Task lastTask, State next, Scope scope, Object state, Boolean isCompleted)
   at Microsoft.AspNetCore.Mvc.Infrastructure.ResourceInvoker.<InvokeAsync>g__Logged|17_1(ResourceInvoker invoker)
   at Microsoft.AspNetCore.Mvc.Infrastructure.ResourceInvoker.<InvokeAsync>g__Logged|17_1(ResourceInvoker invoker)
   at Microsoft.AspNetCore.Routing.EndpointMiddleware.<Invoke>g__AwaitRequestTask|6_0(Endpoint endpoint, Task requestTask, ILogger logger)
   at Microsoft.AspNetCore.Authorization.AuthorizationMiddleware.Invoke(HttpContext context)
   at Microsoft.AspNetCore.Authentication.AuthenticationMiddleware.Invoke(HttpContext context)
   at Swashbuckle.AspNetCore.SwaggerUI.SwaggerUIMiddleware.Invoke(HttpContext httpContext)
   at Swashbuckle.AspNetCore.Swagger.SwaggerMiddleware.Invoke(HttpContext httpContext, ISwaggerProvider swaggerProvider)
   at Microsoft.AspNetCore.Diagnostics.DeveloperExceptionPageMiddleware.Invoke(HttpContext context)
[2022-08-07 23:01:09.267 +07:00  INF]  Request finished HTTP/2 POST https://localhost:7019/api/bookers/phone/loginfake - 0 - 500 - text/plain;+charset=utf-8 171.7754ms
[2022-08-07 23:01:32.523 +07:00  INF]  Request starting HTTP/2 POST https://localhost:7019/api/bookers/phone/loginfake - 0
[2022-08-07 23:01:32.523 +07:00  INF]  CORS policy execution successful.
[2022-08-07 23:01:32.524 +07:00  INF]  Executing endpoint 'API.Controllers.Booker.BookersController.LoginFake (API)'
[2022-08-07 23:01:32.524 +07:00  INF]  Route matched with {action = "LoginFake", controller = "Bookers"}. Executing controller action with signature System.Threading.Tasks.Task`1[Microsoft.AspNetCore.Mvc.IActionResult] LoginFake() on controller API.Controllers.Booker.BookersController (API).
[2022-08-07 23:01:32.555 +07:00  INF]  Executed DbCommand (6ms) [Parameters=[@__role_0='?' (DbType = Int32)], CommandType='"Text"', CommandTimeout='30']
SELECT u.id, u.code, u.created_at, u.created_by, u.date_of_birth, u.deleted_at, u.gender, u.name, u.status, u.updated_at, u.updated_by
FROM users AS u
WHERE EXISTS (
    SELECT 1
    FROM accounts AS a
    WHERE (a.role_id = @__role_0) AND (a.user_id = u.id))
LIMIT 1
[2022-08-07 23:01:32.696 +07:00  INF]  Executed action API.Controllers.Booker.BookersController.LoginFake (API) in 172.138ms
[2022-08-07 23:01:32.697 +07:00  INF]  Executed endpoint 'API.Controllers.Booker.BookersController.LoginFake (API)'
[2022-08-07 23:01:32.698 +07:00  ERR]  An unhandled exception has occurred while executing the request.
AutoMapper.AutoMapperMappingException: Error mapping types.

Mapping types:
User -> UserViewModel
Domain.Entities.User -> API.Models.UserViewModel

Type Map configuration:
User -> UserViewModel
Domain.Entities.User -> API.Models.UserViewModel

Destination Member:
RoleName

 ---> System.ArgumentNullException: Value cannot be null. (Parameter 'source')
   at System.Linq.ThrowHelper.ThrowArgumentNullException(ExceptionArgument argument)
   at System.Linq.Enumerable.TryGetFirst[TSource](IEnumerable`1 source, Boolean& found)
   at System.Linq.Enumerable.First[TSource](IEnumerable`1 source)
   at API.Mapper.CustomResolver.RoleNameResolver.Resolve(User source, UserViewModel destination, String destMember, ResolutionContext context) in G:\.NET Core\ViGoAPI\ViGoAPI\API\Mapper\CustomResolver\UserViewModel\RoleNameResolver.cs:line 13
   at lambda_method153(Closure , Object , UserViewModel , ResolutionContext )
   --- End of inner exception stack trace ---
   at lambda_method153(Closure , Object , UserViewModel , ResolutionContext )
   at API.Services.AuthService.GetUserViewModelByRole(Roles role) in G:\.NET Core\ViGoAPI\ViGoAPI\API\Services\AuthService.cs:line 116
   at API.Controllers.Booker.BookersController.LoginFake() in G:\.NET Core\ViGoAPI\ViGoAPI\API\Controllers\Booker\BookersController.cs:line 348
   at Microsoft.AspNetCore.Mvc.Infrastructure.ActionMethodExecutor.TaskOfIActionResultExecutor.Execute(IActionResultTypeMapper mapper, ObjectMethodExecutor executor, Object controller, Object[] arguments)
   at Microsoft.AspNetCore.Mvc.Infrastructure.ControllerActionInvoker.<InvokeActionMethodAsync>g__Awaited|12_0(ControllerActionInvoker invoker, ValueTask`1 actionResultValueTask)
   at Microsoft.AspNetCore.Mvc.Infrastructure.ControllerActionInvoker.<InvokeNextActionFilterAsync>g__Awaited|10_0(ControllerActionInvoker invoker, Task lastTask, State next, Scope scope, Object state, Boolean isCompleted)
   at Microsoft.AspNetCore.Mvc.Infrastructure.ControllerActionInvoker.Rethrow(ActionExecutedContextSealed context)
   at Microsoft.AspNetCore.Mvc.Infrastructure.ControllerActionInvoker.Next(State& next, Scope& scope, Object& state, Boolean& isCompleted)
   at Microsoft.AspNetCore.Mvc.Infrastructure.ControllerActionInvoker.<InvokeInnerFilterAsync>g__Awaited|13_0(ControllerActionInvoker invoker, Task lastTask, State next, Scope scope, Object state, Boolean isCompleted)
   at Microsoft.AspNetCore.Mvc.Infrastructure.ResourceInvoker.<InvokeFilterPipelineAsync>g__Awaited|20_0(ResourceInvoker invoker, Task lastTask, State next, Scope scope, Object state, Boolean isCompleted)
   at Microsoft.AspNetCore.Mvc.Infrastructure.ResourceInvoker.<InvokeAsync>g__Logged|17_1(ResourceInvoker invoker)
   at Microsoft.AspNetCore.Mvc.Infrastructure.ResourceInvoker.<InvokeAsync>g__Logged|17_1(ResourceInvoker invoker)
   at Microsoft.AspNetCore.Routing.EndpointMiddleware.<Invoke>g__AwaitRequestTask|6_0(Endpoint endpoint, Task requestTask, ILogger logger)
   at Microsoft.AspNetCore.Authorization.AuthorizationMiddleware.Invoke(HttpContext context)
   at Microsoft.AspNetCore.Authentication.AuthenticationMiddleware.Invoke(HttpContext context)
   at Swashbuckle.AspNetCore.SwaggerUI.SwaggerUIMiddleware.Invoke(HttpContext httpContext)
   at Swashbuckle.AspNetCore.Swagger.SwaggerMiddleware.Invoke(HttpContext httpContext, ISwaggerProvider swaggerProvider)
   at Microsoft.AspNetCore.Diagnostics.DeveloperExceptionPageMiddleware.Invoke(HttpContext context)
[2022-08-07 23:01:32.700 +07:00  INF]  Request finished HTTP/2 POST https://localhost:7019/api/bookers/phone/loginfake - 0 - 500 - text/plain;+charset=utf-8 176.7030ms
[2022-08-07 23:01:39.403 +07:00  INF]  Request starting HTTP/2 POST https://localhost:7019/api/bookers/phone/loginfake - 0
[2022-08-07 23:01:39.404 +07:00  INF]  CORS policy execution successful.
[2022-08-07 23:01:39.404 +07:00  INF]  Executing endpoint 'API.Controllers.Booker.BookersController.LoginFake (API)'
[2022-08-07 23:01:39.404 +07:00  INF]  Route matched with {action = "LoginFake", controller = "Bookers"}. Executing controller action with signature System.Threading.Tasks.Task`1[Microsoft.AspNetCore.Mvc.IActionResult] LoginFake() on controller API.Controllers.Booker.BookersController (API).
[2022-08-07 23:01:39.406 +07:00  INF]  Executed DbCommand (1ms) [Parameters=[@__role_0='?' (DbType = Int32)], CommandType='"Text"', CommandTimeout='30']
SELECT u.id, u.code, u.created_at, u.created_by, u.date_of_birth, u.deleted_at, u.gender, u.name, u.status, u.updated_at, u.updated_by
FROM users AS u
WHERE EXISTS (
    SELECT 1
    FROM accounts AS a
    WHERE (a.role_id = @__role_0) AND (a.user_id = u.id))
LIMIT 1
[2022-08-07 23:01:52.601 +07:00  INF]  Executed DbCommand (1ms) [Parameters=[@__role_0='?' (DbType = Int32)], CommandType='"Text"', CommandTimeout='30']
SELECT a.id, a.created_at, a.created_by, a.deleted_at, a.registration, a.registration_type, a.role_id, a.updated_at, a.updated_by, a.user_id, a.verified, r.id, r.created_at, r.created_by, r.deleted_at, r.description, r.name, r.updated_at, r.updated_by
FROM accounts AS a
LEFT JOIN roles AS r ON a.role_id = r.id
WHERE a.role_id = @__role_0
[2022-08-07 23:01:59.826 +07:00  INF]  Executing JsonResult, writing value of type 'API.Models.Response.Response'.
[2022-08-07 23:01:59.832 +07:00  INF]  Executed action API.Controllers.Booker.BookersController.LoginFake (API) in 20426.9274ms
[2022-08-07 23:01:59.832 +07:00  INF]  Executed endpoint 'API.Controllers.Booker.BookersController.LoginFake (API)'
[2022-08-07 23:01:59.834 +07:00  INF]  Request finished HTTP/2 POST https://localhost:7019/api/bookers/phone/loginfake - 0 - 200 - application/json;+charset=utf-8 20430.8742ms
[2022-08-07 23:13:47.689 +07:00  INF]  User profile is available. Using 'C:\Users\Win\AppData\Local\ASP.NET\DataProtection-Keys' as key repository and Windows DPAPI to encrypt keys at rest.
[2022-08-07 23:13:47.938 +07:00  INF]  Now listening on: https://localhost:7019
[2022-08-07 23:13:47.938 +07:00  INF]  Now listening on: http://localhost:5019
[2022-08-07 23:13:47.941 +07:00  INF]  Application started. Press Ctrl+C to shut down.
[2022-08-07 23:13:47.941 +07:00  INF]  Hosting environment: Development
[2022-08-07 23:13:47.941 +07:00  INF]  Content root path: G:\.NET Core\ViGoAPI\ViGoAPI\API\
[2022-08-07 23:13:48.764 +07:00  INF]  Request starting HTTP/2 GET https://localhost:7019/swagger/index.html - -
[2022-08-07 23:13:49.140 +07:00  INF]  Request starting HTTP/2 GET https://localhost:7019/_framework/aspnetcore-browser-refresh.js - -
[2022-08-07 23:13:49.141 +07:00  INF]  Request starting HTTP/2 GET https://localhost:7019/_vs/browserLink - -
[2022-08-07 23:13:49.149 +07:00  INF]  Request finished HTTP/2 GET https://localhost:7019/swagger/index.html - - - 200 - text/html;charset=utf-8 387.3224ms
[2022-08-07 23:13:49.149 +07:00  INF]  Request finished HTTP/2 GET https://localhost:7019/_framework/aspnetcore-browser-refresh.js - - - 200 11976 application/javascript;+charset=utf-8 9.1631ms
[2022-08-07 23:13:49.224 +07:00  INF]  Request finished HTTP/2 GET https://localhost:7019/_vs/browserLink - - - 200 - text/javascript;+charset=UTF-8 82.8818ms
[2022-08-07 23:13:49.315 +07:00  INF]  Request starting HTTP/2 GET https://localhost:7019/swagger/v1/swagger.json - -
[2022-08-07 23:13:49.470 +07:00  INF]  Request finished HTTP/2 GET https://localhost:7019/swagger/v1/swagger.json - - - 200 - application/json;charset=utf-8 154.4862ms
[2022-08-07 23:13:59.985 +07:00  INF]  Request starting HTTP/2 POST https://localhost:7019/api/bookers/phone/loginfake - 0
[2022-08-07 23:13:59.992 +07:00  INF]  CORS policy execution successful.
[2022-08-07 23:14:00.069 +07:00  INF]  Executing endpoint 'API.Controllers.Booker.BookersController.LoginFake (API)'
[2022-08-07 23:14:00.081 +07:00  INF]  Route matched with {action = "LoginFake", controller = "Bookers"}. Executing controller action with signature System.Threading.Tasks.Task`1[Microsoft.AspNetCore.Mvc.IActionResult] LoginFake() on controller API.Controllers.Booker.BookersController (API).
[2022-08-07 23:14:01.598 +07:00  INF]  Entity Framework Core 6.0.6 initialized 'AppDbContext' using provider 'Npgsql.EntityFrameworkCore.PostgreSQL:6.0.5+9d79af6e2586d5d28da253ac075706a5575a1743' with options: MaxPoolSize=1024 
[2022-08-07 23:14:02.746 +07:00  INF]  Executed DbCommand (107ms) [Parameters=[@__role_0='?' (DbType = Int32)], CommandType='"Text"', CommandTimeout='30']
SELECT u.id, u.code, u.created_at, u.created_by, u.date_of_birth, u.deleted_at, u.gender, u.name, u.status, u.updated_at, u.updated_by
FROM users AS u
WHERE EXISTS (
    SELECT 1
    FROM accounts AS a
    WHERE ((u.id = a.user_id) AND (a.role_id = @__role_0)) AND (a.user_id = u.id))
LIMIT 1
[2022-08-07 23:14:03.286 +07:00  INF]  Executed action API.Controllers.Booker.BookersController.LoginFake (API) in 3198.7355ms
[2022-08-07 23:14:03.288 +07:00  INF]  Executed endpoint 'API.Controllers.Booker.BookersController.LoginFake (API)'
[2022-08-07 23:14:03.292 +07:00  ERR]  An unhandled exception has occurred while executing the request.
AutoMapper.AutoMapperMappingException: Error mapping types.

Mapping types:
User -> UserViewModel
Domain.Entities.User -> API.Models.UserViewModel

Type Map configuration:
User -> UserViewModel
Domain.Entities.User -> API.Models.UserViewModel

Destination Member:
RoleName

 ---> System.ArgumentNullException: Value cannot be null. (Parameter 'source')
   at System.Linq.ThrowHelper.ThrowArgumentNullException(ExceptionArgument argument)
   at System.Linq.Enumerable.TryGetFirst[TSource](IEnumerable`1 source, Boolean& found)
   at System.Linq.Enumerable.First[TSource](IEnumerable`1 source)
   at API.Mapper.CustomResolver.RoleNameResolver.Resolve(User source, UserViewModel destination, String destMember, ResolutionContext context) in G:\.NET Core\ViGoAPI\ViGoAPI\API\Mapper\CustomResolver\UserViewModel\RoleNameResolver.cs:line 13
   at lambda_method153(Closure , Object , UserViewModel , ResolutionContext )
   --- End of inner exception stack trace ---
   at lambda_method153(Closure , Object , UserViewModel , ResolutionContext )
   at API.Services.AuthService.GetUserViewModelByRole(Roles role) in G:\.NET Core\ViGoAPI\ViGoAPI\API\Services\AuthService.cs:line 122
   at API.Controllers.Booker.BookersController.LoginFake() in G:\.NET Core\ViGoAPI\ViGoAPI\API\Controllers\Booker\BookersController.cs:line 348
   at Microsoft.AspNetCore.Mvc.Infrastructure.ActionMethodExecutor.TaskOfIActionResultExecutor.Execute(IActionResultTypeMapper mapper, ObjectMethodExecutor executor, Object controller, Object[] arguments)
   at Microsoft.AspNetCore.Mvc.Infrastructure.ControllerActionInvoker.<InvokeActionMethodAsync>g__Awaited|12_0(ControllerActionInvoker invoker, ValueTask`1 actionResultValueTask)
   at Microsoft.AspNetCore.Mvc.Infrastructure.ControllerActionInvoker.<InvokeNextActionFilterAsync>g__Awaited|10_0(ControllerActionInvoker invoker, Task lastTask, State next, Scope scope, Object state, Boolean isCompleted)
   at Microsoft.AspNetCore.Mvc.Infrastructure.ControllerActionInvoker.Rethrow(ActionExecutedContextSealed context)
   at Microsoft.AspNetCore.Mvc.Infrastructure.ControllerActionInvoker.Next(State& next, Scope& scope, Object& state, Boolean& isCompleted)
   at Microsoft.AspNetCore.Mvc.Infrastructure.ControllerActionInvoker.<InvokeInnerFilterAsync>g__Awaited|13_0(ControllerActionInvoker invoker, Task lastTask, State next, Scope scope, Object state, Boolean isCompleted)
   at Microsoft.AspNetCore.Mvc.Infrastructure.ResourceInvoker.<InvokeFilterPipelineAsync>g__Awaited|20_0(ResourceInvoker invoker, Task lastTask, State next, Scope scope, Object state, Boolean isCompleted)
   at Microsoft.AspNetCore.Mvc.Infrastructure.ResourceInvoker.<InvokeAsync>g__Logged|17_1(ResourceInvoker invoker)
   at Microsoft.AspNetCore.Mvc.Infrastructure.ResourceInvoker.<InvokeAsync>g__Logged|17_1(ResourceInvoker invoker)
   at Microsoft.AspNetCore.Routing.EndpointMiddleware.<Invoke>g__AwaitRequestTask|6_0(Endpoint endpoint, Task requestTask, ILogger logger)
   at Microsoft.AspNetCore.Authorization.AuthorizationMiddleware.Invoke(HttpContext context)
   at Microsoft.AspNetCore.Authentication.AuthenticationMiddleware.Invoke(HttpContext context)
   at Swashbuckle.AspNetCore.SwaggerUI.SwaggerUIMiddleware.Invoke(HttpContext httpContext)
   at Swashbuckle.AspNetCore.Swagger.SwaggerMiddleware.Invoke(HttpContext httpContext, ISwaggerProvider swaggerProvider)
   at Microsoft.AspNetCore.Diagnostics.DeveloperExceptionPageMiddleware.Invoke(HttpContext context)
[2022-08-07 23:14:03.370 +07:00  INF]  Request finished HTTP/2 POST https://localhost:7019/api/bookers/phone/loginfake - 0 - 500 - text/plain;+charset=utf-8 3384.9414ms
