[2022-07-30 21:43:33.667 +07:00  INF]  User profile is available. Using 'C:\Users\Win\AppData\Local\ASP.NET\DataProtection-Keys' as key repository and Windows DPAPI to encrypt keys at rest.
[2022-07-30 21:43:34.747 +07:00  INF]  Now listening on: https://localhost:7019
[2022-07-30 21:43:34.748 +07:00  INF]  Now listening on: http://localhost:5019
[2022-07-30 21:43:34.751 +07:00  INF]  Application started. Press Ctrl+C to shut down.
[2022-07-30 21:43:34.751 +07:00  INF]  Hosting environment: Development
[2022-07-30 21:43:34.751 +07:00  INF]  Content root path: G:\.NET Core\ViGoAPI\ViGoAPI\API\
[2022-07-30 21:43:36.871 +07:00  INF]  Request starting HTTP/2 GET https://localhost:7019/swagger - -
[2022-07-30 21:43:37.034 +07:00  INF]  Request finished HTTP/2 GET https://localhost:7019/swagger - - - 301 0 - 170.6139ms
[2022-07-30 21:43:37.037 +07:00  INF]  Request starting HTTP/2 GET https://localhost:7019/swagger/index.html - -
[2022-07-30 21:43:37.539 +07:00  INF]  Request finished HTTP/2 GET https://localhost:7019/swagger/index.html - - - 200 - text/html;charset=utf-8 502.0719ms
[2022-07-30 21:43:37.547 +07:00  INF]  Request starting HTTP/2 GET https://localhost:7019/swagger/swagger-ui-standalone-preset.js - -
[2022-07-30 21:43:37.547 +07:00  INF]  Request starting HTTP/2 GET https://localhost:7019/swagger/swagger-ui.css - -
[2022-07-30 21:43:37.547 +07:00  INF]  Request starting HTTP/2 GET https://localhost:7019/swagger/swagger-ui-bundle.js - -
[2022-07-30 21:43:37.611 +07:00  INF]  Sending file. Request path: '/swagger-ui.css'. Physical path: 'N/A'
[2022-07-30 21:43:37.612 +07:00  INF]  Request finished HTTP/2 GET https://localhost:7019/swagger/swagger-ui.css - - - 200 143632 text/css 64.6623ms
[2022-07-30 21:43:37.613 +07:00  INF]  Sending file. Request path: '/swagger-ui-standalone-preset.js'. Physical path: 'N/A'
[2022-07-30 21:43:37.613 +07:00  INF]  Sending file. Request path: '/swagger-ui-bundle.js'. Physical path: 'N/A'
[2022-07-30 21:43:37.614 +07:00  INF]  Request finished HTTP/2 GET https://localhost:7019/swagger/swagger-ui-bundle.js - - - 200 1092889 application/javascript 66.5491ms
[2022-07-30 21:43:37.614 +07:00  INF]  Request finished HTTP/2 GET https://localhost:7019/swagger/swagger-ui-standalone-preset.js - - - 200 337162 application/javascript 66.8921ms
[2022-07-30 21:43:37.621 +07:00  INF]  Request starting HTTP/2 GET https://localhost:7019/_framework/aspnetcore-browser-refresh.js - -
[2022-07-30 21:43:37.626 +07:00  INF]  Request finished HTTP/2 GET https://localhost:7019/_framework/aspnetcore-browser-refresh.js - - - 200 11976 application/javascript;+charset=utf-8 5.2595ms
[2022-07-30 21:43:37.628 +07:00  INF]  Request starting HTTP/2 GET https://localhost:7019/_vs/browserLink - -
[2022-07-30 21:43:37.733 +07:00  INF]  Request finished HTTP/2 GET https://localhost:7019/_vs/browserLink - - - 200 - text/javascript;+charset=UTF-8 105.5782ms
[2022-07-30 21:43:37.856 +07:00  INF]  Request starting HTTP/2 GET https://localhost:7019/swagger/v1/swagger.json - -
[2022-07-30 21:43:37.885 +07:00  INF]  Request starting HTTP/2 GET https://localhost:7019/swagger/favicon-32x32.png - -
[2022-07-30 21:43:37.885 +07:00  INF]  Sending file. Request path: '/favicon-32x32.png'. Physical path: 'N/A'
[2022-07-30 21:43:37.885 +07:00  INF]  Request finished HTTP/2 GET https://localhost:7019/swagger/favicon-32x32.png - - - 200 628 image/png 0.6290ms
[2022-07-30 21:43:38.042 +07:00  INF]  Request finished HTTP/2 GET https://localhost:7019/swagger/v1/swagger.json - - - 200 - application/json;charset=utf-8 186.0179ms
[2022-07-30 21:43:58.107 +07:00  INF]  Request starting HTTP/2 GET https://localhost:7019/api/bookers/gmail/send-email?email=datdt.dev.work%40gmail.com - -
[2022-07-30 21:43:59.108 +07:00  INF]  Executing endpoint 'API.Controllers.Booker.BookersController.SendEmail (API)'
[2022-07-30 21:43:59.153 +07:00  INF]  Route matched with {action = "SendEmail", controller = "Bookers"}. Executing controller action with signature System.Threading.Tasks.Task`1[Microsoft.AspNetCore.Mvc.IActionResult] SendEmail(System.String) on controller API.Controllers.Booker.BookersController (API).
[2022-07-30 21:44:01.941 +07:00  INF]  Entity Framework Core 6.0.6 initialized 'AppDbContext' using provider 'Npgsql.EntityFrameworkCore.PostgreSQL:6.0.5+9d79af6e2586d5d28da253ac075706a5575a1743' with options: MaxPoolSize=1024 
[2022-07-30 21:44:06.146 +07:00  INF]  Executing OkObjectResult, writing value of type 'System.String'.
[2022-07-30 21:44:06.159 +07:00  INF]  Executed action API.Controllers.Booker.BookersController.SendEmail (API) in 6996.25ms
[2022-07-30 21:44:06.162 +07:00  INF]  Executed endpoint 'API.Controllers.Booker.BookersController.SendEmail (API)'
[2022-07-30 21:44:06.179 +07:00  INF]  Request finished HTTP/2 GET https://localhost:7019/api/bookers/gmail/send-email?email=datdt.dev.work%40gmail.com - - - 200 - text/plain;+charset=utf-8 8072.2611ms
[2022-07-30 21:46:56.616 +07:00  INF]  User profile is available. Using 'C:\Users\Win\AppData\Local\ASP.NET\DataProtection-Keys' as key repository and Windows DPAPI to encrypt keys at rest.
[2022-07-30 21:46:56.858 +07:00  INF]  Now listening on: https://localhost:7019
[2022-07-30 21:46:56.858 +07:00  INF]  Now listening on: http://localhost:5019
[2022-07-30 21:46:56.861 +07:00  INF]  Application started. Press Ctrl+C to shut down.
[2022-07-30 21:46:56.862 +07:00  INF]  Hosting environment: Development
[2022-07-30 21:46:56.862 +07:00  INF]  Content root path: G:\.NET Core\ViGoAPI\ViGoAPI\API\
[2022-07-30 21:46:57.764 +07:00  INF]  Request starting HTTP/2 GET https://localhost:7019/swagger/index.html - -
[2022-07-30 21:46:58.141 +07:00  INF]  Request finished HTTP/2 GET https://localhost:7019/swagger/index.html - - - 200 - text/html;charset=utf-8 375.3647ms
[2022-07-30 21:46:58.149 +07:00  INF]  Request starting HTTP/2 GET https://localhost:7019/_framework/aspnetcore-browser-refresh.js - -
[2022-07-30 21:46:58.159 +07:00  INF]  Request starting HTTP/2 GET https://localhost:7019/_vs/browserLink - -
[2022-07-30 21:46:58.167 +07:00  INF]  Request finished HTTP/2 GET https://localhost:7019/_framework/aspnetcore-browser-refresh.js - - - 200 11976 application/javascript;+charset=utf-8 17.5672ms
[2022-07-30 21:46:58.201 +07:00  INF]  Request finished HTTP/2 GET https://localhost:7019/_vs/browserLink - - - 200 - text/javascript;+charset=UTF-8 42.2016ms
[2022-07-30 21:46:58.474 +07:00  INF]  Request starting HTTP/2 GET https://localhost:7019/swagger/v1/swagger.json - -
[2022-07-30 21:46:58.636 +07:00  INF]  Request finished HTTP/2 GET https://localhost:7019/swagger/v1/swagger.json - - - 200 - application/json;charset=utf-8 161.6885ms
[2022-07-30 21:47:15.286 +07:00  INF]  Request starting HTTP/2 GET https://localhost:7019/api/bookers/gmail/send-email?email=datdt.dev.work%40gmail.com - -
[2022-07-30 21:47:15.377 +07:00  INF]  Executing endpoint 'API.Controllers.Booker.BookersController.SendEmail (API)'
[2022-07-30 21:47:15.407 +07:00  INF]  Route matched with {action = "SendEmail", controller = "Bookers"}. Executing controller action with signature System.Threading.Tasks.Task`1[Microsoft.AspNetCore.Mvc.IActionResult] SendEmail(System.String) on controller API.Controllers.Booker.BookersController (API).
[2022-07-30 21:47:16.959 +07:00  INF]  Entity Framework Core 6.0.6 initialized 'AppDbContext' using provider 'Npgsql.EntityFrameworkCore.PostgreSQL:6.0.5+9d79af6e2586d5d28da253ac075706a5575a1743' with options: MaxPoolSize=1024 
[2022-07-30 21:47:19.828 +07:00  INF]  Executing OkObjectResult, writing value of type 'System.String'.
[2022-07-30 21:47:19.837 +07:00  INF]  Executed action API.Controllers.Booker.BookersController.SendEmail (API) in 4423.8003ms
[2022-07-30 21:47:19.839 +07:00  INF]  Executed endpoint 'API.Controllers.Booker.BookersController.SendEmail (API)'
[2022-07-30 21:47:19.856 +07:00  INF]  Request finished HTTP/2 GET https://localhost:7019/api/bookers/gmail/send-email?email=datdt.dev.work%40gmail.com - - - 200 - text/plain;+charset=utf-8 4570.1318ms
