[2022-07-27 22:28:48.331 +07:00  INF]  User profile is available. Using 'C:\Users\quach\AppData\Local\ASP.NET\DataProtection-Keys' as key repository and Windows DPAPI to encrypt keys at rest.
[2022-07-27 22:28:48.622 +07:00  INF]  Now listening on: https://localhost:7019
[2022-07-27 22:28:48.622 +07:00  INF]  Now listening on: http://localhost:5019
[2022-07-27 22:28:48.624 +07:00  INF]  Application started. Press Ctrl+C to shut down.
[2022-07-27 22:28:48.625 +07:00  INF]  Hosting environment: Development
[2022-07-27 22:28:48.625 +07:00  INF]  Content root path: D:\DotNet_Study\projects\MaaS\API\
[2022-07-27 22:28:49.228 +07:00  INF]  Request starting HTTP/2 GET https://localhost:7019/swagger/index.html - -
[2022-07-27 22:28:49.594 +07:00  INF]  Request starting HTTP/2 GET https://localhost:7019/_framework/aspnetcore-browser-refresh.js - -
[2022-07-27 22:28:49.603 +07:00  INF]  Request finished HTTP/2 GET https://localhost:7019/_framework/aspnetcore-browser-refresh.js - - - 200 11964 application/javascript;+charset=utf-8 7.1865ms
[2022-07-27 22:28:49.603 +07:00  INF]  Request finished HTTP/2 GET https://localhost:7019/swagger/index.html - - - 200 - text/html;charset=utf-8 378.6452ms
[2022-07-27 22:28:49.934 +07:00  INF]  Request starting HTTP/2 GET https://localhost:7019/swagger/v1/swagger.json - -
[2022-07-27 22:28:49.975 +07:00  INF]  Request starting HTTP/2 GET https://localhost:7019/swagger/favicon-32x32.png - -
[2022-07-27 22:28:49.999 +07:00  INF]  Sending file. Request path: '/favicon-32x32.png'. Physical path: 'N/A'
[2022-07-27 22:28:50.000 +07:00  INF]  Request finished HTTP/2 GET https://localhost:7019/swagger/favicon-32x32.png - - - 200 628 image/png 24.4397ms
[2022-07-27 22:28:50.151 +07:00  INF]  Request finished HTTP/2 GET https://localhost:7019/swagger/v1/swagger.json - - - 200 - application/json;charset=utf-8 217.0237ms
[2022-07-27 22:56:34.983 +07:00  INF]  User profile is available. Using 'C:\Users\quach\AppData\Local\ASP.NET\DataProtection-Keys' as key repository and Windows DPAPI to encrypt keys at rest.
[2022-07-27 22:56:35.398 +07:00  INF]  Now listening on: https://localhost:7019
[2022-07-27 22:56:35.399 +07:00  INF]  Now listening on: http://localhost:5019
[2022-07-27 22:56:35.435 +07:00  INF]  Application started. Press Ctrl+C to shut down.
[2022-07-27 22:56:35.435 +07:00  INF]  Hosting environment: Development
[2022-07-27 22:56:35.435 +07:00  INF]  Content root path: D:\DotNet_Study\projects\MaaS\API\
[2022-07-27 22:56:36.019 +07:00  INF]  Request starting HTTP/2 GET https://localhost:7019/swagger/index.html - -
[2022-07-27 22:56:36.364 +07:00  INF]  Request starting HTTP/2 GET https://localhost:7019/_framework/aspnetcore-browser-refresh.js - -
[2022-07-27 22:56:36.372 +07:00  INF]  Request finished HTTP/2 GET https://localhost:7019/_framework/aspnetcore-browser-refresh.js - - - 200 11964 application/javascript;+charset=utf-8 7.7128ms
[2022-07-27 22:56:36.372 +07:00  INF]  Request finished HTTP/2 GET https://localhost:7019/swagger/index.html - - - 200 - text/html;charset=utf-8 356.7863ms
[2022-07-27 22:56:36.498 +07:00  INF]  Request starting HTTP/2 GET https://localhost:7019/swagger/v1/swagger.json - -
[2022-07-27 22:56:36.662 +07:00  INF]  Request finished HTTP/2 GET https://localhost:7019/swagger/v1/swagger.json - - - 200 - application/json;charset=utf-8 164.7723ms
[2022-07-27 22:56:50.002 +07:00  INF]  Request starting HTTP/2 GET https://localhost:7019/api/bookers/phone/send-login-otp?PhoneNumber=%2B84837226239 - -
[2022-07-27 22:56:50.095 +07:00  INF]  Executing endpoint 'API.Controllers.Booker.BookersController.SendPhoneLoginOtp (API)'
[2022-07-27 22:56:50.121 +07:00  INF]  Route matched with {action = "SendPhoneLoginOtp", controller = "Bookers"}. Executing controller action with signature System.Threading.Tasks.Task`1[Microsoft.AspNetCore.Mvc.IActionResult] SendPhoneLoginOtp(API.Models.Requests.SendPhoneOtpRequest) on controller API.Controllers.Booker.BookersController (API).
[2022-07-27 22:56:51.568 +07:00  INF]  Entity Framework Core 6.0.6 initialized 'AppDbContext' using provider 'Npgsql.EntityFrameworkCore.PostgreSQL:6.0.5+9d79af6e2586d5d28da253ac075706a5575a1743' with options: MaxPoolSize=1024 
[2022-07-27 22:56:52.585 +07:00  INF]  Executed DbCommand (94ms) [Parameters=[@__roleName_2='?', @__registration_0='?', @__registrationType_1='?' (DbType = Int32)], CommandType='"Text"', CommandTimeout='30']
SELECT a.id, a.created_at, a.created_by, a.deleted_at, a.registration, a.registration_type, a.role_id, a.updated_at, a.updated_by, a.user_id, a.verified, u.id, u.code, u.created_at, u.created_by, u.date_of_birth, u.deleted_at, u.gender, u.name, u.status, u.updated_at, u.updated_by, r0.id, r0.created_at, r0.created_by, r0.deleted_at, r0.description, r0.name, r0.updated_at, r0.updated_by
FROM accounts AS a
INNER JOIN (
    SELECT r.id
    FROM roles AS r
    WHERE r.name = @__roleName_2
) AS t ON a.role_id = t.id
INNER JOIN users AS u ON a.user_id = u.id
LEFT JOIN roles AS r0 ON a.role_id = r0.id
WHERE (a.registration = @__registration_0) AND (a.registration_type = @__registrationType_1)
LIMIT 1
[2022-07-27 22:56:52.749 +07:00  INF]  Executed DbCommand (8ms) [Parameters=[@__registration_0='?', @__registrationType_1='?' (DbType = Int32), @__codeType_2='?' (DbType = Int32)], CommandType='"Text"', CommandTimeout='30']
SELECT v.id, v."AccountId", v.code, v.created_at, v.created_by, v.deleted_at, v.expired_time, v.registration, v.registration_type, v.status, v.type, v.updated_at, v.updated_by
FROM verified_codes AS v
WHERE ((v.registration = @__registration_0) AND (v.registration_type = @__registrationType_1)) AND (v.type = @__codeType_2)
ORDER BY v.created_at DESC
LIMIT 1
[2022-07-27 23:05:52.909 +07:00  INF]  User profile is available. Using 'C:\Users\quach\AppData\Local\ASP.NET\DataProtection-Keys' as key repository and Windows DPAPI to encrypt keys at rest.
[2022-07-27 23:05:53.267 +07:00  INF]  Now listening on: https://localhost:7019
[2022-07-27 23:05:53.267 +07:00  INF]  Now listening on: http://localhost:5019
[2022-07-27 23:05:53.270 +07:00  INF]  Application started. Press Ctrl+C to shut down.
[2022-07-27 23:05:53.270 +07:00  INF]  Hosting environment: Development
[2022-07-27 23:05:53.270 +07:00  INF]  Content root path: D:\DotNet_Study\projects\MaaS\API\
[2022-07-27 23:05:54.146 +07:00  INF]  Request starting HTTP/2 GET https://localhost:7019/swagger/index.html - -
[2022-07-27 23:05:54.488 +07:00  INF]  Request starting HTTP/2 GET https://localhost:7019/_framework/aspnetcore-browser-refresh.js - -
[2022-07-27 23:05:54.496 +07:00  INF]  Request finished HTTP/2 GET https://localhost:7019/swagger/index.html - - - 200 - text/html;charset=utf-8 352.9188ms
[2022-07-27 23:05:54.496 +07:00  INF]  Request finished HTTP/2 GET https://localhost:7019/_framework/aspnetcore-browser-refresh.js - - - 200 11964 application/javascript;+charset=utf-8 8.5042ms
[2022-07-27 23:05:54.627 +07:00  INF]  Request starting HTTP/2 GET https://localhost:7019/swagger/v1/swagger.json - -
[2022-07-27 23:05:54.787 +07:00  INF]  Request finished HTTP/2 GET https://localhost:7019/swagger/v1/swagger.json - - - 200 - application/json;charset=utf-8 159.9398ms
[2022-07-27 23:06:17.875 +07:00  INF]  Request starting HTTP/2 GET https://localhost:7019/api/bookers/phone/send-login-otp?PhoneNumber=%2B84837226239 - -
[2022-07-27 23:06:17.975 +07:00  INF]  Executing endpoint 'API.Controllers.Booker.BookersController.SendPhoneLoginOtp (API)'
[2022-07-27 23:06:18.003 +07:00  INF]  Route matched with {action = "SendPhoneLoginOtp", controller = "Bookers"}. Executing controller action with signature System.Threading.Tasks.Task`1[Microsoft.AspNetCore.Mvc.IActionResult] SendPhoneLoginOtp(API.Models.Requests.SendPhoneOtpRequest) on controller API.Controllers.Booker.BookersController (API).
[2022-07-27 23:06:19.480 +07:00  INF]  Entity Framework Core 6.0.6 initialized 'AppDbContext' using provider 'Npgsql.EntityFrameworkCore.PostgreSQL:6.0.5+9d79af6e2586d5d28da253ac075706a5575a1743' with options: MaxPoolSize=1024 
[2022-07-27 23:06:20.518 +07:00  INF]  Executed DbCommand (96ms) [Parameters=[@__roleName_2='?', @__registration_0='?', @__registrationType_1='?' (DbType = Int32)], CommandType='"Text"', CommandTimeout='30']
SELECT a.id, a.created_at, a.created_by, a.deleted_at, a.registration, a.registration_type, a.role_id, a.updated_at, a.updated_by, a.user_id, a.verified, u.id, u.code, u.created_at, u.created_by, u.date_of_birth, u.deleted_at, u.gender, u.name, u.status, u.updated_at, u.updated_by, r0.id, r0.created_at, r0.created_by, r0.deleted_at, r0.description, r0.name, r0.updated_at, r0.updated_by
FROM accounts AS a
INNER JOIN (
    SELECT r.id
    FROM roles AS r
    WHERE r.name = @__roleName_2
) AS t ON a.role_id = t.id
INNER JOIN users AS u ON a.user_id = u.id
LEFT JOIN roles AS r0 ON a.role_id = r0.id
WHERE (a.registration = @__registration_0) AND (a.registration_type = @__registrationType_1)
LIMIT 1
[2022-07-27 23:06:20.714 +07:00  INF]  Executed DbCommand (9ms) [Parameters=[@__registration_0='?', @__registrationType_1='?' (DbType = Int32), @__codeType_2='?' (DbType = Int32)], CommandType='"Text"', CommandTimeout='30']
SELECT v.id, v."AccountId", v.code, v.created_at, v.created_by, v.deleted_at, v.expired_time, v.registration, v.registration_type, v.status, v.type, v.updated_at, v.updated_by
FROM verified_codes AS v
WHERE ((v.registration = @__registration_0) AND (v.registration_type = @__registrationType_1)) AND (v.type = @__codeType_2)
ORDER BY v.created_at DESC
LIMIT 1
